#
# A fatal error has been detected by the Java Runtime Environment:
#
#  SIGSEGV (0xb) at pc=0x00007fff73e60929, pid=68565, tid=96515
#
# JRE version: OpenJDK Runtime Environment (15.0+36) (build 15+36-1562)
# Java VM: OpenJDK 64-Bit Server VM (15+36-1562, mixed mode, sharing, tiered, compressed oops, g1 gc, bsd-amd64)
# Problematic frame:
# C  [libsystem_platform.dylib+0x929]  _platform_memmove$VARIANT$Haswell+0x29
#
# No core dump will be written. Core dumps have been disabled. To enable core dumping, try "ulimit -c unlimited" before starting Java again
#
# If you would like to submit a bug report, please visit:
#   https://bugreport.java.com/bugreport/crash.jsp
#

---------------  S U M M A R Y ------------

Command Line: -javaagent:/Applications/IntelliJ IDEA.app/Contents/lib/idea_rt.jar=62460:/Applications/IntelliJ IDEA.app/Contents/bin -Dfile.encoding=UTF-8 uk.ac.soton.ecs.gg2g17.App

Host: MacBookPro14,1 x86_64 2300 MHz, 4 cores, 8G, Darwin 19.6.0
Time: Fri Nov  6 12:56:29 2020 GMT elapsed time: 2.580652 seconds (0d 0h 0m 2s)

---------------  T H R E A D  ---------------

Current thread (0x00007f9f2e9d3a00):  JavaThread "Thread-1" [_thread_in_vm, id=96515, stack(0x000070000d3b1000,0x000070000d4b1000)]

Stack: [0x000070000d3b1000,0x000070000d4b1000],  sp=0x000070000d4b06d0,  free space=1021k
Native frames: (J=compiled Java code, A=aot compiled Java code, j=interpreted, Vv=VM code, C=native code)
C  [libsystem_platform.dylib+0x929]  _platform_memmove$VARIANT$Haswell+0x29
V  [libjvm.dylib+0x51bf19]  jni_SetByteArrayRegion+0x159
C  [libbridj.dylib+0x9178]  Java_org_bridj_JNI_get_1byte_1array+0xa8
j  org.bridj.JNI.get_byte_array(JI)[B+0
j  org.bridj.Pointer.getBytesAtOffset(JI)[B+57
j  org.bridj.Pointer.getBytes(I)[B+3
j  org.openimaj.video.capture.VideoCapture.getNextFrame()Lorg/openimaj/image/MBFImage;+93
j  org.openimaj.video.capture.VideoCapture.getNextFrame()Lorg/openimaj/image/Image;+1
j  org.openimaj.video.VideoDisplay.run()V+223
j  java.lang.Thread.run()V+11 java.base@15
v  ~StubRoutines::call_stub
V  [libjvm.dylib+0x4acea2]  JavaCalls::call_helper(JavaValue*, methodHandle const&, JavaCallArguments*, Thread*)+0x2e2
V  [libjvm.dylib+0x4abd89]  JavaCalls::call_virtual(JavaValue*, Klass*, Symbol*, Symbol*, JavaCallArguments*, Thread*)+0x1e9
V  [libjvm.dylib+0x4abe53]  JavaCalls::call_virtual(JavaValue*, Handle, Klass*, Symbol*, Symbol*, Thread*)+0x63
V  [libjvm.dylib+0x5576d0]  thread_entry(JavaThread*, Thread*)+0xb0
V  [libjvm.dylib+0x999182]  JavaThread::thread_main_inner()+0xb2
V  [libjvm.dylib+0x996291]  Thread::call_run()+0x71
V  [libjvm.dylib+0x8283a7]  thread_native_entry(Thread*)+0x197
C  [libsystem_pthread.dylib+0x6109]  _pthread_start+0x94
C  [libsystem_pthread.dylib+0x1b8b]  thread_start+0xf

Java frames: (J=compiled Java code, j=interpreted, Vv=VM code)
j  org.bridj.JNI.get_byte_array(JI)[B+0
j  org.bridj.Pointer.getBytesAtOffset(JI)[B+57
j  org.bridj.Pointer.getBytes(I)[B+3
j  org.openimaj.video.capture.VideoCapture.getNextFrame()Lorg/openimaj/image/MBFImage;+93
j  org.openimaj.video.capture.VideoCapture.getNextFrame()Lorg/openimaj/image/Image;+1
j  org.openimaj.video.VideoDisplay.run()V+223
j  java.lang.Thread.run()V+11 java.base@15
v  ~StubRoutines::call_stub

siginfo: si_signo: 11 (SIGSEGV), si_code: 1 (SEGV_MAPERR), si_addr: 0x00007f9f2dffe000

Register to memory mapping:

RAX=0x0000000781100010 is pointing into object: [B 
{0x0000000781100000} - klass: {type array byte}
 - length: 720000
RBX=0x00000000000afc80 is an unknown value
RCX=0x000000000001ac80 is an unknown value
RDX=0x00000000000afc80 is an unknown value
RSP=0x000070000d4b06d0 is pointing into the stack for thread: 0x00007f9f2e9d3a00
RBP=0x000070000d4b06d0 is pointing into the stack for thread: 0x00007f9f2e9d3a00
RSI=0x00007f9f2dffe000 is an unknown value
RDI=0x0000000781195010 is pointing into object: [B 
{0x0000000781100000} - klass: {type array byte}
 - length: 720000
R8 =0x00007f9f2df69000 points into unknown readable memory: 0x6d71666c70686e72 | 72 6e 68 70 6c 66 71 6d
R9 =0xffffffff00000000 is an unknown value
R10=0x000000010c24e480: JNIHandleBlockFreeList_lock+0 in /Users/georgegarrington/Library/Java/JavaVirtualMachines/openjdk-15/Contents/Home/lib/server/libjvm.dylib at 0x000000010b600000
R11=0xffff806853197010 is an unknown value
R12=0x0000000781100000 is an oop: [B 
{0x0000000781100000} - klass: {type array byte}
 - length: 720000
R13=0x000000010c23c939: UseCompressedClassPointers+0 in /Users/georgegarrington/Library/Java/JavaVirtualMachines/openjdk-15/Contents/Home/lib/server/libjvm.dylib at 0x000000010b600000
R14=0x0 is NULL
R15=0x00007f9f2e9d3a00 is a thread


Registers:
RAX=0x0000000781100010, RBX=0x00000000000afc80, RCX=0x000000000001ac80, RDX=0x00000000000afc80
RSP=0x000070000d4b06d0, RBP=0x000070000d4b06d0, RSI=0x00007f9f2dffe000, RDI=0x0000000781195010
R8 =0x00007f9f2df69000, R9 =0xffffffff00000000, R10=0x000000010c24e480, R11=0xffff806853197010
R12=0x0000000781100000, R13=0x000000010c23c939, R14=0x0000000000000000, R15=0x00007f9f2e9d3a00
RIP=0x00007fff73e60929, EFLAGS=0x0000000000010202, ERR=0x0000000000000004
  TRAPNO=0x000000000000000e

Top of Stack: (sp=0x000070000d4b06d0)
0x000070000d4b06d0:   000070000d4b0750 000000010bb1bf19
0x000070000d4b06e0:   00007f9f2e9d3a00 00007f9f2e9d3a00
0x000070000d4b06f0:   0000000000000000 00000000000afc80
0x000070000d4b0700:   000070000d4b0750 00000000000afc80
0x000070000d4b0710:   0000000000000000 00007f9f2df69000
0x000070000d4b0720:   000afc80159e8a88 0000000000000000
0x000070000d4b0730:   00000000000afc80 00007f9f2f4c9400
0x000070000d4b0740:   00007f9f2e9d3d28 00007f9f2df69000
0x000070000d4b0750:   000070000d4b0790 0000000115deb178
0x000070000d4b0760:   0000000000000000 00000001159e8a88
0x000070000d4b0770:   0000000000000000 00000001159e8a80
0x000070000d4b0780:   000070000d4b0830 00007f9f2e9d3a00
0x000070000d4b0790:   000070000d4b0800 00000001161da3f0
0x000070000d4b07a0:   000070000d4b0800 00000001161da13e
0x000070000d4b07b0:   00000001161da0f6 000070000d4b07b8
0x000070000d4b07c0:   00000001159e8a80 000070000d4b0830
0x000070000d4b07d0:   00000001159eb8a0 0000000000000000
0x000070000d4b07e0:   0000000786f5d0f0 00000001159e8a88
0x000070000d4b07f0:   0000000000000000 000070000d4b0820
0x000070000d4b0800:   000070000d4b0880 00000001161d4c40
0x000070000d4b0810:   0000000786f5d0f0 00000001161d75db
0x000070000d4b0820:   00000000000afc80 00007f9f2df69000
0x000070000d4b0830:   0000000000000000 000070000d4b0838
0x000070000d4b0840:   0000000115a07e19 000070000d4b08b8
0x000070000d4b0850:   0000000115a475f0 0000000000000000
0x000070000d4b0860:   0000000786f098b0 0000000115a07e60
0x000070000d4b0870:   000070000d4b0820 000070000d4b08a0
0x000070000d4b0880:   000070000d4b0908 00000001161d4c40
0x000070000d4b0890:   00007f9f2df69000 0000000000000000
0x000070000d4b08a0:   00000000000afc80 0000000000000000
0x000070000d4b08b0:   0000000000000000 0000000787d00350
0x000070000d4b08c0:   000070000d4b08c0 0000000115a07c63 

Instructions: (pc=0x00007fff73e60929)
0x00007fff73e60829:   75 df 5d c3 66 0f ef d2 48 f7 c6 0f 00 00 00 74
0x00007fff73e60839:   76 49 89 f1 49 f7 d9 49 81 e1 f0 0f 00 00 74 3a
0x00007fff73e60849:   0f 1f 80 00 00 00 00 66 0f 6f 04 0f f3 0f 6f 0c
0x00007fff73e60859:   0e 66 0f 74 c1 66 0f 74 ca 66 0f df c8 66 0f d7
0x00007fff73e60869:   c1 48 83 c1 10 3d ff ff 00 00 75 60 4c 39 c9 75
0x00007fff73e60879:   d6 4c 01 cf 4c 01 ce 48 31 c9 48 0f b6 07 4c 0f
0x00007fff73e60889:   b6 06 48 ff c7 48 ff c6 4c 29 c0 75 95 4d 85 c0
0x00007fff73e60899:   74 90 48 f7 c7 0f 00 00 00 75 df 49 c7 c1 f0 0f
0x00007fff73e608a9:   00 00 eb a3 0f 1f 00 66 0f 6f 04 0f f3 0f 6f 0c
0x00007fff73e608b9:   0e 66 0f 74 c1 66 0f 74 ca 66 0f df c8 66 0f d7
0x00007fff73e608c9:   c1 48 83 c1 10 3d ff ff 00 00 74 db f7 d0 0f bc
0x00007fff73e608d9:   c0 48 01 c1 48 0f b6 44 0f f0 4c 0f b6 44 0e f0
0x00007fff73e608e9:   4c 29 c0 5d c3 90 90 90 90 90 90 90 90 90 90 90
0x00007fff73e608f9:   90 90 90 90 90 90 90 55 48 89 e5 49 89 fb 49 29
0x00007fff73e60909:   f3 48 89 f8 49 39 d3 72 1b 48 83 fa 60 76 2f 48
0x00007fff73e60919:   81 fa 00 40 00 00 0f 82 cb 00 00 00 48 89 d1 fc
0x00007fff73e60929:   f3 a4 5d c3 48 39 fe 74 f9 48 01 d6 48 01 d7 48
0x00007fff73e60939:   83 fa 60 0f 82 8c 01 00 00 e9 a9 01 00 00 48 83
0x00007fff73e60949:   fa 10 76 56 c5 f8 10 4c 16 f0 48 83 ea 20 76 2a
0x00007fff73e60959:   c5 fc 10 06 c5 fc 11 07 48 83 c6 20 48 83 c7 20
0x00007fff73e60969:   48 83 ea 20 72 14 c5 fc 10 06 c5 fc 11 07 48 83
0x00007fff73e60979:   c6 20 48 83 c7 20 48 83 ea 20 48 83 c2 10 7e 0c
0x00007fff73e60989:   c5 f8 10 06 c5 f8 11 07 c5 f8 57 c0 c5 f8 11 0c
0x00007fff73e60999:   17 c5 f0 57 c9 5d c5 f8 77 c3 48 83 ea 08 72 10
0x00007fff73e609a9:   48 8b 0e 4c 8b 04 16 48 89 0f 4c 89 04 17 5d c3
0x00007fff73e609b9:   48 83 c2 08 74 25 4d 31 c0 42 8a 0c 06 42 88 0c
0x00007fff73e609c9:   07 48 83 ea 01 74 14 42 8a 4c 06 01 42 88 4c 07
0x00007fff73e609d9:   01 49 83 c0 02 48 83 ea 01 75 de 5d c3 66 2e 0f
0x00007fff73e609e9:   1f 84 00 00 00 00 00 c5 fc 10 06 48 83 c7 20 48
0x00007fff73e609f9:   83 e7 e0 48 89 f9 48 29 c1 48 01 ce 48 29 ca c5
0x00007fff73e60a09:   fc 10 0e c5 fc 11 00 c5 fc 57 c0 c5 fc 10 56 20
0x00007fff73e60a19:   48 83 c6 40 48 81 ea 80 00 00 00 76 5a 48 f7 c6 


Stack slot to memory mapping:
stack at sp + 0 slots: 0x000070000d4b0750 is pointing into the stack for thread: 0x00007f9f2e9d3a00
stack at sp + 1 slots: 0x000000010bb1bf19: jni_SetByteArrayRegion+0x159 in /Users/georgegarrington/Library/Java/JavaVirtualMachines/openjdk-15/Contents/Home/lib/server/libjvm.dylib at 0x000000010b600000
stack at sp + 2 slots: 0x00007f9f2e9d3a00 is a thread
stack at sp + 3 slots: 0x00007f9f2e9d3a00 is a thread
stack at sp + 4 slots: 0x0 is NULL
stack at sp + 5 slots: 0x00000000000afc80 is an unknown value
stack at sp + 6 slots: 0x000070000d4b0750 is pointing into the stack for thread: 0x00007f9f2e9d3a00
stack at sp + 7 slots: 0x00000000000afc80 is an unknown value


---------------  P R O C E S S  ---------------

Threads class SMR info:
_java_thread_list=0x00007f9f2f3ac7e0, length=18, elements={
0x00007f9f2b097800, 0x00007f9f2b80bc00, 0x00007f9f2b823000, 0x00007f9f2c009800,
0x00007f9f2b823600, 0x00007f9f2b011e00, 0x00007f9f2b80d600, 0x00007f9f2c82f000,
0x00007f9f2c1dce00, 0x00007f9f2b011800, 0x00007f9f2b80ca00, 0x00007f9f2e419200,
0x00007f9f2e401e00, 0x00007f9f2f818200, 0x00007f9f2e4f9400, 0x00007f9f2e548000,
0x00007f9f2e9d3a00, 0x00007f9f2eac8e00
}

Java Threads: ( => current thread )
  0x00007f9f2b097800 JavaThread "Reference Handler" daemon [_thread_blocked, id=17667, stack(0x000070000b9d7000,0x000070000bad7000)]
  0x00007f9f2b80bc00 JavaThread "Finalizer" daemon [_thread_blocked, id=17411, stack(0x000070000bada000,0x000070000bbda000)]
  0x00007f9f2b823000 JavaThread "Signal Dispatcher" daemon [_thread_blocked, id=22787, stack(0x000070000bce3000,0x000070000bde3000)]
  0x00007f9f2c009800 JavaThread "Service Thread" daemon [_thread_blocked, id=42243, stack(0x000070000bde6000,0x000070000bee6000)]
  0x00007f9f2b823600 JavaThread "C2 CompilerThread0" daemon [_thread_blocked, id=41731, stack(0x000070000bee9000,0x000070000bfe9000)]
  0x00007f9f2b011e00 JavaThread "C1 CompilerThread0" daemon [_thread_blocked, id=24323, stack(0x000070000bfec000,0x000070000c0ec000)]
  0x00007f9f2b80d600 JavaThread "Sweeper thread" daemon [_thread_blocked, id=40963, stack(0x000070000c0ef000,0x000070000c1ef000)]
  0x00007f9f2c82f000 JavaThread "Common-Cleaner" daemon [_thread_blocked, id=40195, stack(0x000070000c1f2000,0x000070000c2f2000)]
  0x00007f9f2c1dce00 JavaThread "Monitor Ctrl-Break" daemon [_thread_in_native, id=38659, stack(0x000070000c5fe000,0x000070000c6fe000)]
  0x00007f9f2b011800 JavaThread "Notification Thread" daemon [_thread_blocked, id=37891, stack(0x000070000c701000,0x000070000c801000)]
  0x00007f9f2b80ca00 JavaThread "Attach Listener" daemon [_thread_blocked, id=27911, stack(0x000070000c907000,0x000070000ca07000)]
  0x00007f9f2e419200 JavaThread "AppKit Thread" daemon [_thread_in_native, id=775, stack(0x00007ffee4688000,0x00007ffee4e88000)]
  0x00007f9f2e401e00 JavaThread "AWT-Shutdown" [_thread_blocked, id=71939, stack(0x000070000ce1f000,0x000070000cf1f000)]
  0x00007f9f2f818200 JavaThread "Java2D Queue Flusher" daemon [_thread_blocked, id=125967, stack(0x000070000cfa5000,0x000070000d0a5000)]
  0x00007f9f2e4f9400 JavaThread "Java2D Disposer" daemon [_thread_blocked, id=92931, stack(0x000070000d0a8000,0x000070000d1a8000)]
  0x00007f9f2e548000 JavaThread "AWT-EventQueue-0" [_thread_blocked, id=93955, stack(0x000070000d1ab000,0x000070000d2ab000)]
=>0x00007f9f2e9d3a00 JavaThread "Thread-1" [_thread_in_vm, id=96515, stack(0x000070000d3b1000,0x000070000d4b1000)]
  0x00007f9f2eac8e00 JavaThread "DestroyJavaVM" [_thread_blocked, id=10243, stack(0x000070000b2c2000,0x000070000b3c2000)]

Other Threads:
  0x00007f9f2af077e0 VMThread "VM Thread" [stack: 0x000070000b8d4000,0x000070000b9d4000] [id=14083] _threads_hazard_ptr=0x00007f9f2f3ac7e0
  0x00007f9f2ac5c1f0 WatcherThread [stack: 0x000070000c804000,0x000070000c904000] [id=27395]
  0x00007f9f2ac13a10 GCTaskThread "GC Thread#0" [stack: 0x000070000b3c5000,0x000070000b4c5000] [id=19715]
  0x00007f9f2af32660 GCTaskThread "GC Thread#1" [stack: 0x000070000c2f5000,0x000070000c3f5000] [id=25859]
  0x00007f9f2af331f0 GCTaskThread "GC Thread#2" [stack: 0x000070000c3f8000,0x000070000c4f8000] [id=39683]
  0x00007f9f2f4aaa60 GCTaskThread "GC Thread#3" [stack: 0x000070000d2ae000,0x000070000d3ae000] [id=121859]
  0x00007f9f2ac14b90 ConcurrentGCThread "G1 Main Marker" [stack: 0x000070000b4c8000,0x000070000b5c8000] [id=19203]
  0x00007f9f2ac15dd0 ConcurrentGCThread "G1 Conc#0" [stack: 0x000070000b5cb000,0x000070000b6cb000] [id=18435]
  0x00007f9f2ac31830 ConcurrentGCThread "G1 Refine#0" [stack: 0x000070000b6ce000,0x000070000b7ce000] [id=13059]
  0x00007f9f2af346c0 ConcurrentGCThread "G1 Refine#1" [stack: 0x000070000c4fb000,0x000070000c5fb000] [id=26115]
  0x00007f9f2ac329f0 ConcurrentGCThread "G1 Young RemSet Sampling" [stack: 0x000070000b7d1000,0x000070000b8d1000] [id=13571]

Threads with active compile tasks:
C1 CompilerThread0     2594 1320       3       java.util.LinkedList::add (7 bytes)

VM state: not at safepoint (normal execution)

VM Mutex/Monitor currently owned by a thread:  ([mutex/lock_event])
[0x00007f9f2d009780] Compile_lock - owner thread: 0x00007f9f2e548000
[0x00007f9f2d009ab0] MethodCompileQueue_lock - owner thread: 0x00007f9f2b011e00

Heap address: 0x0000000780000000, size: 2048 MB, Compressed Oops mode: Zero based, Oop shift amount: 3
CDS archive(s) mapped at: [0x0000000800000000-0x0000000800b2a000-0x0000000800b2a000), size 11706368, SharedBaseAddress: 0x0000000800000000, ArchiveRelocationMode: 0.
Compressed class space mapped at: 0x0000000800b2c000-0x0000000840b2c000, size: 1073741824
Narrow klass base: 0x0000000800000000, Narrow klass shift: 3, Narrow klass range: 0x100000000

GC Precious Log:
 CPUs: 4 total, 4 available
 Memory: 8192M
 Large Page Support: Disabled
 NUMA Support: Disabled
 Compressed Oops: Enabled (Zero based)
 Heap Region Size: 1M
 Heap Min Capacity: 8M
 Heap Initial Capacity: 128M
 Heap Max Capacity: 2G
 Pre-touch: Disabled
 Parallel Workers: 4
 Concurrent Workers: 1
 Concurrent Refinement Workers: 4
 Periodic GC: Disabled

Heap:
 garbage-first heap   total 133120K, used 23840K [0x0000000780000000, 0x0000000800000000)
  region size 1024K, 5 young (5120K), 2 survivors (2048K)
 Metaspace       used 10281K, capacity 10486K, committed 10752K, reserved 1058816K
  class space    used 1146K, capacity 1209K, committed 1280K, reserved 1048576K

Heap Regions: E=young(eden), S=young(survivor), O=old, HS=humongous(starts), HC=humongous(continues), CS=collection set, F=free, OA=open archive, CA=closed archive, TAMS=top-at-mark-start (previous, next)
|   0|0x0000000780000000, 0x0000000780100000, 0x0000000780100000|100%|HS|  |TAMS 0x0000000780000000, 0x0000000780000000| Complete 
|   1|0x0000000780100000, 0x0000000780200000, 0x0000000780200000|100%| O|  |TAMS 0x0000000780100000, 0x0000000780100000| Untracked 
|   2|0x0000000780200000, 0x0000000780300000, 0x0000000780300000|100%| O|  |TAMS 0x0000000780200000, 0x0000000780200000| Untracked 
|   3|0x0000000780300000, 0x0000000780400000, 0x0000000780400000|100%| O|  |TAMS 0x0000000780300000, 0x0000000780300000| Untracked 
|   4|0x0000000780400000, 0x0000000780500000, 0x0000000780500000|100%| O|  |TAMS 0x0000000780400000, 0x0000000780400000| Untracked 
|   5|0x0000000780500000, 0x0000000780600000, 0x0000000780600000|100%| O|  |TAMS 0x0000000780500000, 0x0000000780500000| Untracked 
|   6|0x0000000780600000, 0x0000000780700000, 0x0000000780700000|100%| O|  |TAMS 0x0000000780600000, 0x0000000780600000| Untracked 
|   7|0x0000000780700000, 0x0000000780800000, 0x0000000780800000|100%| O|  |TAMS 0x0000000780700000, 0x0000000780700000| Untracked 
|   8|0x0000000780800000, 0x0000000780900000, 0x0000000780900000|100%| O|  |TAMS 0x0000000780800000, 0x0000000780800000| Untracked 
|   9|0x0000000780900000, 0x0000000780a00000, 0x0000000780a00000|100%| O|  |TAMS 0x0000000780900000, 0x0000000780900000| Untracked 
|  10|0x0000000780a00000, 0x0000000780b00000, 0x0000000780b00000|100%| O|  |TAMS 0x0000000780a00000, 0x0000000780a00000| Untracked 
|  11|0x0000000780b00000, 0x0000000780c00000, 0x0000000780c00000|100%| O|  |TAMS 0x0000000780b00000, 0x0000000780b00000| Untracked 
|  12|0x0000000780c00000, 0x0000000780d00000, 0x0000000780d00000|100%| O|  |TAMS 0x0000000780c00000, 0x0000000780c00000| Untracked 
|  13|0x0000000780d00000, 0x0000000780e00000, 0x0000000780e00000|100%| O|  |TAMS 0x0000000780d00000, 0x0000000780d00000| Untracked 
|  14|0x0000000780e00000, 0x0000000780f00000, 0x0000000780f00000|100%| O|  |TAMS 0x0000000780e00000, 0x0000000780e00000| Untracked 
|  15|0x0000000780f00000, 0x0000000780f7e200, 0x0000000781000000| 49%| O|  |TAMS 0x0000000780f00000, 0x0000000780f00000| Untracked 
|  16|0x0000000781000000, 0x0000000781100000, 0x0000000781100000|100%|HS|  |TAMS 0x0000000781000000, 0x0000000781000000| Complete 
|  17|0x0000000781100000, 0x0000000781200000, 0x0000000781200000|100%|HS|  |TAMS 0x0000000781100000, 0x0000000781100000| Complete 
|  18|0x0000000781200000, 0x0000000781300000, 0x0000000781300000|100%|HS|  |TAMS 0x0000000781200000, 0x0000000781200000| Complete 
|  19|0x0000000781300000, 0x0000000781300000, 0x0000000781400000|  0%| F|  |TAMS 0x0000000781300000, 0x0000000781300000| Untracked 
|  20|0x0000000781400000, 0x0000000781400000, 0x0000000781500000|  0%| F|  |TAMS 0x0000000781400000, 0x0000000781400000| Untracked 
|  21|0x0000000781500000, 0x0000000781500000, 0x0000000781600000|  0%| F|  |TAMS 0x0000000781500000, 0x0000000781500000| Untracked 
|  22|0x0000000781600000, 0x0000000781600000, 0x0000000781700000|  0%| F|  |TAMS 0x0000000781600000, 0x0000000781600000| Untracked 
|  23|0x0000000781700000, 0x0000000781700000, 0x0000000781800000|  0%| F|  |TAMS 0x0000000781700000, 0x0000000781700000| Untracked 
|  24|0x0000000781800000, 0x0000000781800000, 0x0000000781900000|  0%| F|  |TAMS 0x0000000781800000, 0x0000000781800000| Untracked 
|  25|0x0000000781900000, 0x0000000781900000, 0x0000000781a00000|  0%| F|  |TAMS 0x0000000781900000, 0x0000000781900000| Untracked 
|  26|0x0000000781a00000, 0x0000000781a00000, 0x0000000781b00000|  0%| F|  |TAMS 0x0000000781a00000, 0x0000000781a00000| Untracked 
|  27|0x0000000781b00000, 0x0000000781b00000, 0x0000000781c00000|  0%| F|  |TAMS 0x0000000781b00000, 0x0000000781b00000| Untracked 
|  28|0x0000000781c00000, 0x0000000781c00000, 0x0000000781d00000|  0%| F|  |TAMS 0x0000000781c00000, 0x0000000781c00000| Untracked 
|  29|0x0000000781d00000, 0x0000000781d00000, 0x0000000781e00000|  0%| F|  |TAMS 0x0000000781d00000, 0x0000000781d00000| Untracked 
|  30|0x0000000781e00000, 0x0000000781e00000, 0x0000000781f00000|  0%| F|  |TAMS 0x0000000781e00000, 0x0000000781e00000| Untracked 
|  31|0x0000000781f00000, 0x0000000781f00000, 0x0000000782000000|  0%| F|  |TAMS 0x0000000781f00000, 0x0000000781f00000| Untracked 
|  32|0x0000000782000000, 0x0000000782000000, 0x0000000782100000|  0%| F|  |TAMS 0x0000000782000000, 0x0000000782000000| Untracked 
|  33|0x0000000782100000, 0x0000000782100000, 0x0000000782200000|  0%| F|  |TAMS 0x0000000782100000, 0x0000000782100000| Untracked 
|  34|0x0000000782200000, 0x0000000782200000, 0x0000000782300000|  0%| F|  |TAMS 0x0000000782200000, 0x0000000782200000| Untracked 
|  35|0x0000000782300000, 0x0000000782300000, 0x0000000782400000|  0%| F|  |TAMS 0x0000000782300000, 0x0000000782300000| Untracked 
|  36|0x0000000782400000, 0x0000000782400000, 0x0000000782500000|  0%| F|  |TAMS 0x0000000782400000, 0x0000000782400000| Untracked 
|  37|0x0000000782500000, 0x0000000782500000, 0x0000000782600000|  0%| F|  |TAMS 0x0000000782500000, 0x0000000782500000| Untracked 
|  38|0x0000000782600000, 0x0000000782600000, 0x0000000782700000|  0%| F|  |TAMS 0x0000000782600000, 0x0000000782600000| Untracked 
|  39|0x0000000782700000, 0x0000000782700000, 0x0000000782800000|  0%| F|  |TAMS 0x0000000782700000, 0x0000000782700000| Untracked 
|  40|0x0000000782800000, 0x0000000782800000, 0x0000000782900000|  0%| F|  |TAMS 0x0000000782800000, 0x0000000782800000| Untracked 
|  41|0x0000000782900000, 0x0000000782900000, 0x0000000782a00000|  0%| F|  |TAMS 0x0000000782900000, 0x0000000782900000| Untracked 
|  42|0x0000000782a00000, 0x0000000782a00000, 0x0000000782b00000|  0%| F|  |TAMS 0x0000000782a00000, 0x0000000782a00000| Untracked 
|  43|0x0000000782b00000, 0x0000000782b00000, 0x0000000782c00000|  0%| F|  |TAMS 0x0000000782b00000, 0x0000000782b00000| Untracked 
|  44|0x0000000782c00000, 0x0000000782c00000, 0x0000000782d00000|  0%| F|  |TAMS 0x0000000782c00000, 0x0000000782c00000| Untracked 
|  45|0x0000000782d00000, 0x0000000782d00000, 0x0000000782e00000|  0%| F|  |TAMS 0x0000000782d00000, 0x0000000782d00000| Untracked 
|  46|0x0000000782e00000, 0x0000000782e00000, 0x0000000782f00000|  0%| F|  |TAMS 0x0000000782e00000, 0x0000000782e00000| Untracked 
|  47|0x0000000782f00000, 0x0000000782f00000, 0x0000000783000000|  0%| F|  |TAMS 0x0000000782f00000, 0x0000000782f00000| Untracked 
|  48|0x0000000783000000, 0x0000000783000000, 0x0000000783100000|  0%| F|  |TAMS 0x0000000783000000, 0x0000000783000000| Untracked 
|  49|0x0000000783100000, 0x0000000783100000, 0x0000000783200000|  0%| F|  |TAMS 0x0000000783100000, 0x0000000783100000| Untracked 
|  50|0x0000000783200000, 0x0000000783200000, 0x0000000783300000|  0%| F|  |TAMS 0x0000000783200000, 0x0000000783200000| Untracked 
|  51|0x0000000783300000, 0x0000000783300000, 0x0000000783400000|  0%| F|  |TAMS 0x0000000783300000, 0x0000000783300000| Untracked 
|  52|0x0000000783400000, 0x0000000783400000, 0x0000000783500000|  0%| F|  |TAMS 0x0000000783400000, 0x0000000783400000| Untracked 
|  53|0x0000000783500000, 0x0000000783500000, 0x0000000783600000|  0%| F|  |TAMS 0x0000000783500000, 0x0000000783500000| Untracked 
|  54|0x0000000783600000, 0x0000000783600000, 0x0000000783700000|  0%| F|  |TAMS 0x0000000783600000, 0x0000000783600000| Untracked 
|  55|0x0000000783700000, 0x0000000783700000, 0x0000000783800000|  0%| F|  |TAMS 0x0000000783700000, 0x0000000783700000| Untracked 
|  56|0x0000000783800000, 0x0000000783800000, 0x0000000783900000|  0%| F|  |TAMS 0x0000000783800000, 0x0000000783800000| Untracked 
|  57|0x0000000783900000, 0x0000000783900000, 0x0000000783a00000|  0%| F|  |TAMS 0x0000000783900000, 0x0000000783900000| Untracked 
|  58|0x0000000783a00000, 0x0000000783a00000, 0x0000000783b00000|  0%| F|  |TAMS 0x0000000783a00000, 0x0000000783a00000| Untracked 
|  59|0x0000000783b00000, 0x0000000783b00000, 0x0000000783c00000|  0%| F|  |TAMS 0x0000000783b00000, 0x0000000783b00000| Untracked 
|  60|0x0000000783c00000, 0x0000000783c00000, 0x0000000783d00000|  0%| F|  |TAMS 0x0000000783c00000, 0x0000000783c00000| Untracked 
|  61|0x0000000783d00000, 0x0000000783d00000, 0x0000000783e00000|  0%| F|  |TAMS 0x0000000783d00000, 0x0000000783d00000| Untracked 
|  62|0x0000000783e00000, 0x0000000783e00000, 0x0000000783f00000|  0%| F|  |TAMS 0x0000000783e00000, 0x0000000783e00000| Untracked 
|  63|0x0000000783f00000, 0x0000000783f00000, 0x0000000784000000|  0%| F|  |TAMS 0x0000000783f00000, 0x0000000783f00000| Untracked 
|  64|0x0000000784000000, 0x0000000784000000, 0x0000000784100000|  0%| F|  |TAMS 0x0000000784000000, 0x0000000784000000| Untracked 
|  65|0x0000000784100000, 0x0000000784100000, 0x0000000784200000|  0%| F|  |TAMS 0x0000000784100000, 0x0000000784100000| Untracked 
|  66|0x0000000784200000, 0x0000000784200000, 0x0000000784300000|  0%| F|  |TAMS 0x0000000784200000, 0x0000000784200000| Untracked 
|  67|0x0000000784300000, 0x0000000784300000, 0x0000000784400000|  0%| F|  |TAMS 0x0000000784300000, 0x0000000784300000| Untracked 
|  68|0x0000000784400000, 0x0000000784400000, 0x0000000784500000|  0%| F|  |TAMS 0x0000000784400000, 0x0000000784400000| Untracked 
|  69|0x0000000784500000, 0x0000000784500000, 0x0000000784600000|  0%| F|  |TAMS 0x0000000784500000, 0x0000000784500000| Untracked 
|  70|0x0000000784600000, 0x0000000784600000, 0x0000000784700000|  0%| F|  |TAMS 0x0000000784600000, 0x0000000784600000| Untracked 
|  71|0x0000000784700000, 0x0000000784700000, 0x0000000784800000|  0%| F|  |TAMS 0x0000000784700000, 0x0000000784700000| Untracked 
|  72|0x0000000784800000, 0x0000000784800000, 0x0000000784900000|  0%| F|  |TAMS 0x0000000784800000, 0x0000000784800000| Untracked 
|  73|0x0000000784900000, 0x0000000784900000, 0x0000000784a00000|  0%| F|  |TAMS 0x0000000784900000, 0x0000000784900000| Untracked 
|  74|0x0000000784a00000, 0x0000000784a00000, 0x0000000784b00000|  0%| F|  |TAMS 0x0000000784a00000, 0x0000000784a00000| Untracked 
|  75|0x0000000784b00000, 0x0000000784b00000, 0x0000000784c00000|  0%| F|  |TAMS 0x0000000784b00000, 0x0000000784b00000| Untracked 
|  76|0x0000000784c00000, 0x0000000784c00000, 0x0000000784d00000|  0%| F|  |TAMS 0x0000000784c00000, 0x0000000784c00000| Untracked 
|  77|0x0000000784d00000, 0x0000000784d00000, 0x0000000784e00000|  0%| F|  |TAMS 0x0000000784d00000, 0x0000000784d00000| Untracked 
|  78|0x0000000784e00000, 0x0000000784e00000, 0x0000000784f00000|  0%| F|  |TAMS 0x0000000784e00000, 0x0000000784e00000| Untracked 
|  79|0x0000000784f00000, 0x0000000784f00000, 0x0000000785000000|  0%| F|  |TAMS 0x0000000784f00000, 0x0000000784f00000| Untracked 
|  80|0x0000000785000000, 0x0000000785000000, 0x0000000785100000|  0%| F|  |TAMS 0x0000000785000000, 0x0000000785000000| Untracked 
|  81|0x0000000785100000, 0x0000000785100000, 0x0000000785200000|  0%| F|  |TAMS 0x0000000785100000, 0x0000000785100000| Untracked 
|  82|0x0000000785200000, 0x0000000785200000, 0x0000000785300000|  0%| F|  |TAMS 0x0000000785200000, 0x0000000785200000| Untracked 
|  83|0x0000000785300000, 0x0000000785300000, 0x0000000785400000|  0%| F|  |TAMS 0x0000000785300000, 0x0000000785300000| Untracked 
|  84|0x0000000785400000, 0x0000000785400000, 0x0000000785500000|  0%| F|  |TAMS 0x0000000785400000, 0x0000000785400000| Untracked 
|  85|0x0000000785500000, 0x0000000785500000, 0x0000000785600000|  0%| F|  |TAMS 0x0000000785500000, 0x0000000785500000| Untracked 
|  86|0x0000000785600000, 0x0000000785600000, 0x0000000785700000|  0%| F|  |TAMS 0x0000000785600000, 0x0000000785600000| Untracked 
|  87|0x0000000785700000, 0x0000000785700000, 0x0000000785800000|  0%| F|  |TAMS 0x0000000785700000, 0x0000000785700000| Untracked 
|  88|0x0000000785800000, 0x0000000785800000, 0x0000000785900000|  0%| F|  |TAMS 0x0000000785800000, 0x0000000785800000| Untracked 
|  89|0x0000000785900000, 0x0000000785900000, 0x0000000785a00000|  0%| F|  |TAMS 0x0000000785900000, 0x0000000785900000| Untracked 
|  90|0x0000000785a00000, 0x0000000785a00000, 0x0000000785b00000|  0%| F|  |TAMS 0x0000000785a00000, 0x0000000785a00000| Untracked 
|  91|0x0000000785b00000, 0x0000000785b00000, 0x0000000785c00000|  0%| F|  |TAMS 0x0000000785b00000, 0x0000000785b00000| Untracked 
|  92|0x0000000785c00000, 0x0000000785c00000, 0x0000000785d00000|  0%| F|  |TAMS 0x0000000785c00000, 0x0000000785c00000| Untracked 
|  93|0x0000000785d00000, 0x0000000785d00000, 0x0000000785e00000|  0%| F|  |TAMS 0x0000000785d00000, 0x0000000785d00000| Untracked 
|  94|0x0000000785e00000, 0x0000000785e00000, 0x0000000785f00000|  0%| F|  |TAMS 0x0000000785e00000, 0x0000000785e00000| Untracked 
|  95|0x0000000785f00000, 0x0000000785f00000, 0x0000000786000000|  0%| F|  |TAMS 0x0000000785f00000, 0x0000000785f00000| Untracked 
|  96|0x0000000786000000, 0x0000000786000000, 0x0000000786100000|  0%| F|  |TAMS 0x0000000786000000, 0x0000000786000000| Untracked 
|  97|0x0000000786100000, 0x0000000786100000, 0x0000000786200000|  0%| F|  |TAMS 0x0000000786100000, 0x0000000786100000| Untracked 
|  98|0x0000000786200000, 0x0000000786200000, 0x0000000786300000|  0%| F|  |TAMS 0x0000000786200000, 0x0000000786200000| Untracked 
|  99|0x0000000786300000, 0x0000000786300000, 0x0000000786400000|  0%| F|  |TAMS 0x0000000786300000, 0x0000000786300000| Untracked 
| 100|0x0000000786400000, 0x0000000786400000, 0x0000000786500000|  0%| F|  |TAMS 0x0000000786400000, 0x0000000786400000| Untracked 
| 101|0x0000000786500000, 0x0000000786500000, 0x0000000786600000|  0%| F|  |TAMS 0x0000000786500000, 0x0000000786500000| Untracked 
| 102|0x0000000786600000, 0x0000000786600000, 0x0000000786700000|  0%| F|  |TAMS 0x0000000786600000, 0x0000000786600000| Untracked 
| 103|0x0000000786700000, 0x0000000786700000, 0x0000000786800000|  0%| F|  |TAMS 0x0000000786700000, 0x0000000786700000| Untracked 
| 104|0x0000000786800000, 0x0000000786800000, 0x0000000786900000|  0%| F|  |TAMS 0x0000000786800000, 0x0000000786800000| Untracked 
| 105|0x0000000786900000, 0x0000000786900000, 0x0000000786a00000|  0%| F|  |TAMS 0x0000000786900000, 0x0000000786900000| Untracked 
| 106|0x0000000786a00000, 0x0000000786a00000, 0x0000000786b00000|  0%| F|  |TAMS 0x0000000786a00000, 0x0000000786a00000| Untracked 
| 107|0x0000000786b00000, 0x0000000786b00000, 0x0000000786c00000|  0%| F|  |TAMS 0x0000000786b00000, 0x0000000786b00000| Untracked 
| 108|0x0000000786c00000, 0x0000000786c00000, 0x0000000786d00000|  0%| F|  |TAMS 0x0000000786c00000, 0x0000000786c00000| Untracked 
| 109|0x0000000786d00000, 0x0000000786d00000, 0x0000000786e00000|  0%| F|  |TAMS 0x0000000786d00000, 0x0000000786d00000| Untracked 
| 110|0x0000000786e00000, 0x0000000786f00000, 0x0000000786f00000|100%| S|CS|TAMS 0x0000000786e00000, 0x0000000786e00000| Complete 
| 111|0x0000000786f00000, 0x0000000787000000, 0x0000000787000000|100%| S|CS|TAMS 0x0000000786f00000, 0x0000000786f00000| Complete 
| 112|0x0000000787000000, 0x0000000787000000, 0x0000000787100000|  0%| F|  |TAMS 0x0000000787000000, 0x0000000787000000| Untracked 
| 113|0x0000000787100000, 0x0000000787100000, 0x0000000787200000|  0%| F|  |TAMS 0x0000000787100000, 0x0000000787100000| Untracked 
| 114|0x0000000787200000, 0x0000000787200000, 0x0000000787300000|  0%| F|  |TAMS 0x0000000787200000, 0x0000000787200000| Untracked 
| 115|0x0000000787300000, 0x0000000787300000, 0x0000000787400000|  0%| F|  |TAMS 0x0000000787300000, 0x0000000787300000| Untracked 
| 116|0x0000000787400000, 0x0000000787400000, 0x0000000787500000|  0%| F|  |TAMS 0x0000000787400000, 0x0000000787400000| Untracked 
| 117|0x0000000787500000, 0x0000000787500000, 0x0000000787600000|  0%| F|  |TAMS 0x0000000787500000, 0x0000000787500000| Untracked 
| 118|0x0000000787600000, 0x0000000787600000, 0x0000000787700000|  0%| F|  |TAMS 0x0000000787600000, 0x0000000787600000| Untracked 
| 119|0x0000000787700000, 0x0000000787700000, 0x0000000787800000|  0%| F|  |TAMS 0x0000000787700000, 0x0000000787700000| Untracked 
| 120|0x0000000787800000, 0x0000000787800000, 0x0000000787900000|  0%| F|  |TAMS 0x0000000787800000, 0x0000000787800000| Untracked 
| 121|0x0000000787900000, 0x0000000787900000, 0x0000000787a00000|  0%| F|  |TAMS 0x0000000787900000, 0x0000000787900000| Untracked 
| 122|0x0000000787a00000, 0x0000000787a00000, 0x0000000787b00000|  0%| F|  |TAMS 0x0000000787a00000, 0x0000000787a00000| Untracked 
| 123|0x0000000787b00000, 0x0000000787b00000, 0x0000000787c00000|  0%| F|  |TAMS 0x0000000787b00000, 0x0000000787b00000| Untracked 
| 124|0x0000000787c00000, 0x0000000787c00000, 0x0000000787d00000|  0%| F|  |TAMS 0x0000000787c00000, 0x0000000787c00000| Untracked 
| 125|0x0000000787d00000, 0x0000000787ddb0b0, 0x0000000787e00000| 85%| E|  |TAMS 0x0000000787d00000, 0x0000000787d00000| Complete 
| 126|0x0000000787e00000, 0x0000000787f00000, 0x0000000787f00000|100%| E|CS|TAMS 0x0000000787e00000, 0x0000000787e00000| Complete 
| 127|0x0000000787f00000, 0x0000000788000000, 0x0000000788000000|100%| E|CS|TAMS 0x0000000787f00000, 0x0000000787f00000| Complete 
|1022|0x00000007bfe00000, 0x00000007bfe51000, 0x00000007bff00000| 31%|OA|  |TAMS 0x00000007bfe00000, 0x00000007bfe00000| Untracked 
|1023|0x00000007bff00000, 0x00000007bff79000, 0x00000007c0000000| 47%|CA|  |TAMS 0x00000007bff00000, 0x00000007bff00000| Untracked 

Card table byte_map: [0x0000000114d42000,0x0000000115142000] _byte_map_base: 0x0000000111142000

Marking Bits (Prev, Next): (CMBitMap*) 0x00007f9f2b02be10, (CMBitMap*) 0x00007f9f2b02be50
 Prev Bits: [0x00000001251cb000, 0x00000001271cb000)
 Next Bits: [0x00000001271cb000, 0x00000001291cb000)

Polling page: 0x000000010adb2000

Metaspace:

Usage:
  Non-class:      9.06 MB capacity,     8.92 MB ( 98%) used,   127.03 KB (  1%) free+waste,    14.69 KB ( <1%) overhead. 
      Class:      1.18 MB capacity,     1.12 MB ( 95%) used,    55.90 KB (  5%) free+waste,     6.44 KB ( <1%) overhead. 
       Both:     10.24 MB capacity,    10.04 MB ( 98%) used,   182.93 KB (  2%) free+waste,    21.12 KB ( <1%) overhead. 

Virtual space:
  Non-class space:       10.00 MB reserved,       9.25 MB ( 92%) committed 
      Class space:        1.00 GB reserved,       1.25 MB ( <1%) committed 
             Both:        1.01 GB reserved,      10.50 MB (  1%) committed 

Chunk freelists:
   Non-Class:  35.00 KB
       Class:  23.00 KB
        Both:  58.00 KB

MaxMetaspaceSize: 17179869184.00 GB
CompressedClassSpaceSize: 1.00 GB

CodeHeap 'non-profiled nmethods': size=120032Kb used=494Kb max_used=494Kb free=119537Kb
 bounds [0x000000011dc93000, 0x000000011df03000, 0x00000001251cb000]
CodeHeap 'profiled nmethods': size=120028Kb used=2273Kb max_used=2273Kb free=117754Kb
 bounds [0x000000011675c000, 0x00000001169cc000, 0x000000011dc93000]
CodeHeap 'non-nmethods': size=5700Kb used=1292Kb max_used=1292Kb free=4407Kb
 bounds [0x00000001161cb000, 0x000000011643b000, 0x000000011675c000]
 total_blobs=1909 nmethods=1318 adapters=505
 compilation: enabled
              stopped_count=0, restarted_count=0
 full_count=0

Compilation events (20 events):
Event: 2.544 Thread 0x00007f9f2b823600 1299       4       sun.java2d.loops.GraphicsPrimitiveMgr$1::compare (13 bytes)
Event: 2.546 Thread 0x00007f9f2b823600 nmethod 1299 0x000000011dd0c110 code [0x000000011dd0c280, 0x000000011dd0c398]
Event: 2.546 Thread 0x00007f9f2b011e00 1300       3       java.lang.invoke.MethodHandles$Lookup::isClassAccessible (36 bytes)
Event: 2.547 Thread 0x00007f9f2b011e00 nmethod 1300 0x0000000116990590 code [0x0000000116990760, 0x0000000116990b90]
Event: 2.548 Thread 0x00007f9f2b011e00 1302       3       jdk.internal.org.objectweb.asm.SymbolTable::addConstantFieldref (10 bytes)
Event: 2.548 Thread 0x00007f9f2b011e00 nmethod 1302 0x0000000116990d10 code [0x0000000116990ea0, 0x0000000116990fe0]
Event: 2.550 Thread 0x00007f9f2b011e00 1307       1       java.util.concurrent.locks.AbstractQueuedSynchronizer::getState (5 bytes)
Event: 2.550 Thread 0x00007f9f2b011e00 nmethod 1307 0x000000011dd0d410 code [0x000000011dd0d5a0, 0x000000011dd0d650]
Event: 2.552 Thread 0x00007f9f2b011e00 1308       1       sun.lwawt.LWComponentPeer::getStateLock (5 bytes)
Event: 2.552 Thread 0x00007f9f2b011e00 nmethod 1308 0x000000011dd0d710 code [0x000000011dd0d8a0, 0x000000011dd0d950]
Event: 2.566 Thread 0x00007f9f2b011e00 1309       1       java.util.concurrent.locks.AbstractOwnableSynchronizer::setExclusiveOwnerThread (6 bytes)
Event: 2.566 Thread 0x00007f9f2b011e00 nmethod 1309 0x000000011dd0da10 code [0x000000011dd0dba0, 0x000000011dd0dcb0]
Event: 2.568 Thread 0x00007f9f2b011e00 1310       1       java.awt.Color::getRGB (5 bytes)
Event: 2.568 Thread 0x00007f9f2b011e00 nmethod 1310 0x000000011dd0dd10 code [0x000000011dd0dea0, 0x000000011dd0df50]
Event: 2.577 Thread 0x00007f9f2b011e00 1311       3       sun.java2d.loops.GraphicsPrimitiveMgr$2::compare (39 bytes)
Event: 2.577 Thread 0x00007f9f2b011e00 nmethod 1311 0x0000000116991090 code [0x0000000116991240, 0x0000000116991630]
Event: 2.577 Thread 0x00007f9f2b011e00 1312       1       sun.java2d.loops.CompositeType::getSuperType (5 bytes)
Event: 2.578 Thread 0x00007f9f2b011e00 nmethod 1312 0x000000011dd0e010 code [0x000000011dd0e1a0, 0x000000011dd0e250]
Event: 2.578 Thread 0x00007f9f2b011e00 1313       3       java.util.Arrays::binarySearch0 (95 bytes)
Event: 2.578 Thread 0x00007f9f2b011e00 nmethod 1313 0x0000000116991790 code [0x0000000116991960, 0x0000000116991d50]

GC Heap History (6 events):
Event: 0.357 GC heap before
{Heap before GC invocations=0 (full 0):
 garbage-first heap   total 133120K, used 14120K [0x0000000780000000, 0x0000000800000000)
  region size 1024K, 13 young (13312K), 0 survivors (0K)
 Metaspace       used 749K, capacity 4483K, committed 4864K, reserved 1056768K
  class space    used 44K, capacity 385K, committed 512K, reserved 1048576K
}
Event: 0.362 GC heap after
{Heap after GC invocations=1 (full 0):
 garbage-first heap   total 133120K, used 11219K [0x0000000780000000, 0x0000000800000000)
  region size 1024K, 2 young (2048K), 2 survivors (2048K)
 Metaspace       used 749K, capacity 4483K, committed 4864K, reserved 1056768K
  class space    used 44K, capacity 385K, committed 512K, reserved 1048576K
}
Event: 0.612 GC heap before
{Heap before GC invocations=1 (full 0):
 garbage-first heap   total 133120K, used 18387K [0x0000000780000000, 0x0000000800000000)
  region size 1024K, 10 young (10240K), 2 survivors (2048K)
 Metaspace       used 2278K, capacity 4805K, committed 5120K, reserved 1056768K
  class space    used 185K, capacity 427K, committed 512K, reserved 1048576K
}
Event: 0.615 GC heap after
{Heap after GC invocations=2 (full 0):
 garbage-first heap   total 133120K, used 14143K [0x0000000780000000, 0x0000000800000000)
  region size 1024K, 2 young (2048K), 2 survivors (2048K)
 Metaspace       used 2278K, capacity 4805K, committed 5120K, reserved 1056768K
  class space    used 185K, capacity 427K, committed 512K, reserved 1048576K
}
Event: 2.434 GC heap before
{Heap before GC invocations=2 (full 0):
 garbage-first heap   total 133120K, used 28479K [0x0000000780000000, 0x0000000800000000)
  region size 1024K, 16 young (16384K), 2 survivors (2048K)
 Metaspace       used 9077K, capacity 9204K, committed 9344K, reserved 1056768K
  class space    used 994K, capacity 1059K, committed 1152K, reserved 1048576K
}
Event: 2.442 GC heap after
{Heap after GC invocations=3 (full 0):
 garbage-first heap   total 133120K, used 18720K [0x0000000780000000, 0x0000000800000000)
  region size 1024K, 2 young (2048K), 2 survivors (2048K)
 Metaspace       used 9077K, capacity 9204K, committed 9344K, reserved 1056768K
  class space    used 994K, capacity 1059K, committed 1152K, reserved 1048576K
}

Deoptimization events (20 events):
Event: 1.995 Thread 0x00007f9f2b80c400 Uncommon trap: trap_request=0xffffff45 fr.pc=0x000000011dcbec88 relative=0x00000000000005e8
Event: 1.995 Thread 0x00007f9f2b80c400 Uncommon trap: reason=unstable_if action=reinterpret pc=0x000000011dcbec88 method=java.lang.AbstractStringBuilder.append(Ljava/lang/String;)Ljava/lang/AbstractStringBuilder; @ 1 c2
Event: 1.995 Thread 0x00007f9f2b80c400 DEOPT PACKING pc=0x000000011dcbec88 sp=0x000070000b3c0a00
Event: 1.995 Thread 0x00007f9f2b80c400 DEOPT UNPACKING pc=0x0000000116219125 sp=0x000070000b3c09e8 mode 2
Event: 2.352 Thread 0x00007f9f2b80c400 Uncommon trap: trap_request=0xffffffc6 fr.pc=0x000000011dcf175c relative=0x000000000000057c
Event: 2.352 Thread 0x00007f9f2b80c400 Uncommon trap: reason=bimorphic_or_optimized_type_check action=maybe_recompile pc=0x000000011dcf175c method=java.util.HashMap.getNode(Ljava/lang/Object;)Ljava/util/HashMap$Node; @ 128 c2
Event: 2.352 Thread 0x00007f9f2b80c400 DEOPT PACKING pc=0x000000011dcf175c sp=0x000070000b3c16a0
Event: 2.352 Thread 0x00007f9f2b80c400 DEOPT UNPACKING pc=0x0000000116219125 sp=0x000070000b3c15d8 mode 2
Event: 2.417 Thread 0x00007f9f2b80c400 Uncommon trap: trap_request=0xffffff45 fr.pc=0x000000011dcf4134 relative=0x00000000000008b4
Event: 2.417 Thread 0x00007f9f2b80c400 Uncommon trap: reason=unstable_if action=reinterpret pc=0x000000011dcf4134 method=java.util.HashMap.hash(Ljava/lang/Object;)I @ 1 c2
Event: 2.417 Thread 0x00007f9f2b80c400 DEOPT PACKING pc=0x000000011dcf4134 sp=0x000070000b3c12e0
Event: 2.417 Thread 0x00007f9f2b80c400 DEOPT UNPACKING pc=0x0000000116219125 sp=0x000070000b3c1270 mode 2
Event: 2.420 Thread 0x00007f9f2b80c400 Uncommon trap: trap_request=0xffffff45 fr.pc=0x000000011dcf17f8 relative=0x0000000000000618
Event: 2.420 Thread 0x00007f9f2b80c400 Uncommon trap: reason=unstable_if action=reinterpret pc=0x000000011dcf17f8 method=java.util.HashMap.hash(Ljava/lang/Object;)I @ 1 c2
Event: 2.420 Thread 0x00007f9f2b80c400 DEOPT PACKING pc=0x000000011dcf17f8 sp=0x000070000b3c1280
Event: 2.420 Thread 0x00007f9f2b80c400 DEOPT UNPACKING pc=0x0000000116219125 sp=0x000070000b3c1148 mode 2
Event: 2.420 Thread 0x00007f9f2b80c400 Uncommon trap: trap_request=0xffffff45 fr.pc=0x000000011dce5ff4 relative=0x0000000000000614
Event: 2.420 Thread 0x00007f9f2b80c400 Uncommon trap: reason=unstable_if action=reinterpret pc=0x000000011dce5ff4 method=java.util.HashMap.hash(Ljava/lang/Object;)I @ 1 c2
Event: 2.420 Thread 0x00007f9f2b80c400 DEOPT PACKING pc=0x000000011dce5ff4 sp=0x000070000b3c1230
Event: 2.420 Thread 0x00007f9f2b80c400 DEOPT UNPACKING pc=0x0000000116219125 sp=0x000070000b3c1168 mode 2

Classes unloaded (0 events):
No events

Classes redefined (0 events):
No events

Internal exceptions (20 events):
Event: 2.023 Thread 0x00007f9f2b80c400 Exception <a 'java/io/FileNotFoundException'{0x00000007872b87e0}> (0x00000007872b87e0) 
thrown [./open/src/hotspot/share/prims/jni.cpp, line 578]
Event: 2.027 Thread 0x00007f9f2b80c400 Exception <a 'java/io/FileNotFoundException'{0x00000007872e71a0}> (0x00000007872e71a0) 
thrown [./open/src/hotspot/share/prims/jni.cpp, line 578]
Event: 2.041 Thread 0x00007f9f2b80c400 Exception <a 'java/lang/ClassNotFoundException'{0x0000000787117ba0}: sun/awt/resources/spi/awtosxProvider> (0x0000000787117ba0) 
thrown [./open/src/hotspot/share/classfile/systemDictionary.cpp, line 295]
Event: 2.372 Thread 0x00007f9f2b80c400 Exception <a 'java/lang/NoSuchMethodError'{0x00000007871cad70}: 'void java.lang.invoke.DirectMethodHandle$Holder.invokeStaticInit(java.lang.Object)'> (0x00000007871cad70) 
thrown [./open/src/hotspot/share/interpreter/linkResolver.cpp, line 782]
Event: 2.381 Thread 0x00007f9f2b80c400 Exception <a 'java/lang/NoSuchMethodError'{0x00000007871f4ea8}: 'java.lang.Object java.lang.invoke.DirectMethodHandle$Holder.invokeStatic(java.lang.Object, int, java.lang.Object, java.lang.Object, java.lang.Object, java.lang.Object)'> (0x00000007871f4ea8) 
thrown [./open/src/hotspot/share/interpreter/linkResolver.cpp, line 782]
Event: 2.385 Thread 0x00007f9f2b80c400 Exception <a 'java/lang/NoSuchMethodError'{0x000000078701b950}: 'java.lang.Object java.lang.invoke.DirectMethodHandle$Holder.invokeStatic(java.lang.Object, int, java.lang.Object)'> (0x000000078701b950) 
thrown [./open/src/hotspot/share/interpreter/linkResolver.cpp, line 782]
Event: 2.389 Thread 0x00007f9f2b80c400 Exception <a 'java/lang/ClassNotFoundException'{0x000000078704ce38}: com/apple/laf/resources/spi/aquaProvider> (0x000000078704ce38) 
thrown [./open/src/hotspot/share/classfile/systemDictionary.cpp, line 295]
Event: 2.412 Thread 0x00007f9f2b80c400 Exception <a 'java/lang/ClassNotFoundException'{0x00000007870bc100}: com/sun/swing/internal/plaf/basic/resources/spi/basicProvider> (0x00000007870bc100) 
thrown [./open/src/hotspot/share/classfile/systemDictionary.cpp, line 295]
Event: 2.417 Thread 0x00007f9f2b80c400 Implicit null exception at 0x000000011dcf38c0 to 0x000000011dcf411c
Event: 2.420 Thread 0x00007f9f2b80c400 Implicit null exception at 0x000000011dcf122f to 0x000000011dcf17d8
Event: 2.420 Thread 0x00007f9f2b80c400 Implicit null exception at 0x000000011dce5a2f to 0x000000011dce5fd4
Event: 2.453 Thread 0x00007f9f2b80c400 Exception <a 'java/lang/NoSuchMethodError'{0x0000000787f10d48}: 'java.lang.Object java.lang.invoke.DirectMethodHandle$Holder.newInvokeSpecial(java.lang.Object, java.lang.Object, java.lang.Object, int, java.lang.Object)'> (0x0000000787f10d48) 
thrown [./open/src/hotspot/share/interpreter/linkResolver.cpp, line 782]
Event: 2.478 Thread 0x00007f9f2b80c400 Exception <a 'java/lang/NoSuchMethodError'{0x0000000787f1cb10}: 'void java.lang.invoke.DirectMethodHandle$Holder.invokeStatic(java.lang.Object, int, long)'> (0x0000000787f1cb10) 
thrown [./open/src/hotspot/share/interpreter/linkResolver.cpp, line 782]
Event: 2.482 Thread 0x00007f9f2b80c400 Exception <a 'java/lang/NoSuchMethodError'{0x0000000787f35a38}: 'java.lang.Object java.lang.invoke.Invokers$Holder.linkToTargetMethod(int, int, int, int, java.lang.Object)'> (0x0000000787f35a38) 
thrown [./open/src/hotspot/share/interpreter/linkResolver.cpp, line 782]
Event: 2.483 Thread 0x00007f9f2b80c400 Exception <a 'java/lang/NoSuchMethodError'{0x0000000787f396d0}: 'void java.lang.invoke.DirectMethodHandle$Holder.invokeStatic(java.lang.Object, java.lang.Object, long)'> (0x0000000787f396d0) 
thrown [./open/src/hotspot/share/interpreter/linkResolver.cpp, line 782]
Event: 2.492 Thread 0x00007f9f2e419200 Exception <a 'java/lang/NoSuchMethodError'{0x0000000787ea2750}: 'void java.lang.invoke.DirectMethodHandle$Holder.invokeSpecial(java.lang.Object, java.lang.Object, long)'> (0x0000000787ea2750) 
thrown [./open/src/hotspot/share/interpreter/linkResolver.cpp, line 782]
Event: 2.543 Thread 0x00007f9f2e548000 Exception <a 'java/lang/NoSuchMethodError'{0x0000000787e012d0}: 'void java.lang.invoke.DirectMethodHandle$Holder.invokeStatic(java.lang.Object, long)'> (0x0000000787e012d0) 
thrown [./open/src/hotspot/share/interpreter/linkResolver.cpp, line 782]
Event: 2.548 Thread 0x00007f9f2b80c400 Exception <a 'java/lang/NoSuchMethodError'{0x0000000787f4fef0}: 'void java.lang.invoke.DirectMethodHandle$Holder.invokeStatic(java.lang.Object, long, long)'> (0x0000000787f4fef0) 
thrown [./open/src/hotspot/share/interpreter/linkResolver.cpp, line 782]
Event: 2.548 Thread 0x00007f9f2b80c400 Exception <a 'java/lang/NoSuchMethodError'{0x0000000787f557a8}: 'java.lang.Object java.lang.invoke.DirectMethodHandle$Holder.newInvokeSpecial(java.lang.Object, long)'> (0x0000000787f557a8) 
thrown [./open/src/hotspot/share/interpreter/linkResolver.cpp, line 782]
Event: 2.550 Thread 0x00007f9f2b80c400 Exception <a 'java/lang/NoSuchMethodError'{0x0000000787f5fd08}: 'java.lang.Object java.lang.invoke.DirectMethodHandle$Holder.newInvokeSpecial(java.lang.Object, java.lang.Object, int)'> (0x0000000787f5fd08) 
thrown [./open/src/hotspot/share/interpreter/linkResolver.cpp, line 782]

Events (20 events):
Event: 2.574 Protecting memory [0x000070000b2c2000,0x000070000b2c6000] with protection modes 0
Event: 2.574 Thread 0x00007f9f2eac8e00 Thread added: 0x00007f9f2eac8e00
Event: 2.574 loading class sun/awt/image/BufImgSurfaceManager
Event: 2.574 loading class sun/awt/image/BufImgSurfaceManager done
Event: 2.574 loading class sun/awt/image/BufImgSurfaceData
Event: 2.576 loading class sun/awt/image/BufImgSurfaceData done
Event: 2.576 loading class sun/awt/image/BufImgSurfaceData$ICMColorData
Event: 2.576 loading class sun/awt/image/BufImgSurfaceData$ICMColorData done
Event: 2.576 loading class sun/java2d/loops/RenderLoops
Event: 2.576 loading class sun/java2d/loops/RenderLoops done
Event: 2.577 loading class sun/awt/image/BufferedImageDevice
Event: 2.577 loading class sun/awt/image/BufferedImageDevice done
Event: 2.578 loading class java/awt/image/MultiResolutionImage
Event: 2.578 loading class java/awt/image/MultiResolutionImage done
Event: 2.578 loading class sun/awt/image/ToolkitImage
Event: 2.578 loading class sun/awt/image/ToolkitImage done
Event: 2.578 loading class sun/java2d/opengl/OGLSurfaceDataProxy
Event: 2.578 loading class sun/java2d/opengl/OGLSurfaceDataProxy done
Event: 2.578 loading class sun/java2d/StateTrackableDelegate$1
Event: 2.578 loading class sun/java2d/StateTrackableDelegate$1 done


Dynamic libraries:
0x00007fff7318b000 	/usr/lib/libz.1.dylib
0x000000010ad80000 	/Users/georgegarrington/Library/Java/JavaVirtualMachines/openjdk-15/Contents/Home/lib/libjli.dylib
0x00007fff38e70000 	/System/Library/Frameworks/Cocoa.framework/Versions/A/Cocoa
0x00007fff46667000 	/System/Library/Frameworks/Security.framework/Versions/A/Security
0x00007fff37dd5000 	/System/Library/Frameworks/ApplicationServices.framework/Versions/A/ApplicationServices
0x00007fff70c4f000 	/usr/lib/libSystem.B.dylib
0x00007fff73a4c000 	/usr/lib/system/libcache.dylib
0x00007fff73a52000 	/usr/lib/system/libcommonCrypto.dylib
0x00007fff73a5e000 	/usr/lib/system/libcompiler_rt.dylib
0x00007fff73a66000 	/usr/lib/system/libcopyfile.dylib
0x00007fff73a70000 	/usr/lib/system/libcorecrypto.dylib
0x00007fff73c0f000 	/usr/lib/system/libdispatch.dylib
0x00007fff73c50000 	/usr/lib/system/libdyld.dylib
0x00007fff73c87000 	/usr/lib/system/libkeymgr.dylib
0x00007fff73c95000 	/usr/lib/system/liblaunch.dylib
0x00007fff73c96000 	/usr/lib/system/libmacho.dylib
0x00007fff73c9c000 	/usr/lib/system/libquarantine.dylib
0x00007fff73c9f000 	/usr/lib/system/libremovefile.dylib
0x00007fff73ca1000 	/usr/lib/system/libsystem_asl.dylib
0x00007fff73cb9000 	/usr/lib/system/libsystem_blocks.dylib
0x00007fff73cba000 	/usr/lib/system/libsystem_c.dylib
0x00007fff73d42000 	/usr/lib/system/libsystem_configuration.dylib
0x00007fff73d46000 	/usr/lib/system/libsystem_coreservices.dylib
0x00007fff73d4a000 	/usr/lib/system/libsystem_darwin.dylib
0x00007fff73d53000 	/usr/lib/system/libsystem_dnssd.dylib
0x00007fff73d5b000 	/usr/lib/system/libsystem_featureflags.dylib
0x00007fff73d5d000 	/usr/lib/system/libsystem_info.dylib
0x00007fff73dd8000 	/usr/lib/system/libsystem_m.dylib
0x00007fff73e20000 	/usr/lib/system/libsystem_malloc.dylib
0x00007fff73e48000 	/usr/lib/system/libsystem_networkextension.dylib
0x00007fff73e56000 	/usr/lib/system/libsystem_notify.dylib
0x00007fff73e74000 	/usr/lib/system/libsystem_sandbox.dylib
0x00007fff73e79000 	/usr/lib/system/libsystem_secinit.dylib
0x00007fff73dab000 	/usr/lib/system/libsystem_kernel.dylib
0x00007fff73e60000 	/usr/lib/system/libsystem_platform.dylib
0x00007fff73e69000 	/usr/lib/system/libsystem_pthread.dylib
0x00007fff73e7c000 	/usr/lib/system/libsystem_symptoms.dylib
0x00007fff73e84000 	/usr/lib/system/libsystem_trace.dylib
0x00007fff73e9c000 	/usr/lib/system/libunwind.dylib
0x00007fff73ea2000 	/usr/lib/system/libxpc.dylib
0x00007fff72aaf000 	/usr/lib/libobjc.A.dylib
0x00007fff70f88000 	/usr/lib/libc++abi.dylib
0x00007fff70f35000 	/usr/lib/libc++.1.dylib
0x00007fff39d12000 	/System/Library/Frameworks/CoreFoundation.framework/Versions/A/CoreFoundation
0x00007fff3c3cf000 	/System/Library/Frameworks/Foundation.framework/Versions/C/Foundation
0x00007fff36fc5000 	/System/Library/Frameworks/AppKit.framework/Versions/C/AppKit
0x00007fff397f4000 	/System/Library/Frameworks/CoreData.framework/Versions/A/CoreData
0x00007fff6ac64000 	/System/Library/PrivateFrameworks/UIFoundation.framework/Versions/A/UIFoundation
0x00007fff65cf8000 	/System/Library/PrivateFrameworks/RemoteViewServices.framework/Versions/A/RemoteViewServices
0x00007fff6d7bf000 	/System/Library/PrivateFrameworks/XCTTargetBootstrap.framework/Versions/A/XCTTargetBootstrap
0x00007fff39bdf000 	/System/Library/Frameworks/CoreDisplay.framework/Versions/A/CoreDisplay
0x00007fff3f28a000 	/System/Library/Frameworks/Metal.framework/Versions/A/Metal
0x00007fff53cfb000 	/System/Library/PrivateFrameworks/DesktopServicesPriv.framework/Versions/A/DesktopServicesPriv
0x00007fff71d8a000 	/usr/lib/liblangid.dylib
0x00007fff52f90000 	/System/Library/PrivateFrameworks/CoreSVG.framework/Versions/A/CoreSVG
0x00007fff68e54000 	/System/Library/PrivateFrameworks/SkyLight.framework/Versions/A/SkyLight
0x00007fff3a193000 	/System/Library/Frameworks/CoreGraphics.framework/Versions/A/CoreGraphics
0x00007fff35999000 	/System/Library/Frameworks/Accelerate.framework/Versions/A/Accelerate
0x00007fff7307c000 	/usr/lib/libxml2.2.dylib
0x00007fff5ec83000 	/System/Library/PrivateFrameworks/IconServices.framework/Versions/A/IconServices
0x00007fff3cbae000 	/System/Library/Frameworks/IOSurface.framework/Versions/A/IOSurface
0x00007fff70779000 	/usr/lib/libDiagnosticMessagesClient.dylib
0x00007fff53b55000 	/System/Library/PrivateFrameworks/DFRFoundation.framework/Versions/A/DFRFoundation
0x00007fff71b19000 	/usr/lib/libicucore.A.dylib
0x00007fff38107000 	/System/Library/Frameworks/AudioToolbox.framework/Versions/A/AudioToolbox
0x00007fff381ea000 	/System/Library/Frameworks/AudioUnit.framework/Versions/A/AudioUnit
0x00007fff70e51000 	/usr/lib/libauto.dylib
0x00007fff53bf7000 	/System/Library/PrivateFrameworks/DataDetectorsCore.framework/Versions/A/DataDetectorsCore
0x00007fff38991000 	/System/Library/Frameworks/Carbon.framework/Versions/A/Frameworks/HIToolbox.framework/Versions/A/HIToolbox
0x00007fff45863000 	/System/Library/Frameworks/QuartzCore.framework/Versions/A/QuartzCore
0x00007fff38cd0000 	/System/Library/Frameworks/Carbon.framework/Versions/A/Frameworks/SpeechRecognition.framework/Versions/A/SpeechRecognition
0x00007fff53669000 	/System/Library/PrivateFrameworks/CoreUI.framework/Versions/A/CoreUI
0x00007fff3925f000 	/System/Library/Frameworks/CoreAudio.framework/Versions/A/CoreAudio
0x00007fff3c08e000 	/System/Library/Frameworks/DiskArbitration.framework/Versions/A/DiskArbitration
0x00007fff60cd3000 	/System/Library/PrivateFrameworks/MultitouchSupport.framework/Versions/A/MultitouchSupport
0x00007fff719e0000 	/usr/lib/libenergytrace.dylib
0x00007fff3cb08000 	/System/Library/Frameworks/IOKit.framework/Versions/A/IOKit
0x00007fff3b0fa000 	/System/Library/Frameworks/CoreServices.framework/Versions/A/CoreServices
0x00007fff62e8b000 	/System/Library/PrivateFrameworks/PerformanceAnalysis.framework/Versions/A/PerformanceAnalysis
0x00007fff44896000 	/System/Library/Frameworks/OpenGL.framework/Versions/A/OpenGL
0x00007fff38e7e000 	/System/Library/Frameworks/ColorSync.framework/Versions/A/ColorSync
0x00007fff3a816000 	/System/Library/Frameworks/CoreImage.framework/Versions/A/CoreImage
0x00007fff3bb6d000 	/System/Library/Frameworks/CoreText.framework/Versions/A/CoreText
0x00007fff3cc3e000 	/System/Library/Frameworks/ImageIO.framework/Versions/A/ImageIO
0x00007fff70fb1000 	/usr/lib/libcompression.dylib
0x00007fff70abd000 	/usr/lib/libMobileGestalt.dylib
0x00007fff6a9ce000 	/System/Library/PrivateFrameworks/TextureIO.framework/Versions/A/TextureIO
0x00007fff70db4000 	/usr/lib/libate.dylib
0x00007fff5ee8c000 	/System/Library/PrivateFrameworks/InternationalSupport.framework/Versions/A/InternationalSupport
0x00007fff71d8c000 	/usr/lib/liblzma.5.dylib
0x00007fff71a07000 	/usr/lib/libfakelink.dylib
0x00007fff70d41000 	/usr/lib/libarchive.2.dylib
0x00007fff47718000 	/System/Library/Frameworks/SystemConfiguration.framework/Versions/A/SystemConfiguration
0x00007fff706ac000 	/usr/lib/libCRFSuite.dylib
0x00007fff38581000 	/System/Library/Frameworks/CFNetwork.framework/Versions/A/CFNetwork
0x00007fff70f17000 	/usr/lib/libbsm.0.dylib
0x00007fff73c88000 	/usr/lib/system/libkxld.dylib
0x00007fff4d4d2000 	/System/Library/PrivateFrameworks/AppleFSCompression.framework/Versions/A/AppleFSCompression
0x00007fff712a2000 	/usr/lib/libcoretls.dylib
0x00007fff712b9000 	/usr/lib/libcoretls_cfhelpers.dylib
0x00007fff72af5000 	/usr/lib/libpam.2.dylib
0x00007fff72c2a000 	/usr/lib/libsqlite3.dylib
0x00007fff73069000 	/usr/lib/libxar.1.dylib
0x00007fff70f28000 	/usr/lib/libbz2.1.0.dylib
0x00007fff71a28000 	/usr/lib/libiconv.2.dylib
0x00007fff70f9e000 	/usr/lib/libcharset.1.dylib
0x00007fff72592000 	/usr/lib/libnetwork.dylib
0x00007fff72afc000 	/usr/lib/libpcap.A.dylib
0x00007fff70cf6000 	/usr/lib/libapple_nghttp2.dylib
0x00007fff3b4b1000 	/System/Library/Frameworks/CoreServices.framework/Versions/A/Frameworks/FSEvents.framework/Versions/A/FSEvents
0x00007fff3b181000 	/System/Library/Frameworks/CoreServices.framework/Versions/A/Frameworks/CarbonCore.framework/Versions/A/CarbonCore
0x00007fff3b6f5000 	/System/Library/Frameworks/CoreServices.framework/Versions/A/Frameworks/Metadata.framework/Versions/A/Metadata
0x00007fff3b78e000 	/System/Library/Frameworks/CoreServices.framework/Versions/A/Frameworks/OSServices.framework/Versions/A/OSServices
0x00007fff3b7bc000 	/System/Library/Frameworks/CoreServices.framework/Versions/A/Frameworks/SearchKit.framework/Versions/A/SearchKit
0x00007fff3b0fb000 	/System/Library/Frameworks/CoreServices.framework/Versions/A/Frameworks/AE.framework/Versions/A/AE
0x00007fff3b4ba000 	/System/Library/Frameworks/CoreServices.framework/Versions/A/Frameworks/LaunchServices.framework/Versions/A/LaunchServices
0x00007fff3b463000 	/System/Library/Frameworks/CoreServices.framework/Versions/A/Frameworks/DictionaryServices.framework/Versions/A/DictionaryServices
0x00007fff3b824000 	/System/Library/Frameworks/CoreServices.framework/Versions/A/Frameworks/SharedFileList.framework/Versions/A/SharedFileList
0x00007fff406b5000 	/System/Library/Frameworks/NetFS.framework/Versions/A/NetFS
0x00007fff61203000 	/System/Library/PrivateFrameworks/NetAuth.framework/Versions/A/NetAuth
0x00007fff6db8c000 	/System/Library/PrivateFrameworks/login.framework/Versions/A/Frameworks/loginsupport.framework/Versions/A/loginsupport
0x00007fff6a499000 	/System/Library/PrivateFrameworks/TCC.framework/Versions/A/TCC
0x00007fff52103000 	/System/Library/PrivateFrameworks/CoreNLP.framework/Versions/A/CoreNLP
0x00007fff60700000 	/System/Library/PrivateFrameworks/MetadataUtilities.framework/Versions/A/MetadataUtilities
0x00007fff71e64000 	/usr/lib/libmecabra.dylib
0x00007fff71dbc000 	/usr/lib/libmecab.dylib
0x00007fff71a18000 	/usr/lib/libgermantok.dylib
0x00007fff70cdd000 	/usr/lib/libThaiTokenizer.dylib
0x00007fff706e3000 	/usr/lib/libChineseTokenizer.dylib
0x00007fff359b1000 	/System/Library/Frameworks/Accelerate.framework/Versions/A/Frameworks/vImage.framework/Versions/A/vImage
0x00007fff36e1b000 	/System/Library/Frameworks/Accelerate.framework/Versions/A/Frameworks/vecLib.framework/Versions/A/vecLib
0x00007fff36d58000 	/System/Library/Frameworks/Accelerate.framework/Versions/A/Frameworks/vecLib.framework/Versions/A/libvMisc.dylib
0x00007fff36b80000 	/System/Library/Frameworks/Accelerate.framework/Versions/A/Frameworks/vecLib.framework/Versions/A/libvDSP.dylib
0x00007fff36008000 	/System/Library/Frameworks/Accelerate.framework/Versions/A/Frameworks/vecLib.framework/Versions/A/libBLAS.dylib
0x00007fff36744000 	/System/Library/Frameworks/Accelerate.framework/Versions/A/Frameworks/vecLib.framework/Versions/A/libLAPACK.dylib
0x00007fff36ae0000 	/System/Library/Frameworks/Accelerate.framework/Versions/A/Frameworks/vecLib.framework/Versions/A/libLinearAlgebra.dylib
0x00007fff36b6d000 	/System/Library/Frameworks/Accelerate.framework/Versions/A/Frameworks/vecLib.framework/Versions/A/libSparseBLAS.dylib
0x00007fff36af6000 	/System/Library/Frameworks/Accelerate.framework/Versions/A/Frameworks/vecLib.framework/Versions/A/libQuadrature.dylib
0x00007fff36270000 	/System/Library/Frameworks/Accelerate.framework/Versions/A/Frameworks/vecLib.framework/Versions/A/libBNNS.dylib
0x00007fff36afc000 	/System/Library/Frameworks/Accelerate.framework/Versions/A/Frameworks/vecLib.framework/Versions/A/libSparse.dylib
0x00007fff5f274000 	/System/Library/PrivateFrameworks/LanguageModeling.framework/Versions/A/LanguageModeling
0x00007fff51ab3000 	/System/Library/PrivateFrameworks/CoreEmoji.framework/Versions/A/CoreEmoji
0x00007fff5f392000 	/System/Library/PrivateFrameworks/LinguisticData.framework/Versions/A/LinguisticData
0x00007fff5f343000 	/System/Library/PrivateFrameworks/Lexicon.framework/Versions/A/Lexicon
0x00007fff70f9f000 	/usr/lib/libcmph.dylib
0x00007fff432a4000 	/System/Library/Frameworks/OpenDirectory.framework/Versions/A/Frameworks/CFOpenDirectory.framework/Versions/A/CFOpenDirectory
0x00007fff432c1000 	/System/Library/Frameworks/OpenDirectory.framework/Versions/A/OpenDirectory
0x00007fff4b702000 	/System/Library/PrivateFrameworks/APFS.framework/Versions/A/APFS
0x00007fff469b1000 	/System/Library/Frameworks/SecurityFoundation.framework/Versions/A/SecurityFoundation
0x00007fff73065000 	/usr/lib/libutil.dylib
0x00007fff52fe8000 	/System/Library/PrivateFrameworks/CoreServicesStore.framework/Versions/A/CoreServicesStore
0x00007fff46a68000 	/System/Library/Frameworks/ServiceManagement.framework/Versions/A/ServiceManagement
0x00007fff4eca2000 	/System/Library/PrivateFrameworks/BackgroundTaskManagement.framework/Versions/A/BackgroundTaskManagement
0x00007fff73162000 	/usr/lib/libxslt.1.dylib
0x00007fff4db45000 	/System/Library/PrivateFrameworks/AppleSystemInfo.framework/Versions/A/AppleSystemInfo
0x00007fff3ce59000 	/System/Library/Frameworks/ImageIO.framework/Versions/A/Resources/libJPEG.dylib
0x00007fff3d118000 	/System/Library/Frameworks/ImageIO.framework/Versions/A/Resources/libTIFF.dylib
0x00007fff3d0fb000 	/System/Library/Frameworks/ImageIO.framework/Versions/A/Resources/libPng.dylib
0x00007fff3cd9b000 	/System/Library/Frameworks/ImageIO.framework/Versions/A/Resources/libGIF.dylib
0x00007fff3cd9f000 	/System/Library/Frameworks/ImageIO.framework/Versions/A/Resources/libJP2.dylib
0x00007fff3d116000 	/System/Library/Frameworks/ImageIO.framework/Versions/A/Resources/libRadiance.dylib
0x00007fff719e1000 	/usr/lib/libexpat.1.dylib
0x00007fff4d62d000 	/System/Library/PrivateFrameworks/AppleJPEG.framework/Versions/A/AppleJPEG
0x00007fff562e8000 	/System/Library/PrivateFrameworks/FontServices.framework/libFontParser.dylib
0x00007fff6cb8e000 	/System/Library/PrivateFrameworks/WatchdogClient.framework/Versions/A/WatchdogClient
0x00007fff5e8cf000 	/System/Library/PrivateFrameworks/IOAccelerator.framework/Versions/A/IOAccelerator
0x00007fff3f625000 	/System/Library/Frameworks/MetalPerformanceShaders.framework/Versions/A/MetalPerformanceShaders
0x00007fff5b065000 	/System/Library/PrivateFrameworks/GPUWrangler.framework/Versions/A/GPUWrangler
0x00007fff5e8e4000 	/System/Library/PrivateFrameworks/IOPresentment.framework/Versions/A/IOPresentment
0x00007fff53b68000 	/System/Library/PrivateFrameworks/DSExternalDisplay.framework/Versions/A/DSExternalDisplay
0x00007fff43c35000 	/System/Library/Frameworks/OpenGL.framework/Versions/A/Libraries/libCoreFSCache.dylib
0x00007fff3f371000 	/System/Library/Frameworks/MetalPerformanceShaders.framework/Frameworks/MPSCore.framework/Versions/A/MPSCore
0x00007fff3f3af000 	/System/Library/Frameworks/MetalPerformanceShaders.framework/Frameworks/MPSImage.framework/Versions/A/MPSImage
0x00007fff3f476000 	/System/Library/Frameworks/MetalPerformanceShaders.framework/Frameworks/MPSNeuralNetwork.framework/Versions/A/MPSNeuralNetwork
0x00007fff3f43a000 	/System/Library/Frameworks/MetalPerformanceShaders.framework/Frameworks/MPSMatrix.framework/Versions/A/MPSMatrix
0x00007fff3f5d5000 	/System/Library/Frameworks/MetalPerformanceShaders.framework/Frameworks/MPSRayIntersector.framework/Versions/A/MPSRayIntersector
0x00007fff3f460000 	/System/Library/Frameworks/MetalPerformanceShaders.framework/Frameworks/MPSNDArray.framework/Versions/A/MPSNDArray
0x00007fff6074d000 	/System/Library/PrivateFrameworks/MetalTools.framework/Versions/A/MetalTools
0x00007fff4c8dc000 	/System/Library/PrivateFrameworks/AggregateDictionary.framework/Versions/A/AggregateDictionary
0x00007fff514fb000 	/System/Library/PrivateFrameworks/CoreAnalytics.framework/Versions/A/CoreAnalytics
0x00007fff4da64000 	/System/Library/PrivateFrameworks/AppleSauce.framework/Versions/A/AppleSauce
0x00007fff7099f000 	/usr/lib/libIOReport.dylib
0x00007fff3bd25000 	/System/Library/Frameworks/CoreVideo.framework/Versions/A/CoreVideo
0x00007fff5c4de000 	/System/Library/PrivateFrameworks/GraphVisualizer.framework/Versions/A/GraphVisualizer
0x00007fff5582e000 	/System/Library/PrivateFrameworks/FaceCore.framework/Versions/A/FaceCore
0x00007fff4324b000 	/System/Library/Frameworks/OpenCL.framework/Versions/A/OpenCL
0x00007fff707c1000 	/usr/lib/libFosl_dynamic.dylib
0x00007fff61c23000 	/System/Library/PrivateFrameworks/OTSVG.framework/Versions/A/OTSVG
0x00007fff37eda000 	/System/Library/Frameworks/ApplicationServices.framework/Versions/A/Frameworks/ATS.framework/Versions/A/Resources/libFontRegistry.dylib
0x00007fff564b9000 	/System/Library/PrivateFrameworks/FontServices.framework/libhvf.dylib
0x00007fff43c40000 	/System/Library/Frameworks/OpenGL.framework/Versions/A/Libraries/libGFXShared.dylib
0x00007fff43e1e000 	/System/Library/Frameworks/OpenGL.framework/Versions/A/Libraries/libGLU.dylib
0x00007fff43c49000 	/System/Library/Frameworks/OpenGL.framework/Versions/A/Libraries/libGL.dylib
0x00007fff43c54000 	/System/Library/Frameworks/OpenGL.framework/Versions/A/Libraries/libGLImage.dylib
0x00007fff43c32000 	/System/Library/Frameworks/OpenGL.framework/Versions/A/Libraries/libCVMSPluginSupport.dylib
0x00007fff43c3b000 	/System/Library/Frameworks/OpenGL.framework/Versions/A/Libraries/libCoreVMClient.dylib
0x00007fff72433000 	/usr/lib/libncurses.5.4.dylib
0x00007fff37dd6000 	/System/Library/Frameworks/ApplicationServices.framework/Versions/A/Frameworks/ATS.framework/Versions/A/ATS
0x00007fff37fa3000 	/System/Library/Frameworks/ApplicationServices.framework/Versions/A/Frameworks/ColorSyncLegacy.framework/Versions/A/ColorSyncLegacy
0x00007fff38041000 	/System/Library/Frameworks/ApplicationServices.framework/Versions/A/Frameworks/HIServices.framework/Versions/A/HIServices
0x00007fff38099000 	/System/Library/Frameworks/ApplicationServices.framework/Versions/A/Frameworks/LangAnalysis.framework/Versions/A/LangAnalysis
0x00007fff380a8000 	/System/Library/Frameworks/ApplicationServices.framework/Versions/A/Frameworks/PrintCore.framework/Versions/A/PrintCore
0x00007fff380ee000 	/System/Library/Frameworks/ApplicationServices.framework/Versions/A/Frameworks/QD.framework/Versions/A/QD
0x00007fff380f9000 	/System/Library/Frameworks/ApplicationServices.framework/Versions/A/Frameworks/SpeechSynthesis.framework/Versions/A/SpeechSynthesis
0x00007fff37f73000 	/System/Library/Frameworks/ApplicationServices.framework/Versions/A/Frameworks/ATSUI.framework/Versions/A/ATSUI
0x00007fff71877000 	/usr/lib/libcups.2.dylib
0x00007fff3e6c0000 	/System/Library/Frameworks/Kerberos.framework/Versions/A/Kerberos
0x00007fff3c801000 	/System/Library/Frameworks/GSS.framework/Versions/A/GSS
0x00007fff72bb6000 	/usr/lib/libresolv.9.dylib
0x00007fff5c68b000 	/System/Library/PrivateFrameworks/Heimdal.framework/Versions/A/Heimdal
0x00007fff3e6d3000 	/System/Library/Frameworks/Kerberos.framework/Versions/A/Libraries/libHeimdalProxy.dylib
0x00007fff71a1e000 	/usr/lib/libheimdal-asn1.dylib
0x00007fff50993000 	/System/Library/PrivateFrameworks/CommonAuth.framework/Versions/A/CommonAuth
0x00007fff4dbe2000 	/System/Library/PrivateFrameworks/AssertionServices.framework/Versions/A/AssertionServices
0x00007fff4e785000 	/System/Library/PrivateFrameworks/AudioToolboxCore.framework/Versions/A/AudioToolboxCore
0x00007fff6d83c000 	/System/Library/PrivateFrameworks/caulk.framework/Versions/A/caulk
0x00007fff4ed4e000 	/System/Library/PrivateFrameworks/BaseBoard.framework/Versions/A/BaseBoard
0x00007fff65e86000 	/System/Library/PrivateFrameworks/RunningBoardServices.framework/Versions/A/RunningBoardServices
0x00007fff62e97000 	/System/Library/PrivateFrameworks/PersistentConnection.framework/Versions/A/PersistentConnection
0x00007fff6587f000 	/System/Library/PrivateFrameworks/ProtocolBuffer.framework/Versions/A/ProtocolBuffer
0x00007fff509b7000 	/System/Library/PrivateFrameworks/CommonUtilities.framework/Versions/A/CommonUtilities
0x00007fff4eedc000 	/System/Library/PrivateFrameworks/Bom.framework/Versions/A/Bom
0x00007fff70672000 	/usr/lib/libAudioToolboxUtility.dylib
0x00007fff4ecac000 	/System/Library/PrivateFrameworks/Backup.framework/Versions/A/Backup
0x00007fff53a89000 	/System/Library/PrivateFrameworks/CrashReporterSupport.framework/Versions/A/CrashReporterSupport
0x00007fff67918000 	/System/Library/PrivateFrameworks/Sharing.framework/Versions/A/Sharing
0x00007fff4d1f0000 	/System/Library/PrivateFrameworks/Apple80211.framework/Versions/A/Apple80211
0x00007fff4e9c9000 	/System/Library/PrivateFrameworks/AuthKit.framework/Versions/A/AuthKit
0x00007fff53796000 	/System/Library/PrivateFrameworks/CoreUtils.framework/Versions/A/CoreUtils
0x00007fff3bd6a000 	/System/Library/Frameworks/CoreWLAN.framework/Versions/A/CoreWLAN
0x00007fff3c98e000 	/System/Library/Frameworks/IOBluetooth.framework/Versions/A/IOBluetooth
0x00007fff60a52000 	/System/Library/PrivateFrameworks/MobileKeyBag.framework/Versions/A/MobileKeyBag
0x00007fff5259b000 	/System/Library/PrivateFrameworks/CorePhoneNumbers.framework/Versions/A/CorePhoneNumbers
0x00007fff4d5e0000 	/System/Library/PrivateFrameworks/AppleIDAuthSupport.framework/Versions/A/AppleIDAuthSupport
0x00007fff406c2000 	/System/Library/Frameworks/Network.framework/Versions/A/Network
0x00007fff5f120000 	/System/Library/PrivateFrameworks/KeychainCircle.framework/Versions/A/KeychainCircle
0x00007fff397bb000 	/System/Library/Frameworks/CoreBluetooth.framework/Versions/A/CoreBluetooth
0x00007fff69997000 	/System/Library/PrivateFrameworks/SpeechRecognitionCore.framework/Versions/A/SpeechRecognitionCore
0x000000010b600000 	/Users/georgegarrington/Library/Java/JavaVirtualMachines/openjdk-15/Contents/Home/lib/server/libjvm.dylib
0x000000010ada6000 	/Users/georgegarrington/Library/Java/JavaVirtualMachines/openjdk-15/Contents/Home/lib/libjimage.dylib
0x000000010adb4000 	/Users/georgegarrington/Library/Java/JavaVirtualMachines/openjdk-15/Contents/Home/lib/libinstrument.dylib
0x000000010adc4000 	/Users/georgegarrington/Library/Java/JavaVirtualMachines/openjdk-15/Contents/Home/lib/libjava.dylib
0x0000000115d8f000 	/Users/georgegarrington/Library/Java/JavaVirtualMachines/openjdk-15/Contents/Home/lib/libzip.dylib
0x0000000115d9d000 	/Users/georgegarrington/Library/Java/JavaVirtualMachines/openjdk-15/Contents/Home/lib/libnio.dylib
0x0000000115db1000 	/Users/georgegarrington/Library/Java/JavaVirtualMachines/openjdk-15/Contents/Home/lib/libnet.dylib
0x0000000115dca000 	/Users/georgegarrington/Library/Java/JavaVirtualMachines/openjdk-15/Contents/Home/lib/libextnet.dylib
0x0000000115dd1000 	/Users/georgegarrington/Library/Java/JavaVirtualMachines/openjdk-15/Contents/Home/lib/libverify.dylib
0x0000000115de2000 	/private/var/folders/3g/_z3bf8517v1_mp78w_2vwxq00000gn/T/BridJExtractedLibraries12857383461317722573/libbridj.dylib
0x0000000115dfd000 	/private/var/folders/3g/_z3bf8517v1_mp78w_2vwxq00000gn/T/BridJExtractedLibraries12857383461317722573/libOpenIMAJGrabber.dylib
0x00007fff3af32000 	/System/Library/Frameworks/CoreMedia.framework/Versions/A/CoreMedia
0x00007fff355b1000 	/System/Library/Frameworks/AVFoundation.framework/Versions/A/AVFoundation
0x00007fff44ffe000 	/System/Library/Frameworks/QTKit.framework/Versions/A/QTKit
0x00007fff72c28000 	/usr/lib/libspindump.dylib
0x00007fff357ad000 	/System/Library/Frameworks/AVFoundation.framework/Versions/A/Frameworks/AVFAudio.framework/Versions/A/AVFAudio
0x00007fff5fe9c000 	/System/Library/PrivateFrameworks/MediaExperience.framework/Versions/A/MediaExperience
0x00007fff3eb3b000 	/System/Library/Frameworks/MediaToolbox.framework/Versions/A/MediaToolbox
0x00007fff47a12000 	/System/Library/Frameworks/VideoToolbox.framework/Versions/A/VideoToolbox
0x00007fff3b00e000 	/System/Library/Frameworks/CoreMediaIO.framework/Versions/A/CoreMediaIO
0x00007fff70665000 	/usr/lib/libAudioStatistics.dylib
0x00007fff6dbd4000 	/System/Library/PrivateFrameworks/perfdata.framework/Versions/A/perfdata
0x00007fff72b72000 	/usr/lib/libperfcheck.dylib
0x00007fff70b5d000 	/usr/lib/libSMC.dylib
0x00007fff4e134000 	/System/Library/PrivateFrameworks/AudioResourceArbitration.framework/Versions/A/AudioResourceArbitration
0x00007fff514ab000 	/System/Library/PrivateFrameworks/CoreAVCHD.framework/Versions/A/CoreAVCHD
0x00007fff3ea65000 	/System/Library/Frameworks/MediaAccessibility.framework/Versions/A/MediaAccessibility
0x00007fff5fc30000 	/System/Library/PrivateFrameworks/Mangrove.framework/Versions/A/Mangrove
0x00007fff510d5000 	/System/Library/PrivateFrameworks/CoreAUC.framework/Versions/A/CoreAUC
0x00007fff4db49000 	/System/Library/PrivateFrameworks/AppleVA.framework/Versions/A/AppleVA
0x00007fff3898c000 	/System/Library/Frameworks/Carbon.framework/Versions/A/Carbon
0x00007fff3898d000 	/System/Library/Frameworks/Carbon.framework/Versions/A/Frameworks/CommonPanels.framework/Versions/A/CommonPanels
0x00007fff38c86000 	/System/Library/Frameworks/Carbon.framework/Versions/A/Frameworks/Help.framework/Versions/A/Help
0x00007fff38c8a000 	/System/Library/Frameworks/Carbon.framework/Versions/A/Frameworks/ImageCapture.framework/Versions/A/ImageCapture
0x00007fff38c91000 	/System/Library/Frameworks/Carbon.framework/Versions/A/Frameworks/OpenScripting.framework/Versions/A/OpenScripting
0x00007fff38c90000 	/System/Library/Frameworks/Carbon.framework/Versions/A/Frameworks/Ink.framework/Versions/A/Ink
0x00007fff38ccc000 	/System/Library/Frameworks/Carbon.framework/Versions/A/Frameworks/Print.framework/Versions/A/Print
0x00007fff38ccd000 	/System/Library/Frameworks/Carbon.framework/Versions/A/Frameworks/SecurityHI.framework/Versions/A/SecurityHI
0x0000000115e3b000 	/System/Library/Extensions/AppleHDA.kext/Contents/PlugIns/AppleHDAHALPlugIn.bundle/Contents/MacOS/AppleHDAHALPlugIn
0x0000000115e48000 	/System/Library/Frameworks/CoreMediaIO.framework/Resources/AppleCamera.plugin/Contents/MacOS/AppleCamera
0x00007fff6db8f000 	/System/Library/PrivateFrameworks/login.framework/Versions/A/login
0x0000000115e76000 	/System/Library/Frameworks/CoreMediaIO.framework/Resources/BaseUnits/CMIOBaseUnits.bundle/Contents/MacOS/CMIOBaseUnits
0x0000000115fc6000 	/System/Library/Frameworks/CoreMediaIO.framework/Resources/CMIOUnits.bundle/Contents/MacOS/CMIOUnits
0x00007fff55818000 	/System/Library/PrivateFrameworks/FWAVC.framework/Versions/A/FWAVC
0x000000012cd17000 	/System/Library/Components/AudioCodecs.component/Contents/MacOS/AudioCodecs
0x00007fff52fb4000 	/System/Library/PrivateFrameworks/CoreServicesInternal.framework/Versions/A/CoreServicesInternal
0x00007fff32712000 	/System/Library/Extensions/AppleIntelKBLGraphicsMTLDriver.bundle/Contents/MacOS/AppleIntelKBLGraphicsMTLDriver
0x00007fff4d4e2000 	/System/Library/PrivateFrameworks/AppleGVA.framework/Versions/A/AppleGVA
0x000000012d9cd000 	/System/Library/Extensions/AppleIntelKBLGraphicsVADriver.bundle/Contents/MacOS/AppleIntelKBLGraphicsVADriver
0x000000012f3ff000 	/System/Library/Extensions/AppleIntelKBLGraphicsVAME.bundle/Contents/MacOS/AppleIntelKBLGraphicsVAME
0x000000012d41c000 	/Users/georgegarrington/Library/Java/JavaVirtualMachines/openjdk-15/Contents/Home/lib/libawt.dylib
0x000000012d4d3000 	/Users/georgegarrington/Library/Java/JavaVirtualMachines/openjdk-15/Contents/Home/lib/libmlib_image.dylib
0x00007fff3e6aa000 	/System/Library/Frameworks/JavaVM.framework/Versions/A/Frameworks/JavaNativeFoundation.framework/Versions/A/JavaNativeFoundation
0x00007fff3e6b3000 	/System/Library/Frameworks/JavaVM.framework/Versions/A/Frameworks/JavaRuntimeSupport.framework/Versions/A/JavaRuntimeSupport
0x00007fff3e6bb000 	/System/Library/Frameworks/JavaVM.framework/Versions/A/JavaVM
0x00007fff5ef37000 	/System/Library/PrivateFrameworks/JavaLaunching.framework/Versions/A/JavaLaunching
0x00007fff5353b000 	/System/Library/PrivateFrameworks/CoreSymbolication.framework/Versions/A/CoreSymbolication
0x00007fff53cbd000 	/System/Library/PrivateFrameworks/DebugSymbols.framework/Versions/A/DebugSymbols
0x000000012f7ea000 	/Users/georgegarrington/Library/Java/JavaVirtualMachines/openjdk-15/Contents/Home/lib/libawt_lwawt.dylib
0x000000012f8a4000 	/Users/georgegarrington/Library/Java/JavaVirtualMachines/openjdk-15/Contents/Home/lib/libosxapp.dylib
0x00007fff3c26a000 	/System/Library/Frameworks/ExceptionHandling.framework/Versions/A/ExceptionHandling
0x000000012f94d000 	/Users/georgegarrington/Library/Java/JavaVirtualMachines/openjdk-15/Contents/Home/lib/libfontmanager.dylib
0x000000012fa79000 	/Users/georgegarrington/Library/Java/JavaVirtualMachines/openjdk-15/Contents/Home/lib/libfreetype.dylib
0x00007fff3c289000 	/System/Library/Frameworks/FileProvider.framework/Versions/A/FileProvider
0x00007fff36e1c000 	/System/Library/Frameworks/Accounts.framework/Versions/A/Accounts
0x00007fff5b38a000 	/System/Library/PrivateFrameworks/GenerationalStorage.framework/Versions/A/GenerationalStorage
0x00007fff6a1d9000 	/System/Library/PrivateFrameworks/SymptomDiagnosticReporter.framework/Versions/A/SymptomDiagnosticReporter
0x00007fff4ccf4000 	/System/Library/PrivateFrameworks/AppContainer.framework/Versions/A/AppContainer
0x00007fff72bd0000 	/usr/lib/libsandbox.1.dylib
0x00007fff6bb32000 	/System/Library/PrivateFrameworks/UserManagement.framework/Versions/A/UserManagement
0x00007fff4fa98000 	/System/Library/PrivateFrameworks/ChunkingLibrary.framework/Versions/A/ChunkingLibrary
0x00007fff4cd66000 	/System/Library/PrivateFrameworks/AppSandbox.framework/Versions/A/AppSandbox
0x00007fff677a2000 	/System/Library/PrivateFrameworks/SecCodeWrapper.framework/Versions/A/SecCodeWrapper
0x00007fff70a87000 	/usr/lib/libMatch.1.dylib
0x00007fff2ce04000 	/System/Library/CoreServices/RawCamera.bundle/Contents/MacOS/RawCamera
0x00007fff6087c000 	/System/Library/PrivateFrameworks/MobileAsset.framework/Versions/A/MobileAsset
0x00007fff6a081000 	/System/Library/PrivateFrameworks/StreamingZip.framework/Versions/A/StreamingZip
0x00007fff3599a000 	/System/Library/Frameworks/Accelerate.framework/Versions/A/Frameworks/vImage.framework/Versions/A/Libraries/libCGInterfaces.dylib
0x0000000130078000 	/usr/lib/libobjc-trampolines.dylib
0x00007fff56420000 	/System/Library/PrivateFrameworks/FontServices.framework/libTrueTypeScaler.dylib
0x00007fff599aa000 	/System/Library/PrivateFrameworks/GPUCompiler.framework/Versions/3902/Libraries/libmetal_timestamp.dylib
0x00007fff6c8fe000 	/System/Library/PrivateFrameworks/ViewBridge.framework/Versions/A/ViewBridge
0x00007fff448a6000 	/System/Library/Frameworks/OpenGL.framework/Versions/A/Resources/GLEngine.bundle/GLEngine
0x00007fff43c89000 	/System/Library/Frameworks/OpenGL.framework/Versions/A/Libraries/libGLProgrammability.dylib
0x00007fff3170a000 	/System/Library/Extensions/AppleIntelKBLGraphicsGLDriver.bundle/Contents/MacOS/AppleIntelKBLGraphicsGLDriver
0x00007fff5b059000 	/System/Library/PrivateFrameworks/GPUSupport.framework/Versions/A/Libraries/libGPUSupportMercury.dylib
0x00007fff44a20000 	/System/Library/Frameworks/OpenGL.framework/Versions/A/Resources/GLRendererFloat.bundle/GLRendererFloat
0x00007fff43242000 	/System/Library/Frameworks/OpenCL.framework/Versions/A/Libraries/libcldcpuengine.dylib
0x0000000132647000 	/Users/georgegarrington/Library/Java/JavaVirtualMachines/openjdk-15/Contents/Home/lib/libosxui.dylib


VM Arguments:
jvm_args: -javaagent:/Applications/IntelliJ IDEA.app/Contents/lib/idea_rt.jar=62460:/Applications/IntelliJ IDEA.app/Contents/bin -Dfile.encoding=UTF-8 
java_command: uk.ac.soton.ecs.gg2g17.App
java_class_path (initial): /Users/georgegarrington/Documents/GitHub/compVis/chapter8FindingFaces/target/classes:/Users/georgegarrington/.m2/repository/org/openimaj/audio-processing/1.3.10/audio-processing-1.3.10.jar:/Users/georgegarrington/.m2/repository/org/openimaj/core/1.3.10/core-1.3.10.jar:/Users/georgegarrington/.m2/repository/org/openimaj/core-citation/1.3.10/core-citation-1.3.10.jar:/Users/georgegarrington/.m2/repository/org/openimaj/core-aop-support/1.3.10/core-aop-support-1.3.10.jar:/Users/georgegarrington/.m2/repository/javassist/javassist/3.12.1.GA/javassist-3.12.1.GA.jar:/Users/georgegarrington/.m2/repository/org/jbibtex/jbibtex/1.0.2/jbibtex-1.0.2.jar:/Users/georgegarrington/.m2/repository/org/jsoup/jsoup/1.6.3/jsoup-1.6.3.jar:/Users/georgegarrington/.m2/repository/net/sf/trove4j/trove4j/3.0.2/trove4j-3.0.2.jar:/Users/georgegarrington/.m2/repository/com/google/guava/guava/25.1-jre/guava-25.1-jre.jar:/Users/georgegarrington/.m2/repository/org/checkerframework/checker-qual/2.0.0/checker-qual-2.0.0.jar:/Users/georgegarrington/.m2/repository/com/google/errorprone/error_prone_annotations/2.1.3/error_prone_annotations-2.1.3.jar:/Users/georgegarrington/.m2/repository/com/google/j2objc/j2objc-annotations/1.1/j2objc-annotations-1.1.jar:/Users/georgegarrington/.m2/repository/org/codehaus/mojo/animal-sniffer-annotations/1.14/animal-sniffer-annotations-1.14.jar:/Users/georgegarrington/.m2/repository/colt/colt/1.2.0/colt-1.2.0.jar:/Users/georgegarrington/.m2/repository/concurrent/concurrent/1.3.4/concurrent-1.3.4.jar:/Users/georgegarrington/.m2/repository/org/apache/logging/log4j/log4j-core/2.11.0/log4j-core-2.11.0.jar:/Users/georgegarrington/.m2/repository/org/apache/logging/log4j/log4j-api/2.11.0/log4j-api-2.11.0.jar:/Users/georgegarrington/.m2/repository/commons-lang/commons-lang/2.6/commons-lang-2.6.jar:/Users/georgegarrington/.m2/repository/commons-io/commons-io/2.6/commons-io-2.6.jar:/Users/georgegarrington/.m2/repository/org/apache/commons/commons-vfs2/2.0
Launcher Type: SUN_STANDARD

[Global flags]
     intx CICompilerCount                          = 3                                         {product} {ergonomic}
     uint ConcGCThreads                            = 1                                         {product} {ergonomic}
     uint G1ConcRefinementThreads                  = 4                                         {product} {ergonomic}
   size_t G1HeapRegionSize                         = 1048576                                   {product} {ergonomic}
    uintx GCDrainStackTargetSize                   = 64                                        {product} {ergonomic}
   size_t InitialHeapSize                          = 134217728                                 {product} {ergonomic}
   size_t MarkStackSize                            = 4194304                                   {product} {ergonomic}
   size_t MaxHeapSize                              = 2147483648                                {product} {ergonomic}
   size_t MaxNewSize                               = 1287651328                                {product} {ergonomic}
   size_t MinHeapDeltaBytes                        = 1048576                                   {product} {ergonomic}
   size_t MinHeapSize                              = 8388608                                   {product} {ergonomic}
    uintx NonNMethodCodeHeapSize                   = 5832780                                {pd product} {ergonomic}
    uintx NonProfiledCodeHeapSize                  = 122912730                              {pd product} {ergonomic}
    uintx ProfiledCodeHeapSize                     = 122912730                              {pd product} {ergonomic}
    uintx ReservedCodeCacheSize                    = 251658240                              {pd product} {ergonomic}
     bool SegmentedCodeCache                       = true                                      {product} {ergonomic}
   size_t SoftMaxHeapSize                          = 2147483648                             {manageable} {ergonomic}
     bool UseCompressedClassPointers               = true                                 {lp64_product} {ergonomic}
     bool UseCompressedOops                        = true                                 {lp64_product} {ergonomic}
     bool UseG1GC                                  = true                                      {product} {ergonomic}
     bool UseNUMA                                  = false                                     {product} {ergonomic}
     bool UseNUMAInterleaving                      = false                                     {product} {ergonomic}

Logging:
Log output configuration:
 #0: stdout all=warning uptime,level,tags
 #1: stderr all=off uptime,level,tags

Environment Variables:
PATH=/usr/local/apache-maven-3.6.3/bin:/Users/georgegarrington/.cabal/bin:/Users/georgegarrington/.ghcup/bin:/opt/anaconda3/bin:/opt/anaconda3/condabin:/usr/local/bin:/usr/bin:/bin:/usr/sbin:/sbin
SHELL=/bin/zsh
LC_CTYPE=UTF-8

Signal Handlers:
SIGSEGV: [libjvm.dylib+0xa0c560], sa_mask[0]=11111111011111110111111111111111, sa_flags=SA_ONSTACK|SA_RESTART|SA_SIGINFO
SIGBUS: [libjvm.dylib+0xa0c560], sa_mask[0]=11111111011111110111111111111111, sa_flags=SA_RESTART|SA_SIGINFO
SIGFPE: [libjvm.dylib+0xa0c560], sa_mask[0]=11111111011111110111111111111111, sa_flags=SA_RESTART|SA_SIGINFO
SIGPIPE: [libjvm.dylib+0x82a870], sa_mask[0]=11111111011111110111111111111111, sa_flags=SA_RESTART|SA_SIGINFO
SIGXFSZ: [libjvm.dylib+0x82a870], sa_mask[0]=11111111011111110111111111111111, sa_flags=SA_RESTART|SA_SIGINFO
SIGILL: [libjvm.dylib+0xa0c560], sa_mask[0]=11111111011111110111111111111111, sa_flags=SA_RESTART|SA_SIGINFO
SIGUSR2: [libjvm.dylib+0x82b380], sa_mask[0]=00100000000000000000000000000000, sa_flags=SA_RESTART|SA_SIGINFO
SIGHUP: [libjvm.dylib+0x829a80], sa_mask[0]=11111111011111110111111111111111, sa_flags=SA_RESTART|SA_SIGINFO
SIGINT: [libjvm.dylib+0x829a80], sa_mask[0]=11111111011111110111111111111111, sa_flags=SA_RESTART|SA_SIGINFO
SIGTERM: [libjvm.dylib+0x829a80], sa_mask[0]=11111111011111110111111111111111, sa_flags=SA_RESTART|SA_SIGINFO
SIGQUIT: [libjvm.dylib+0x829a80], sa_mask[0]=11111111011111110111111111111111, sa_flags=SA_RESTART|SA_SIGINFO


---------------  S Y S T E M  ---------------

OS:uname: Darwin 19.6.0 Darwin Kernel Version 19.6.0: Mon Aug 31 22:12:52 PDT 2020; root:xnu-6153.141.2~1/RELEASE_X86_64 x86_64
OS uptime: 12 days 19:15 hours
rlimit (soft/hard): STACK 8192k/65532k , CORE 0k/infinity , NPROC 1392/2088 , NOFILE 10240/infinity , AS infinity/infinity , CPU infinity/infinity , DATA infinity/infinity , FSIZE infinity/infinity , MEMLOCK infinity/infinity , RSS infinity/infinity
load average: 3.24 2.92 2.62

CPU: total 4 (initial active 4) (2 cores per cpu, 2 threads per core) family 6 model 142 stepping 9, cmov, cx8, fxsr, mmx, sse, sse2, sse3, ssse3, sse4.1, sse4.2, popcnt, vzeroupper, avx, avx2, aes, clmul, erms, rtm, 3dnowpref, lzcnt, ht, tsc, tscinvbit, bmi1, bmi2, adx, fma, clflush, clflushopt

Memory: 4k page, physical 8388608k(374232k free), swap 2097152k(1231104k free)

vm_info: OpenJDK 64-Bit Server VM (15+36-1562) for bsd-amd64 JRE (15+36-1562), built on Aug 11 2020 21:33:19 by "mach5one" with clang 4.2.1 Compatible Apple LLVM 10.0.0 (clang-1000.11.45.5)

END.
