#
# A fatal error has been detected by the Java Runtime Environment:
#
#  SIGSEGV (0xb) at pc=0x00007fff73e60929, pid=67224, tid=94723
#
# JRE version: OpenJDK Runtime Environment (15.0+36) (build 15+36-1562)
# Java VM: OpenJDK 64-Bit Server VM (15+36-1562, mixed mode, sharing, tiered, compressed oops, g1 gc, bsd-amd64)
# Problematic frame:
# C  [libsystem_platform.dylib+0x929]  _platform_memmove$VARIANT$Haswell+0x29
#
# No core dump will be written. Core dumps have been disabled. To enable core dumping, try "ulimit -c unlimited" before starting Java again
#
# If you would like to submit a bug report, please visit:
#   https://bugreport.java.com/bugreport/crash.jsp
#

---------------  S U M M A R Y ------------

Command Line: -javaagent:/Applications/IntelliJ IDEA.app/Contents/lib/idea_rt.jar=61696:/Applications/IntelliJ IDEA.app/Contents/bin -Dfile.encoding=UTF-8 uk.ac.soton.ecs.gg2g17.App

Host: MacBookPro14,1 x86_64 2300 MHz, 4 cores, 8G, Darwin 19.6.0
Time: Fri Nov  6 10:35:38 2020 GMT elapsed time: 5.377873 seconds (0d 0h 0m 5s)

---------------  T H R E A D  ---------------

Current thread (0x00007f82ea770c00):  JavaThread "Thread-1" [_thread_in_vm, id=94723, stack(0x0000700005c46000,0x0000700005d46000)]

Stack: [0x0000700005c46000,0x0000700005d46000],  sp=0x0000700005d456d0,  free space=1021k
Native frames: (J=compiled Java code, A=aot compiled Java code, j=interpreted, Vv=VM code, C=native code)
C  [libsystem_platform.dylib+0x929]  _platform_memmove$VARIANT$Haswell+0x29
V  [libjvm.dylib+0x51bf19]  jni_SetByteArrayRegion+0x159
C  [libbridj.dylib+0x9178]  Java_org_bridj_JNI_get_1byte_1array+0xa8
j  org.bridj.JNI.get_byte_array(JI)[B+0
j  org.bridj.Pointer.getBytesAtOffset(JI)[B+57
j  org.bridj.Pointer.getBytes(I)[B+3
j  org.openimaj.video.capture.VideoCapture.getNextFrame()Lorg/openimaj/image/MBFImage;+93
j  org.openimaj.video.capture.VideoCapture.getNextFrame()Lorg/openimaj/image/Image;+1
j  org.openimaj.video.VideoDisplay.run()V+223
j  java.lang.Thread.run()V+11 java.base@15
v  ~StubRoutines::call_stub
V  [libjvm.dylib+0x4acea2]  JavaCalls::call_helper(JavaValue*, methodHandle const&, JavaCallArguments*, Thread*)+0x2e2
V  [libjvm.dylib+0x4abd89]  JavaCalls::call_virtual(JavaValue*, Klass*, Symbol*, Symbol*, JavaCallArguments*, Thread*)+0x1e9
V  [libjvm.dylib+0x4abe53]  JavaCalls::call_virtual(JavaValue*, Handle, Klass*, Symbol*, Symbol*, Thread*)+0x63
V  [libjvm.dylib+0x5576d0]  thread_entry(JavaThread*, Thread*)+0xb0
V  [libjvm.dylib+0x999182]  JavaThread::thread_main_inner()+0xb2
V  [libjvm.dylib+0x996291]  Thread::call_run()+0x71
V  [libjvm.dylib+0x8283a7]  thread_native_entry(Thread*)+0x197
C  [libsystem_pthread.dylib+0x6109]  _pthread_start+0x94
C  [libsystem_pthread.dylib+0x1b8b]  thread_start+0xf

Java frames: (J=compiled Java code, j=interpreted, Vv=VM code)
j  org.bridj.JNI.get_byte_array(JI)[B+0
j  org.bridj.Pointer.getBytesAtOffset(JI)[B+57
j  org.bridj.Pointer.getBytes(I)[B+3
j  org.openimaj.video.capture.VideoCapture.getNextFrame()Lorg/openimaj/image/MBFImage;+93
j  org.openimaj.video.capture.VideoCapture.getNextFrame()Lorg/openimaj/image/Image;+1
j  org.openimaj.video.VideoDisplay.run()V+223
j  java.lang.Thread.run()V+11 java.base@15
v  ~StubRoutines::call_stub

siginfo: si_signo: 11 (SIGSEGV), si_code: 1 (SEGV_MAPERR), si_addr: 0x00007f82ebf2b000

Register to memory mapping:

RAX=
[error occurred during error reporting (printing register info), id 0xb, SIGSEGV (0xb) at pc=0x000000010f5a7805]

Registers:
RAX=0x0000000787e38dc8, RBX=0x0000000000038400, RCX=0x000000000000d400, RDX=0x0000000000038400
RSP=0x0000700005d456d0, RBP=0x0000700005d456d0, RSI=0x00007f82ebf2b000, RDI=0x0000000787e63dc8
R8 =0x00007f82ebf00000, R9 =0x00007f82ea770c00, R10=0x000000010fe4e480, R11=0xffff80849bf38dc8
R12=0x0000000787e38db8, R13=0x000000010fe3c939, R14=0x0000000000000000, R15=0x00007f82ea770c00
RIP=0x00007fff73e60929, EFLAGS=0x0000000000010206, ERR=0x0000000000000004
  TRAPNO=0x000000000000000e

Top of Stack: (sp=0x0000700005d456d0)
0x0000700005d456d0:   0000700005d45750 000000010f71bf19
0x0000700005d456e0:   00007f82ea770c00 00007f82ea770c00
0x0000700005d456f0:   0000000000000000 0000000000038400
0x0000700005d45700:   0000700005d45750 0000000000038400
0x0000700005d45710:   0000000000000000 00007f82ebf00000
0x0000700005d45720:   0003840015548a88 0000000000000000
0x0000700005d45730:   0000000000038400 00007f82ebe244c0
0x0000700005d45740:   00007f82ea770f28 00007f82ebf00000
0x0000700005d45750:   0000700005d45790 000000011594b178
0x0000700005d45760:   0000000000000000 0000000115548a88
0x0000700005d45770:   0000000000000000 0000000115548a80
0x0000700005d45780:   0000700005d45830 00007f82ea770c00
0x0000700005d45790:   0000700005d45800 000000011efab3f0
0x0000700005d457a0:   0000700005d45800 000000011efab13e
0x0000700005d457b0:   000000011efab0f6 0000700005d457b8
0x0000700005d457c0:   0000000115548a80 0000700005d45830
0x0000700005d457d0:   000000011554b8a0 0000000000000000
0x0000700005d457e0:   0000000786f8e520 0000000115548a88
0x0000700005d457f0:   0000000000000000 0000700005d45820
0x0000700005d45800:   0000700005d45880 000000011efa5c40
0x0000700005d45810:   0000000786f8e520 000000011efa85db
0x0000700005d45820:   0000000000038400 00007f82ebf00000
0x0000700005d45830:   0000000000000000 0000700005d45838
0x0000700005d45840:   0000000115567e19 0000700005d458b8
0x0000700005d45850:   00000001155a6b40 0000000000000000
0x0000700005d45860:   0000000786f006c8 0000000115567e60
0x0000700005d45870:   0000700005d45820 0000700005d458a0
0x0000700005d45880:   0000700005d45908 000000011efa5c40
0x0000700005d45890:   00007f82ebf00000 0000000000000000
0x0000700005d458a0:   0000000000038400 0000000000000000
0x0000700005d458b0:   0000000000000000 0000000787e38ce8
0x0000700005d458c0:   0000700005d458c0 0000000115567c63 

Instructions: (pc=0x00007fff73e60929)
0x00007fff73e60829:   75 df 5d c3 66 0f ef d2 48 f7 c6 0f 00 00 00 74
0x00007fff73e60839:   76 49 89 f1 49 f7 d9 49 81 e1 f0 0f 00 00 74 3a
0x00007fff73e60849:   0f 1f 80 00 00 00 00 66 0f 6f 04 0f f3 0f 6f 0c
0x00007fff73e60859:   0e 66 0f 74 c1 66 0f 74 ca 66 0f df c8 66 0f d7
0x00007fff73e60869:   c1 48 83 c1 10 3d ff ff 00 00 75 60 4c 39 c9 75
0x00007fff73e60879:   d6 4c 01 cf 4c 01 ce 48 31 c9 48 0f b6 07 4c 0f
0x00007fff73e60889:   b6 06 48 ff c7 48 ff c6 4c 29 c0 75 95 4d 85 c0
0x00007fff73e60899:   74 90 48 f7 c7 0f 00 00 00 75 df 49 c7 c1 f0 0f
0x00007fff73e608a9:   00 00 eb a3 0f 1f 00 66 0f 6f 04 0f f3 0f 6f 0c
0x00007fff73e608b9:   0e 66 0f 74 c1 66 0f 74 ca 66 0f df c8 66 0f d7
0x00007fff73e608c9:   c1 48 83 c1 10 3d ff ff 00 00 74 db f7 d0 0f bc
0x00007fff73e608d9:   c0 48 01 c1 48 0f b6 44 0f f0 4c 0f b6 44 0e f0
0x00007fff73e608e9:   4c 29 c0 5d c3 90 90 90 90 90 90 90 90 90 90 90
0x00007fff73e608f9:   90 90 90 90 90 90 90 55 48 89 e5 49 89 fb 49 29
0x00007fff73e60909:   f3 48 89 f8 49 39 d3 72 1b 48 83 fa 60 76 2f 48
0x00007fff73e60919:   81 fa 00 40 00 00 0f 82 cb 00 00 00 48 89 d1 fc
0x00007fff73e60929:   f3 a4 5d c3 48 39 fe 74 f9 48 01 d6 48 01 d7 48
0x00007fff73e60939:   83 fa 60 0f 82 8c 01 00 00 e9 a9 01 00 00 48 83
0x00007fff73e60949:   fa 10 76 56 c5 f8 10 4c 16 f0 48 83 ea 20 76 2a
0x00007fff73e60959:   c5 fc 10 06 c5 fc 11 07 48 83 c6 20 48 83 c7 20
0x00007fff73e60969:   48 83 ea 20 72 14 c5 fc 10 06 c5 fc 11 07 48 83
0x00007fff73e60979:   c6 20 48 83 c7 20 48 83 ea 20 48 83 c2 10 7e 0c
0x00007fff73e60989:   c5 f8 10 06 c5 f8 11 07 c5 f8 57 c0 c5 f8 11 0c
0x00007fff73e60999:   17 c5 f0 57 c9 5d c5 f8 77 c3 48 83 ea 08 72 10
0x00007fff73e609a9:   48 8b 0e 4c 8b 04 16 48 89 0f 4c 89 04 17 5d c3
0x00007fff73e609b9:   48 83 c2 08 74 25 4d 31 c0 42 8a 0c 06 42 88 0c
0x00007fff73e609c9:   07 48 83 ea 01 74 14 42 8a 4c 06 01 42 88 4c 07
0x00007fff73e609d9:   01 49 83 c0 02 48 83 ea 01 75 de 5d c3 66 2e 0f
0x00007fff73e609e9:   1f 84 00 00 00 00 00 c5 fc 10 06 48 83 c7 20 48
0x00007fff73e609f9:   83 e7 e0 48 89 f9 48 29 c1 48 01 ce 48 29 ca c5
0x00007fff73e60a09:   fc 10 0e c5 fc 11 00 c5 fc 57 c0 c5 fc 10 56 20
0x00007fff73e60a19:   48 83 c6 40 48 81 ea 80 00 00 00 76 5a 48 f7 c6 


Stack slot to memory mapping:
stack at sp + 0 slots: 0x0000700005d45750 is pointing into the stack for thread: 0x00007f82ea770c00
stack at sp + 1 slots: 0x000000010f71bf19: jni_SetByteArrayRegion+0x159 in /Users/georgegarrington/Library/Java/JavaVirtualMachines/openjdk-15/Contents/Home/lib/server/libjvm.dylib at 0x000000010f200000
stack at sp + 2 slots: 0x00007f82ea770c00 is a thread
stack at sp + 3 slots: 0x00007f82ea770c00 is a thread
stack at sp + 4 slots: 0x0 is NULL
stack at sp + 5 slots: 0x0000000000038400 is an unknown value
stack at sp + 6 slots: 0x0000700005d45750 is pointing into the stack for thread: 0x00007f82ea770c00
stack at sp + 7 slots: 0x0000000000038400 is an unknown value


---------------  P R O C E S S  ---------------

Threads class SMR info:
_java_thread_list=0x00007f82e7f822e0, length=18, elements={
0x00007f82ea01b200, 0x00007f82e8008c00, 0x00007f82e8068600, 0x00007f82e8813000,
0x00007f82e806be00, 0x00007f82e8842000, 0x00007f82e806c400, 0x00007f82e982da00,
0x00007f82e815a800, 0x00007f82ea02f200, 0x00007f82e868d000, 0x00007f82ec83ea00,
0x00007f82ec852400, 0x00007f82ec8ae000, 0x00007f82eb5ffa00, 0x00007f82ec8e4200,
0x00007f82ea770c00, 0x00007f82ec059800
}

Java Threads: ( => current thread )
  0x00007f82ea01b200 JavaThread "Reference Handler" daemon [_thread_blocked, id=16387, stack(0x00007000043ef000,0x00007000044ef000)]
  0x00007f82e8008c00 JavaThread "Finalizer" daemon [_thread_blocked, id=16131, stack(0x00007000044f2000,0x00007000045f2000)]
  0x00007f82e8068600 JavaThread "Signal Dispatcher" daemon [_thread_blocked, id=22531, stack(0x00007000046fb000,0x00007000047fb000)]
  0x00007f82e8813000 JavaThread "Service Thread" daemon [_thread_blocked, id=23299, stack(0x00007000047fe000,0x00007000048fe000)]
  0x00007f82e806be00 JavaThread "C2 CompilerThread0" daemon [_thread_blocked, id=41475, stack(0x0000700004901000,0x0000700004a01000)]
  0x00007f82e8842000 JavaThread "C1 CompilerThread0" daemon [_thread_blocked, id=24323, stack(0x0000700004a04000,0x0000700004b04000)]
  0x00007f82e806c400 JavaThread "Sweeper thread" daemon [_thread_blocked, id=25091, stack(0x0000700004b07000,0x0000700004c07000)]
  0x00007f82e982da00 JavaThread "Common-Cleaner" daemon [_thread_blocked, id=25859, stack(0x0000700004c0a000,0x0000700004d0a000)]
  0x00007f82e815a800 JavaThread "Monitor Ctrl-Break" daemon [_thread_in_native, id=27651, stack(0x0000700005016000,0x0000700005116000)]
  0x00007f82ea02f200 JavaThread "Notification Thread" daemon [_thread_blocked, id=39427, stack(0x0000700005119000,0x0000700005219000)]
  0x00007f82e868d000 JavaThread "Attach Listener" daemon [_thread_blocked, id=28931, stack(0x000070000531f000,0x000070000541f000)]
  0x00007f82ec83ea00 JavaThread "AppKit Thread" daemon [_thread_in_native, id=775, stack(0x00007ffee0a2d000,0x00007ffee122d000)]
  0x00007f82ec852400 JavaThread "AWT-Shutdown" [_thread_blocked, id=55555, stack(0x0000700005734000,0x0000700005834000)]
  0x00007f82ec8ae000 JavaThread "Java2D Queue Flusher" daemon [_thread_blocked, id=130311, stack(0x000070000593d000,0x0000700005a3d000)]
  0x00007f82eb5ffa00 JavaThread "Java2D Disposer" daemon [_thread_blocked, id=91139, stack(0x0000700005a40000,0x0000700005b40000)]
  0x00007f82ec8e4200 JavaThread "AWT-EventQueue-0" [_thread_blocked, id=92419, stack(0x0000700005b43000,0x0000700005c43000)]
=>0x00007f82ea770c00 JavaThread "Thread-1" [_thread_in_vm, id=94723, stack(0x0000700005c46000,0x0000700005d46000)]
  0x00007f82ec059800 JavaThread "DestroyJavaVM" [_thread_blocked, id=9987, stack(0x0000700003cda000,0x0000700003dda000)]

Other Threads:
  0x00007f82e7e1b730 VMThread "VM Thread" [stack: 0x00007000042ec000,0x00007000043ec000] [id=17411]
  0x00007f82e7c7d2a0 WatcherThread [stack: 0x000070000521c000,0x000070000531c000] [id=39171]
  0x00007f82e9008d00 GCTaskThread "GC Thread#0" [stack: 0x0000700003ddd000,0x0000700003edd000] [id=19203]
  0x00007f82e7e42910 GCTaskThread "GC Thread#1" [stack: 0x0000700004d0d000,0x0000700004e0d000] [id=26371]
  0x00007f82e7e434e0 GCTaskThread "GC Thread#2" [stack: 0x0000700004e10000,0x0000700004f10000] [id=40451]
  0x00007f82ebe25b70 GCTaskThread "GC Thread#3" [stack: 0x0000700005d49000,0x0000700005e49000] [id=94983]
  0x00007f82e7f05410 ConcurrentGCThread "G1 Main Marker" [stack: 0x0000700003ee0000,0x0000700003fe0000] [id=12035]
  0x00007f82e90099e0 ConcurrentGCThread "G1 Conc#0" [stack: 0x0000700003fe3000,0x00007000040e3000] [id=12547]
  0x00007f82e7c29500 ConcurrentGCThread "G1 Refine#0" [stack: 0x00007000040e6000,0x00007000041e6000] [id=18179]
  0x00007f82e9023050 ConcurrentGCThread "G1 Refine#1" [stack: 0x0000700004f13000,0x0000700005013000] [id=27139]
  0x00007f82e7c2a6e0 ConcurrentGCThread "G1 Young RemSet Sampling" [stack: 0x00007000041e9000,0x00007000042e9000] [id=13315]

Threads with active compile tasks:

VM state: not at safepoint (normal execution)

VM Mutex/Monitor currently owned by a thread: None

Heap address: 0x0000000780000000, size: 2048 MB, Compressed Oops mode: Zero based, Oop shift amount: 3
CDS archive(s) mapped at: [0x0000000800000000-0x0000000800b2a000-0x0000000800b2a000), size 11706368, SharedBaseAddress: 0x0000000800000000, ArchiveRelocationMode: 0.
Compressed class space mapped at: 0x0000000800b2c000-0x0000000840b2c000, size: 1073741824
Narrow klass base: 0x0000000800000000, Narrow klass shift: 3, Narrow klass range: 0x100000000

GC Precious Log:
 CPUs: 4 total, 4 available
 Memory: 8192M
 Large Page Support: Disabled
 NUMA Support: Disabled
 Compressed Oops: Enabled (Zero based)
 Heap Region Size: 1M
 Heap Min Capacity: 8M
 Heap Initial Capacity: 128M
 Heap Max Capacity: 2G
 Pre-touch: Disabled
 Parallel Workers: 4
 Concurrent Workers: 1
 Concurrent Refinement Workers: 4
 Periodic GC: Disabled

Heap:
 garbage-first heap   total 133120K, used 17829K [0x0000000780000000, 0x0000000800000000)
  region size 1024K, 4 young (4096K), 2 survivors (2048K)
 Metaspace       used 10266K, capacity 10482K, committed 10752K, reserved 1058816K
  class space    used 1142K, capacity 1209K, committed 1280K, reserved 1048576K

Heap Regions: E=young(eden), S=young(survivor), O=old, HS=humongous(starts), HC=humongous(continues), CS=collection set, F=free, OA=open archive, CA=closed archive, TAMS=top-at-mark-start (previous, next)
|   0|0x0000000780000000, 0x0000000780100000, 0x0000000780100000|100%|HS|  |TAMS 0x0000000780000000, 0x0000000780000000| Complete 
|   1|0x0000000780100000, 0x0000000780200000, 0x0000000780200000|100%| O|  |TAMS 0x0000000780100000, 0x0000000780100000| Untracked 
|   2|0x0000000780200000, 0x0000000780300000, 0x0000000780300000|100%| O|  |TAMS 0x0000000780200000, 0x0000000780200000| Untracked 
|   3|0x0000000780300000, 0x0000000780400000, 0x0000000780400000|100%| O|  |TAMS 0x0000000780300000, 0x0000000780300000| Untracked 
|   4|0x0000000780400000, 0x0000000780500000, 0x0000000780500000|100%| O|  |TAMS 0x0000000780400000, 0x0000000780400000| Untracked 
|   5|0x0000000780500000, 0x0000000780600000, 0x0000000780600000|100%| O|  |TAMS 0x0000000780500000, 0x0000000780500000| Untracked 
|   6|0x0000000780600000, 0x0000000780700000, 0x0000000780700000|100%| O|  |TAMS 0x0000000780600000, 0x0000000780600000| Untracked 
|   7|0x0000000780700000, 0x0000000780800000, 0x0000000780800000|100%| O|  |TAMS 0x0000000780700000, 0x0000000780700000| Untracked 
|   8|0x0000000780800000, 0x0000000780900000, 0x0000000780900000|100%| O|  |TAMS 0x0000000780800000, 0x0000000780800000| Untracked 
|   9|0x0000000780900000, 0x0000000780a00000, 0x0000000780a00000|100%| O|  |TAMS 0x0000000780900000, 0x0000000780900000| Untracked 
|  10|0x0000000780a00000, 0x0000000780b00000, 0x0000000780b00000|100%| O|  |TAMS 0x0000000780a00000, 0x0000000780a00000| Untracked 
|  11|0x0000000780b00000, 0x0000000780c00000, 0x0000000780c00000|100%| O|  |TAMS 0x0000000780b00000, 0x0000000780b00000| Untracked 
|  12|0x0000000780c00000, 0x0000000780d00000, 0x0000000780d00000|100%| O|  |TAMS 0x0000000780c00000, 0x0000000780c00000| Untracked 
|  13|0x0000000780d00000, 0x0000000780d9f600, 0x0000000780e00000| 62%| O|  |TAMS 0x0000000780d00000, 0x0000000780d00000| Untracked 
|  14|0x0000000780e00000, 0x0000000780e00000, 0x0000000780f00000|  0%| F|  |TAMS 0x0000000780e00000, 0x0000000780e00000| Untracked 
|  15|0x0000000780f00000, 0x0000000780f00000, 0x0000000781000000|  0%| F|  |TAMS 0x0000000780f00000, 0x0000000780f00000| Untracked 
|  16|0x0000000781000000, 0x0000000781000000, 0x0000000781100000|  0%| F|  |TAMS 0x0000000781000000, 0x0000000781000000| Untracked 
|  17|0x0000000781100000, 0x0000000781100000, 0x0000000781200000|  0%| F|  |TAMS 0x0000000781100000, 0x0000000781100000| Untracked 
|  18|0x0000000781200000, 0x0000000781200000, 0x0000000781300000|  0%| F|  |TAMS 0x0000000781200000, 0x0000000781200000| Untracked 
|  19|0x0000000781300000, 0x0000000781300000, 0x0000000781400000|  0%| F|  |TAMS 0x0000000781300000, 0x0000000781300000| Untracked 
|  20|0x0000000781400000, 0x0000000781400000, 0x0000000781500000|  0%| F|  |TAMS 0x0000000781400000, 0x0000000781400000| Untracked 
|  21|0x0000000781500000, 0x0000000781500000, 0x0000000781600000|  0%| F|  |TAMS 0x0000000781500000, 0x0000000781500000| Untracked 
|  22|0x0000000781600000, 0x0000000781600000, 0x0000000781700000|  0%| F|  |TAMS 0x0000000781600000, 0x0000000781600000| Untracked 
|  23|0x0000000781700000, 0x0000000781700000, 0x0000000781800000|  0%| F|  |TAMS 0x0000000781700000, 0x0000000781700000| Untracked 
|  24|0x0000000781800000, 0x0000000781800000, 0x0000000781900000|  0%| F|  |TAMS 0x0000000781800000, 0x0000000781800000| Untracked 
|  25|0x0000000781900000, 0x0000000781900000, 0x0000000781a00000|  0%| F|  |TAMS 0x0000000781900000, 0x0000000781900000| Untracked 
|  26|0x0000000781a00000, 0x0000000781a00000, 0x0000000781b00000|  0%| F|  |TAMS 0x0000000781a00000, 0x0000000781a00000| Untracked 
|  27|0x0000000781b00000, 0x0000000781b00000, 0x0000000781c00000|  0%| F|  |TAMS 0x0000000781b00000, 0x0000000781b00000| Untracked 
|  28|0x0000000781c00000, 0x0000000781c00000, 0x0000000781d00000|  0%| F|  |TAMS 0x0000000781c00000, 0x0000000781c00000| Untracked 
|  29|0x0000000781d00000, 0x0000000781d00000, 0x0000000781e00000|  0%| F|  |TAMS 0x0000000781d00000, 0x0000000781d00000| Untracked 
|  30|0x0000000781e00000, 0x0000000781e00000, 0x0000000781f00000|  0%| F|  |TAMS 0x0000000781e00000, 0x0000000781e00000| Untracked 
|  31|0x0000000781f00000, 0x0000000781f00000, 0x0000000782000000|  0%| F|  |TAMS 0x0000000781f00000, 0x0000000781f00000| Untracked 
|  32|0x0000000782000000, 0x0000000782000000, 0x0000000782100000|  0%| F|  |TAMS 0x0000000782000000, 0x0000000782000000| Untracked 
|  33|0x0000000782100000, 0x0000000782100000, 0x0000000782200000|  0%| F|  |TAMS 0x0000000782100000, 0x0000000782100000| Untracked 
|  34|0x0000000782200000, 0x0000000782200000, 0x0000000782300000|  0%| F|  |TAMS 0x0000000782200000, 0x0000000782200000| Untracked 
|  35|0x0000000782300000, 0x0000000782300000, 0x0000000782400000|  0%| F|  |TAMS 0x0000000782300000, 0x0000000782300000| Untracked 
|  36|0x0000000782400000, 0x0000000782400000, 0x0000000782500000|  0%| F|  |TAMS 0x0000000782400000, 0x0000000782400000| Untracked 
|  37|0x0000000782500000, 0x0000000782500000, 0x0000000782600000|  0%| F|  |TAMS 0x0000000782500000, 0x0000000782500000| Untracked 
|  38|0x0000000782600000, 0x0000000782600000, 0x0000000782700000|  0%| F|  |TAMS 0x0000000782600000, 0x0000000782600000| Untracked 
|  39|0x0000000782700000, 0x0000000782700000, 0x0000000782800000|  0%| F|  |TAMS 0x0000000782700000, 0x0000000782700000| Untracked 
|  40|0x0000000782800000, 0x0000000782800000, 0x0000000782900000|  0%| F|  |TAMS 0x0000000782800000, 0x0000000782800000| Untracked 
|  41|0x0000000782900000, 0x0000000782900000, 0x0000000782a00000|  0%| F|  |TAMS 0x0000000782900000, 0x0000000782900000| Untracked 
|  42|0x0000000782a00000, 0x0000000782a00000, 0x0000000782b00000|  0%| F|  |TAMS 0x0000000782a00000, 0x0000000782a00000| Untracked 
|  43|0x0000000782b00000, 0x0000000782b00000, 0x0000000782c00000|  0%| F|  |TAMS 0x0000000782b00000, 0x0000000782b00000| Untracked 
|  44|0x0000000782c00000, 0x0000000782c00000, 0x0000000782d00000|  0%| F|  |TAMS 0x0000000782c00000, 0x0000000782c00000| Untracked 
|  45|0x0000000782d00000, 0x0000000782d00000, 0x0000000782e00000|  0%| F|  |TAMS 0x0000000782d00000, 0x0000000782d00000| Untracked 
|  46|0x0000000782e00000, 0x0000000782e00000, 0x0000000782f00000|  0%| F|  |TAMS 0x0000000782e00000, 0x0000000782e00000| Untracked 
|  47|0x0000000782f00000, 0x0000000782f00000, 0x0000000783000000|  0%| F|  |TAMS 0x0000000782f00000, 0x0000000782f00000| Untracked 
|  48|0x0000000783000000, 0x0000000783000000, 0x0000000783100000|  0%| F|  |TAMS 0x0000000783000000, 0x0000000783000000| Untracked 
|  49|0x0000000783100000, 0x0000000783100000, 0x0000000783200000|  0%| F|  |TAMS 0x0000000783100000, 0x0000000783100000| Untracked 
|  50|0x0000000783200000, 0x0000000783200000, 0x0000000783300000|  0%| F|  |TAMS 0x0000000783200000, 0x0000000783200000| Untracked 
|  51|0x0000000783300000, 0x0000000783300000, 0x0000000783400000|  0%| F|  |TAMS 0x0000000783300000, 0x0000000783300000| Untracked 
|  52|0x0000000783400000, 0x0000000783400000, 0x0000000783500000|  0%| F|  |TAMS 0x0000000783400000, 0x0000000783400000| Untracked 
|  53|0x0000000783500000, 0x0000000783500000, 0x0000000783600000|  0%| F|  |TAMS 0x0000000783500000, 0x0000000783500000| Untracked 
|  54|0x0000000783600000, 0x0000000783600000, 0x0000000783700000|  0%| F|  |TAMS 0x0000000783600000, 0x0000000783600000| Untracked 
|  55|0x0000000783700000, 0x0000000783700000, 0x0000000783800000|  0%| F|  |TAMS 0x0000000783700000, 0x0000000783700000| Untracked 
|  56|0x0000000783800000, 0x0000000783800000, 0x0000000783900000|  0%| F|  |TAMS 0x0000000783800000, 0x0000000783800000| Untracked 
|  57|0x0000000783900000, 0x0000000783900000, 0x0000000783a00000|  0%| F|  |TAMS 0x0000000783900000, 0x0000000783900000| Untracked 
|  58|0x0000000783a00000, 0x0000000783a00000, 0x0000000783b00000|  0%| F|  |TAMS 0x0000000783a00000, 0x0000000783a00000| Untracked 
|  59|0x0000000783b00000, 0x0000000783b00000, 0x0000000783c00000|  0%| F|  |TAMS 0x0000000783b00000, 0x0000000783b00000| Untracked 
|  60|0x0000000783c00000, 0x0000000783c00000, 0x0000000783d00000|  0%| F|  |TAMS 0x0000000783c00000, 0x0000000783c00000| Untracked 
|  61|0x0000000783d00000, 0x0000000783d00000, 0x0000000783e00000|  0%| F|  |TAMS 0x0000000783d00000, 0x0000000783d00000| Untracked 
|  62|0x0000000783e00000, 0x0000000783e00000, 0x0000000783f00000|  0%| F|  |TAMS 0x0000000783e00000, 0x0000000783e00000| Untracked 
|  63|0x0000000783f00000, 0x0000000783f00000, 0x0000000784000000|  0%| F|  |TAMS 0x0000000783f00000, 0x0000000783f00000| Untracked 
|  64|0x0000000784000000, 0x0000000784000000, 0x0000000784100000|  0%| F|  |TAMS 0x0000000784000000, 0x0000000784000000| Untracked 
|  65|0x0000000784100000, 0x0000000784100000, 0x0000000784200000|  0%| F|  |TAMS 0x0000000784100000, 0x0000000784100000| Untracked 
|  66|0x0000000784200000, 0x0000000784200000, 0x0000000784300000|  0%| F|  |TAMS 0x0000000784200000, 0x0000000784200000| Untracked 
|  67|0x0000000784300000, 0x0000000784300000, 0x0000000784400000|  0%| F|  |TAMS 0x0000000784300000, 0x0000000784300000| Untracked 
|  68|0x0000000784400000, 0x0000000784400000, 0x0000000784500000|  0%| F|  |TAMS 0x0000000784400000, 0x0000000784400000| Untracked 
|  69|0x0000000784500000, 0x0000000784500000, 0x0000000784600000|  0%| F|  |TAMS 0x0000000784500000, 0x0000000784500000| Untracked 
|  70|0x0000000784600000, 0x0000000784600000, 0x0000000784700000|  0%| F|  |TAMS 0x0000000784600000, 0x0000000784600000| Untracked 
|  71|0x0000000784700000, 0x0000000784700000, 0x0000000784800000|  0%| F|  |TAMS 0x0000000784700000, 0x0000000784700000| Untracked 
|  72|0x0000000784800000, 0x0000000784800000, 0x0000000784900000|  0%| F|  |TAMS 0x0000000784800000, 0x0000000784800000| Untracked 
|  73|0x0000000784900000, 0x0000000784900000, 0x0000000784a00000|  0%| F|  |TAMS 0x0000000784900000, 0x0000000784900000| Untracked 
|  74|0x0000000784a00000, 0x0000000784a00000, 0x0000000784b00000|  0%| F|  |TAMS 0x0000000784a00000, 0x0000000784a00000| Untracked 
|  75|0x0000000784b00000, 0x0000000784b00000, 0x0000000784c00000|  0%| F|  |TAMS 0x0000000784b00000, 0x0000000784b00000| Untracked 
|  76|0x0000000784c00000, 0x0000000784c00000, 0x0000000784d00000|  0%| F|  |TAMS 0x0000000784c00000, 0x0000000784c00000| Untracked 
|  77|0x0000000784d00000, 0x0000000784d00000, 0x0000000784e00000|  0%| F|  |TAMS 0x0000000784d00000, 0x0000000784d00000| Untracked 
|  78|0x0000000784e00000, 0x0000000784e00000, 0x0000000784f00000|  0%| F|  |TAMS 0x0000000784e00000, 0x0000000784e00000| Untracked 
|  79|0x0000000784f00000, 0x0000000784f00000, 0x0000000785000000|  0%| F|  |TAMS 0x0000000784f00000, 0x0000000784f00000| Untracked 
|  80|0x0000000785000000, 0x0000000785000000, 0x0000000785100000|  0%| F|  |TAMS 0x0000000785000000, 0x0000000785000000| Untracked 
|  81|0x0000000785100000, 0x0000000785100000, 0x0000000785200000|  0%| F|  |TAMS 0x0000000785100000, 0x0000000785100000| Untracked 
|  82|0x0000000785200000, 0x0000000785200000, 0x0000000785300000|  0%| F|  |TAMS 0x0000000785200000, 0x0000000785200000| Untracked 
|  83|0x0000000785300000, 0x0000000785300000, 0x0000000785400000|  0%| F|  |TAMS 0x0000000785300000, 0x0000000785300000| Untracked 
|  84|0x0000000785400000, 0x0000000785400000, 0x0000000785500000|  0%| F|  |TAMS 0x0000000785400000, 0x0000000785400000| Untracked 
|  85|0x0000000785500000, 0x0000000785500000, 0x0000000785600000|  0%| F|  |TAMS 0x0000000785500000, 0x0000000785500000| Untracked 
|  86|0x0000000785600000, 0x0000000785600000, 0x0000000785700000|  0%| F|  |TAMS 0x0000000785600000, 0x0000000785600000| Untracked 
|  87|0x0000000785700000, 0x0000000785700000, 0x0000000785800000|  0%| F|  |TAMS 0x0000000785700000, 0x0000000785700000| Untracked 
|  88|0x0000000785800000, 0x0000000785800000, 0x0000000785900000|  0%| F|  |TAMS 0x0000000785800000, 0x0000000785800000| Untracked 
|  89|0x0000000785900000, 0x0000000785900000, 0x0000000785a00000|  0%| F|  |TAMS 0x0000000785900000, 0x0000000785900000| Untracked 
|  90|0x0000000785a00000, 0x0000000785a00000, 0x0000000785b00000|  0%| F|  |TAMS 0x0000000785a00000, 0x0000000785a00000| Untracked 
|  91|0x0000000785b00000, 0x0000000785b00000, 0x0000000785c00000|  0%| F|  |TAMS 0x0000000785b00000, 0x0000000785b00000| Untracked 
|  92|0x0000000785c00000, 0x0000000785c00000, 0x0000000785d00000|  0%| F|  |TAMS 0x0000000785c00000, 0x0000000785c00000| Untracked 
|  93|0x0000000785d00000, 0x0000000785d00000, 0x0000000785e00000|  0%| F|  |TAMS 0x0000000785d00000, 0x0000000785d00000| Untracked 
|  94|0x0000000785e00000, 0x0000000785e00000, 0x0000000785f00000|  0%| F|  |TAMS 0x0000000785e00000, 0x0000000785e00000| Untracked 
|  95|0x0000000785f00000, 0x0000000785f00000, 0x0000000786000000|  0%| F|  |TAMS 0x0000000785f00000, 0x0000000785f00000| Untracked 
|  96|0x0000000786000000, 0x0000000786000000, 0x0000000786100000|  0%| F|  |TAMS 0x0000000786000000, 0x0000000786000000| Untracked 
|  97|0x0000000786100000, 0x0000000786100000, 0x0000000786200000|  0%| F|  |TAMS 0x0000000786100000, 0x0000000786100000| Untracked 
|  98|0x0000000786200000, 0x0000000786200000, 0x0000000786300000|  0%| F|  |TAMS 0x0000000786200000, 0x0000000786200000| Untracked 
|  99|0x0000000786300000, 0x0000000786300000, 0x0000000786400000|  0%| F|  |TAMS 0x0000000786300000, 0x0000000786300000| Untracked 
| 100|0x0000000786400000, 0x0000000786400000, 0x0000000786500000|  0%| F|  |TAMS 0x0000000786400000, 0x0000000786400000| Untracked 
| 101|0x0000000786500000, 0x0000000786500000, 0x0000000786600000|  0%| F|  |TAMS 0x0000000786500000, 0x0000000786500000| Untracked 
| 102|0x0000000786600000, 0x0000000786600000, 0x0000000786700000|  0%| F|  |TAMS 0x0000000786600000, 0x0000000786600000| Untracked 
| 103|0x0000000786700000, 0x0000000786700000, 0x0000000786800000|  0%| F|  |TAMS 0x0000000786700000, 0x0000000786700000| Untracked 
| 104|0x0000000786800000, 0x0000000786800000, 0x0000000786900000|  0%| F|  |TAMS 0x0000000786800000, 0x0000000786800000| Untracked 
| 105|0x0000000786900000, 0x0000000786900000, 0x0000000786a00000|  0%| F|  |TAMS 0x0000000786900000, 0x0000000786900000| Untracked 
| 106|0x0000000786a00000, 0x0000000786a00000, 0x0000000786b00000|  0%| F|  |TAMS 0x0000000786a00000, 0x0000000786a00000| Untracked 
| 107|0x0000000786b00000, 0x0000000786b00000, 0x0000000786c00000|  0%| F|  |TAMS 0x0000000786b00000, 0x0000000786b00000| Untracked 
| 108|0x0000000786c00000, 0x0000000786c00000, 0x0000000786d00000|  0%| F|  |TAMS 0x0000000786c00000, 0x0000000786c00000| Untracked 
| 109|0x0000000786d00000, 0x0000000786d00000, 0x0000000786e00000|  0%| F|  |TAMS 0x0000000786d00000, 0x0000000786d00000| Untracked 
| 110|0x0000000786e00000, 0x0000000786f00000, 0x0000000786f00000|100%| S|CS|TAMS 0x0000000786e00000, 0x0000000786e00000| Complete 
| 111|0x0000000786f00000, 0x0000000787000000, 0x0000000787000000|100%| S|CS|TAMS 0x0000000786f00000, 0x0000000786f00000| Complete 
| 112|0x0000000787000000, 0x0000000787000000, 0x0000000787100000|  0%| F|  |TAMS 0x0000000787000000, 0x0000000787000000| Untracked 
| 113|0x0000000787100000, 0x0000000787100000, 0x0000000787200000|  0%| F|  |TAMS 0x0000000787100000, 0x0000000787100000| Untracked 
| 114|0x0000000787200000, 0x0000000787200000, 0x0000000787300000|  0%| F|  |TAMS 0x0000000787200000, 0x0000000787200000| Untracked 
| 115|0x0000000787300000, 0x0000000787300000, 0x0000000787400000|  0%| F|  |TAMS 0x0000000787300000, 0x0000000787300000| Untracked 
| 116|0x0000000787400000, 0x0000000787400000, 0x0000000787500000|  0%| F|  |TAMS 0x0000000787400000, 0x0000000787400000| Untracked 
| 117|0x0000000787500000, 0x0000000787500000, 0x0000000787600000|  0%| F|  |TAMS 0x0000000787500000, 0x0000000787500000| Untracked 
| 118|0x0000000787600000, 0x0000000787600000, 0x0000000787700000|  0%| F|  |TAMS 0x0000000787600000, 0x0000000787600000| Untracked 
| 119|0x0000000787700000, 0x0000000787700000, 0x0000000787800000|  0%| F|  |TAMS 0x0000000787700000, 0x0000000787700000| Untracked 
| 120|0x0000000787800000, 0x0000000787800000, 0x0000000787900000|  0%| F|  |TAMS 0x0000000787800000, 0x0000000787800000| Untracked 
| 121|0x0000000787900000, 0x0000000787900000, 0x0000000787a00000|  0%| F|  |TAMS 0x0000000787900000, 0x0000000787900000| Untracked 
| 122|0x0000000787a00000, 0x0000000787a00000, 0x0000000787b00000|  0%| F|  |TAMS 0x0000000787a00000, 0x0000000787a00000| Untracked 
| 123|0x0000000787b00000, 0x0000000787b00000, 0x0000000787c00000|  0%| F|  |TAMS 0x0000000787b00000, 0x0000000787b00000| Untracked 
| 124|0x0000000787c00000, 0x0000000787c00000, 0x0000000787d00000|  0%| F|  |TAMS 0x0000000787c00000, 0x0000000787c00000| Untracked 
| 125|0x0000000787d00000, 0x0000000787d00000, 0x0000000787e00000|  0%| F|  |TAMS 0x0000000787d00000, 0x0000000787d00000| Untracked 
| 126|0x0000000787e00000, 0x0000000787e78c28, 0x0000000787f00000| 47%| E|  |TAMS 0x0000000787e00000, 0x0000000787e00000| Complete 
| 127|0x0000000787f00000, 0x0000000788000000, 0x0000000788000000|100%| E|CS|TAMS 0x0000000787f00000, 0x0000000787f00000| Complete 
|1022|0x00000007bfe00000, 0x00000007bfe51000, 0x00000007bff00000| 31%|OA|  |TAMS 0x00000007bfe00000, 0x00000007bfe00000| Untracked 
|1023|0x00000007bff00000, 0x00000007bff79000, 0x00000007c0000000| 47%|CA|  |TAMS 0x00000007bff00000, 0x00000007bff00000| Untracked 

Card table byte_map: [0x000000011089a000,0x0000000110c9a000] _byte_map_base: 0x000000010cc9a000

Marking Bits (Prev, Next): (CMBitMap*) 0x00007f82ea00aa10, (CMBitMap*) 0x00007f82ea00aa50
 Prev Bits: [0x000000011109a000, 0x000000011309a000)
 Next Bits: [0x000000011309a000, 0x000000011509a000)

Polling page: 0x0000000110233000

Metaspace:

Usage:
  Non-class:      9.06 MB capacity,     8.91 MB ( 98%) used,   134.41 KB (  1%) free+waste,    14.62 KB ( <1%) overhead. 
      Class:      1.18 MB capacity,     1.12 MB ( 94%) used,    60.12 KB (  5%) free+waste,     6.44 KB ( <1%) overhead. 
       Both:     10.24 MB capacity,    10.03 MB ( 98%) used,   194.53 KB (  2%) free+waste,    21.06 KB ( <1%) overhead. 

Virtual space:
  Non-class space:       10.00 MB reserved,       9.25 MB ( 92%) committed 
      Class space:        1.00 GB reserved,       1.25 MB ( <1%) committed 
             Both:        1.01 GB reserved,      10.50 MB (  1%) committed 

Chunk freelists:
   Non-Class:  23.00 KB
       Class:  23.00 KB
        Both:  46.00 KB

MaxMetaspaceSize: 17179869184.00 GB
CompressedClassSpaceSize: 1.00 GB

CodeHeap 'non-profiled nmethods': size=120032Kb used=476Kb max_used=476Kb free=119555Kb
 bounds [0x0000000126a64000, 0x0000000126cd4000, 0x000000012df9c000]
CodeHeap 'profiled nmethods': size=120028Kb used=2268Kb max_used=2268Kb free=117759Kb
 bounds [0x000000011f52d000, 0x000000011f79d000, 0x0000000126a64000]
CodeHeap 'non-nmethods': size=5700Kb used=1290Kb max_used=1292Kb free=4409Kb
 bounds [0x000000011ef9c000, 0x000000011f20c000, 0x000000011f52d000]
 total_blobs=1910 nmethods=1320 adapters=504
 compilation: enabled
              stopped_count=0, restarted_count=0
 full_count=0

Compilation events (20 events):
Event: 4.066 Thread 0x00007f82e8842000 1312       3       sun.java2d.loops.GraphicsPrimitiveMgr$2::compare (39 bytes)
Event: 4.066 Thread 0x00007f82e8842000 nmethod 1312 0x000000011f760d10 code [0x000000011f760ec0, 0x000000011f7612b0]
Event: 4.066 Thread 0x00007f82e8842000 1313       1       sun.java2d.loops.CompositeType::getSuperType (5 bytes)
Event: 4.066 Thread 0x00007f82e8842000 nmethod 1313 0x0000000126ada510 code [0x0000000126ada6a0, 0x0000000126ada750]
Event: 4.067 Thread 0x00007f82e8842000 1314       3       java.util.Arrays::binarySearch0 (95 bytes)
Event: 4.067 Thread 0x00007f82e8842000 nmethod 1314 0x000000011f761410 code [0x000000011f7615e0, 0x000000011f7619d0]
Event: 4.071 Thread 0x00007f82e8842000 1315       3       sun.java2d.loops.GraphicsPrimitiveMgr::locate (104 bytes)
Event: 4.071 Thread 0x00007f82e8842000 nmethod 1315 0x000000011f761b90 code [0x000000011f761dc0, 0x000000011f762850]
Event: 4.071 Thread 0x00007f82e8842000 1316       3       java.util.Arrays::binarySearch (10 bytes)
Event: 4.071 Thread 0x00007f82e8842000 nmethod 1316 0x000000011f762b10 code [0x000000011f762ca0, 0x000000011f762dc0]
Event: 4.072 Thread 0x00007f82e8842000 1317       1       java.awt.Component::getParent_NoClientCode (5 bytes)
Event: 4.072 Thread 0x00007f82e8842000 nmethod 1317 0x0000000126ada810 code [0x0000000126ada9a0, 0x0000000126adaa50]
Event: 4.074 Thread 0x00007f82e8842000 1318       1       java.awt.AWTEvent::getID (5 bytes)
Event: 4.074 Thread 0x00007f82e8842000 nmethod 1318 0x0000000126adab10 code [0x0000000126adaca0, 0x0000000126adad50]
Event: 4.074 Thread 0x00007f82e8842000 1319       3       java.awt.Component::getTreeLock (4 bytes)
Event: 4.074 Thread 0x00007f82e8842000 nmethod 1319 0x000000011f762e90 code [0x000000011f763020, 0x000000011f763130]
Event: 4.075 Thread 0x00007f82e8842000 1320   !   3       sun.awt.AppContext::get (123 bytes)
Event: 4.075 Thread 0x00007f82e8842000 nmethod 1320 0x000000011f763190 code [0x000000011f7633a0, 0x000000011f763e40]
Event: 4.805 Thread 0x00007f82e8842000 1321       1       java.util.concurrent.locks.AbstractOwnableSynchronizer::getExclusiveOwnerThread (5 bytes)
Event: 4.805 Thread 0x00007f82e8842000 nmethod 1321 0x0000000126adae10 code [0x0000000126adafa0, 0x0000000126adb050]

GC Heap History (6 events):
Event: 0.564 GC heap before
{Heap before GC invocations=0 (full 0):
 garbage-first heap   total 133120K, used 14120K [0x0000000780000000, 0x0000000800000000)
  region size 1024K, 13 young (13312K), 0 survivors (0K)
 Metaspace       used 720K, capacity 4483K, committed 4864K, reserved 1056768K
  class space    used 44K, capacity 385K, committed 512K, reserved 1048576K
}
Event: 0.573 GC heap after
{Heap after GC invocations=1 (full 0):
 garbage-first heap   total 133120K, used 11257K [0x0000000780000000, 0x0000000800000000)
  region size 1024K, 2 young (2048K), 2 survivors (2048K)
 Metaspace       used 720K, capacity 4483K, committed 4864K, reserved 1056768K
  class space    used 44K, capacity 385K, committed 512K, reserved 1048576K
}
Event: 0.967 GC heap before
{Heap before GC invocations=1 (full 0):
 garbage-first heap   total 133120K, used 17401K [0x0000000780000000, 0x0000000800000000)
  region size 1024K, 9 young (9216K), 2 survivors (2048K)
 Metaspace       used 2265K, capacity 4805K, committed 5120K, reserved 1056768K
  class space    used 185K, capacity 427K, committed 512K, reserved 1048576K
}
Event: 0.971 GC heap after
{Heap after GC invocations=2 (full 0):
 garbage-first heap   total 133120K, used 13921K [0x0000000780000000, 0x0000000800000000)
  region size 1024K, 2 young (2048K), 2 survivors (2048K)
 Metaspace       used 2265K, capacity 4805K, committed 5120K, reserved 1056768K
  class space    used 185K, capacity 427K, committed 512K, reserved 1048576K
}
Event: 4.054 GC heap before
{Heap before GC invocations=2 (full 0):
 garbage-first heap   total 133120K, used 27233K [0x0000000780000000, 0x0000000800000000)
  region size 1024K, 16 young (16384K), 2 survivors (2048K)
 Metaspace       used 10014K, capacity 10194K, committed 10496K, reserved 1058816K
  class space    used 1121K, capacity 1177K, committed 1280K, reserved 1048576K
}
Event: 4.059 GC heap after
{Heap after GC invocations=3 (full 0):
 garbage-first heap   total 133120K, used 16805K [0x0000000780000000, 0x0000000800000000)
  region size 1024K, 2 young (2048K), 2 survivors (2048K)
 Metaspace       used 10014K, capacity 10194K, committed 10496K, reserved 1058816K
  class space    used 1121K, capacity 1177K, committed 1280K, reserved 1048576K
}

Deoptimization events (20 events):
Event: 3.441 Thread 0x00007f82e8809600 Uncommon trap: trap_request=0xffffffc6 fr.pc=0x0000000126ab31c8 relative=0x0000000000000568
Event: 3.441 Thread 0x00007f82e8809600 Uncommon trap: reason=bimorphic_or_optimized_type_check action=maybe_recompile pc=0x0000000126ab31c8 method=java.util.HashMap.getNode(Ljava/lang/Object;)Ljava/util/HashMap$Node; @ 128 c2
Event: 3.441 Thread 0x00007f82e8809600 DEOPT PACKING pc=0x0000000126ab31c8 sp=0x0000700003dd7ff0
Event: 3.441 Thread 0x00007f82e8809600 DEOPT UNPACKING pc=0x000000011efea125 sp=0x0000700003dd7f88 mode 2
Event: 3.448 Thread 0x00007f82e8809600 Uncommon trap: trap_request=0xffffff45 fr.pc=0x0000000126a90c08 relative=0x00000000000005e8
Event: 3.448 Thread 0x00007f82e8809600 Uncommon trap: reason=unstable_if action=reinterpret pc=0x0000000126a90c08 method=java.lang.AbstractStringBuilder.append(Ljava/lang/String;)Ljava/lang/AbstractStringBuilder; @ 1 c2
Event: 3.448 Thread 0x00007f82e8809600 DEOPT PACKING pc=0x0000000126a90c08 sp=0x0000700003dd8a00
Event: 3.448 Thread 0x00007f82e8809600 DEOPT UNPACKING pc=0x000000011efea125 sp=0x0000700003dd89e8 mode 2
Event: 3.808 Thread 0x00007f82e8809600 Uncommon trap: trap_request=0xffffffc6 fr.pc=0x0000000126ab31c8 relative=0x0000000000000568
Event: 3.808 Thread 0x00007f82e8809600 Uncommon trap: reason=bimorphic_or_optimized_type_check action=maybe_recompile pc=0x0000000126ab31c8 method=java.util.HashMap.getNode(Ljava/lang/Object;)Ljava/util/HashMap$Node; @ 128 c2
Event: 3.808 Thread 0x00007f82e8809600 DEOPT PACKING pc=0x0000000126ab31c8 sp=0x0000700003dd9660
Event: 3.808 Thread 0x00007f82e8809600 DEOPT UNPACKING pc=0x000000011efea125 sp=0x0000700003dd95f8 mode 2
Event: 3.911 Thread 0x00007f82e8809600 Uncommon trap: trap_request=0xffffff45 fr.pc=0x0000000126abe4f4 relative=0x0000000000000954
Event: 3.911 Thread 0x00007f82e8809600 Uncommon trap: reason=unstable_if action=reinterpret pc=0x0000000126abe4f4 method=java.util.HashMap.hash(Ljava/lang/Object;)I @ 1 c2
Event: 3.911 Thread 0x00007f82e8809600 DEOPT PACKING pc=0x0000000126abe4f4 sp=0x0000700003dd92e0
Event: 3.911 Thread 0x00007f82e8809600 DEOPT UNPACKING pc=0x000000011efea125 sp=0x0000700003dd9270 mode 2
Event: 3.918 Thread 0x00007f82e8809600 Uncommon trap: trap_request=0xffffff45 fr.pc=0x0000000126acb168 relative=0x0000000000000248
Event: 3.918 Thread 0x00007f82e8809600 Uncommon trap: reason=unstable_if action=reinterpret pc=0x0000000126acb168 method=java.util.HashMap.hash(Ljava/lang/Object;)I @ 1 c2
Event: 3.918 Thread 0x00007f82e8809600 DEOPT PACKING pc=0x0000000126acb168 sp=0x0000700003dd9250
Event: 3.918 Thread 0x00007f82e8809600 DEOPT UNPACKING pc=0x000000011efea125 sp=0x0000700003dd9168 mode 2

Classes unloaded (0 events):
No events

Classes redefined (0 events):
No events

Internal exceptions (20 events):
Event: 3.464 Thread 0x00007f82e8809600 Exception <a 'java/lang/ClassNotFoundException'{0x0000000787394028}: sun/awt/resources/spi/awtProvider> (0x0000000787394028) 
thrown [./open/src/hotspot/share/classfile/systemDictionary.cpp, line 295]
Event: 3.490 Thread 0x00007f82e8809600 Exception <a 'java/io/FileNotFoundException'{0x00000007873d9780}> (0x00000007873d9780) 
thrown [./open/src/hotspot/share/prims/jni.cpp, line 578]
Event: 3.495 Thread 0x00007f82e8809600 Exception <a 'java/io/FileNotFoundException'{0x00000007872083e8}> (0x00000007872083e8) 
thrown [./open/src/hotspot/share/prims/jni.cpp, line 578]
Event: 3.524 Thread 0x00007f82e8809600 Exception <a 'java/lang/ClassNotFoundException'{0x00000007872389a8}: sun/awt/resources/spi/awtosxProvider> (0x00000007872389a8) 
thrown [./open/src/hotspot/share/classfile/systemDictionary.cpp, line 295]
Event: 3.847 Thread 0x00007f82e8809600 Exception <a 'java/lang/NoSuchMethodError'{0x00000007872ebbc8}: 'void java.lang.invoke.DirectMethodHandle$Holder.invokeStaticInit(java.lang.Object)'> (0x00000007872ebbc8) 
thrown [./open/src/hotspot/share/interpreter/linkResolver.cpp, line 782]
Event: 3.859 Thread 0x00007f82e8809600 Exception <a 'java/lang/NoSuchMethodError'{0x0000000787116508}: 'java.lang.Object java.lang.invoke.DirectMethodHandle$Holder.invokeStatic(java.lang.Object, int, java.lang.Object, java.lang.Object, java.lang.Object, java.lang.Object)'> (0x0000000787116508) 
thrown [./open/src/hotspot/share/interpreter/linkResolver.cpp, line 782]
Event: 3.864 Thread 0x00007f82e8809600 Exception <a 'java/lang/NoSuchMethodError'{0x000000078713c780}: 'java.lang.Object java.lang.invoke.DirectMethodHandle$Holder.invokeStatic(java.lang.Object, int, java.lang.Object)'> (0x000000078713c780) 
thrown [./open/src/hotspot/share/interpreter/linkResolver.cpp, line 782]
Event: 3.867 Thread 0x00007f82e8809600 Exception <a 'java/lang/ClassNotFoundException'{0x000000078716dc70}: com/apple/laf/resources/spi/aquaProvider> (0x000000078716dc70) 
thrown [./open/src/hotspot/share/classfile/systemDictionary.cpp, line 295]
Event: 3.900 Thread 0x00007f82e8809600 Exception <a 'java/lang/ClassNotFoundException'{0x00000007871dd1b0}: com/sun/swing/internal/plaf/basic/resources/spi/basicProvider> (0x00000007871dd1b0) 
thrown [./open/src/hotspot/share/classfile/systemDictionary.cpp, line 295]
Event: 3.911 Thread 0x00007f82e8809600 Implicit null exception at 0x0000000126abdbe0 to 0x0000000126abe4dc
Event: 3.918 Thread 0x00007f82e8809600 Implicit null exception at 0x0000000126acaf6f to 0x0000000126acb148
Event: 3.942 Thread 0x00007f82e8809600 Exception <a 'java/lang/NoSuchMethodError'{0x0000000787021508}: 'java.lang.Object java.lang.invoke.DirectMethodHandle$Holder.newInvokeSpecial(java.lang.Object, java.lang.Object, java.lang.Object, int, java.lang.Object)'> (0x0000000787021508) 
thrown [./open/src/hotspot/share/interpreter/linkResolver.cpp, line 782]
Event: 3.965 Thread 0x00007f82e8809600 Exception <a 'java/lang/NoSuchMethodError'{0x000000078702d2d0}: 'void java.lang.invoke.DirectMethodHandle$Holder.invokeStatic(java.lang.Object, int, long)'> (0x000000078702d2d0) 
thrown [./open/src/hotspot/share/interpreter/linkResolver.cpp, line 782]
Event: 3.970 Thread 0x00007f82e8809600 Exception <a 'java/lang/NoSuchMethodError'{0x0000000787046278}: 'java.lang.Object java.lang.invoke.Invokers$Holder.linkToTargetMethod(int, int, int, int, java.lang.Object)'> (0x0000000787046278) 
thrown [./open/src/hotspot/share/interpreter/linkResolver.cpp, line 782]
Event: 3.972 Thread 0x00007f82e8809600 Exception <a 'java/lang/NoSuchMethodError'{0x000000078706df48}: 'void java.lang.invoke.DirectMethodHandle$Holder.invokeStatic(java.lang.Object, java.lang.Object, long)'> (0x000000078706df48) 
thrown [./open/src/hotspot/share/interpreter/linkResolver.cpp, line 782]
Event: 3.982 Thread 0x00007f82ec83ea00 Exception <a 'java/lang/NoSuchMethodError'{0x00000007870bbf88}: 'void java.lang.invoke.DirectMethodHandle$Holder.invokeSpecial(java.lang.Object, java.lang.Object, long)'> (0x00000007870bbf88) 
thrown [./open/src/hotspot/share/interpreter/linkResolver.cpp, line 782]
Event: 4.017 Thread 0x00007f82ec8e4200 Exception <a 'java/lang/NoSuchMethodError'{0x0000000787048eb0}: 'void java.lang.invoke.DirectMethodHandle$Holder.invokeStatic(java.lang.Object, long)'> (0x0000000787048eb0) 
thrown [./open/src/hotspot/share/interpreter/linkResolver.cpp, line 782]
Event: 4.024 Thread 0x00007f82e8809600 Exception <a 'java/lang/NoSuchMethodError'{0x0000000787084738}: 'void java.lang.invoke.DirectMethodHandle$Holder.invokeStatic(java.lang.Object, long, long)'> (0x0000000787084738) 
thrown [./open/src/hotspot/share/interpreter/linkResolver.cpp, line 782]
Event: 4.025 Thread 0x00007f82e8809600 Exception <a 'java/lang/NoSuchMethodError'{0x0000000787089ff0}: 'java.lang.Object java.lang.invoke.DirectMethodHandle$Holder.newInvokeSpecial(java.lang.Object, long)'> (0x0000000787089ff0) 
thrown [./open/src/hotspot/share/interpreter/linkResolver.cpp, line 782]
Event: 4.027 Thread 0x00007f82e8809600 Exception <a 'java/lang/NoSuchMethodError'{0x00000007870944c8}: 'java.lang.Object java.lang.invoke.DirectMethodHandle$Holder.newInvokeSpecial(java.lang.Object, java.lang.Object, int)'> (0x00000007870944c8) 
thrown [./open/src/hotspot/share/interpreter/linkResolver.cpp, line 782]

Events (20 events):
Event: 4.064 loading class sun/awt/image/NativeLibLoader$1
Event: 4.064 loading class sun/awt/image/NativeLibLoader$1 done
Event: 4.064 loading class sun/awt/image/BufImgSurfaceManager
Event: 4.065 loading class sun/awt/image/BufImgSurfaceManager done
Event: 4.065 loading class sun/awt/image/BufImgSurfaceData
Event: 4.065 loading class sun/awt/image/BufImgSurfaceData done
Event: 4.066 loading class sun/awt/image/BufImgSurfaceData$ICMColorData
Event: 4.066 loading class sun/awt/image/BufImgSurfaceData$ICMColorData done
Event: 4.066 loading class sun/java2d/loops/RenderLoops
Event: 4.066 loading class sun/java2d/loops/RenderLoops done
Event: 4.067 loading class sun/awt/image/BufferedImageDevice
Event: 4.067 loading class sun/awt/image/BufferedImageDevice done
Event: 4.067 loading class java/awt/image/MultiResolutionImage
Event: 4.067 loading class java/awt/image/MultiResolutionImage done
Event: 4.067 loading class sun/awt/image/ToolkitImage
Event: 4.067 loading class sun/awt/image/ToolkitImage done
Event: 4.067 loading class sun/java2d/opengl/OGLSurfaceDataProxy
Event: 4.067 loading class sun/java2d/opengl/OGLSurfaceDataProxy done
Event: 4.067 loading class sun/java2d/StateTrackableDelegate$1
Event: 4.067 loading class sun/java2d/StateTrackableDelegate$1 done


Dynamic libraries:
0x00007fff7318b000 	/usr/lib/libz.1.dylib
0x000000010e9dd000 	/Users/georgegarrington/Library/Java/JavaVirtualMachines/openjdk-15/Contents/Home/lib/libjli.dylib
0x00007fff38e70000 	/System/Library/Frameworks/Cocoa.framework/Versions/A/Cocoa
0x00007fff46667000 	/System/Library/Frameworks/Security.framework/Versions/A/Security
0x00007fff37dd5000 	/System/Library/Frameworks/ApplicationServices.framework/Versions/A/ApplicationServices
0x00007fff70c4f000 	/usr/lib/libSystem.B.dylib
0x00007fff73a4c000 	/usr/lib/system/libcache.dylib
0x00007fff73a52000 	/usr/lib/system/libcommonCrypto.dylib
0x00007fff73a5e000 	/usr/lib/system/libcompiler_rt.dylib
0x00007fff73a66000 	/usr/lib/system/libcopyfile.dylib
0x00007fff73a70000 	/usr/lib/system/libcorecrypto.dylib
0x00007fff73c0f000 	/usr/lib/system/libdispatch.dylib
0x00007fff73c50000 	/usr/lib/system/libdyld.dylib
0x00007fff73c87000 	/usr/lib/system/libkeymgr.dylib
0x00007fff73c95000 	/usr/lib/system/liblaunch.dylib
0x00007fff73c96000 	/usr/lib/system/libmacho.dylib
0x00007fff73c9c000 	/usr/lib/system/libquarantine.dylib
0x00007fff73c9f000 	/usr/lib/system/libremovefile.dylib
0x00007fff73ca1000 	/usr/lib/system/libsystem_asl.dylib
0x00007fff73cb9000 	/usr/lib/system/libsystem_blocks.dylib
0x00007fff73cba000 	/usr/lib/system/libsystem_c.dylib
0x00007fff73d42000 	/usr/lib/system/libsystem_configuration.dylib
0x00007fff73d46000 	/usr/lib/system/libsystem_coreservices.dylib
0x00007fff73d4a000 	/usr/lib/system/libsystem_darwin.dylib
0x00007fff73d53000 	/usr/lib/system/libsystem_dnssd.dylib
0x00007fff73d5b000 	/usr/lib/system/libsystem_featureflags.dylib
0x00007fff73d5d000 	/usr/lib/system/libsystem_info.dylib
0x00007fff73dd8000 	/usr/lib/system/libsystem_m.dylib
0x00007fff73e20000 	/usr/lib/system/libsystem_malloc.dylib
0x00007fff73e48000 	/usr/lib/system/libsystem_networkextension.dylib
0x00007fff73e56000 	/usr/lib/system/libsystem_notify.dylib
0x00007fff73e74000 	/usr/lib/system/libsystem_sandbox.dylib
0x00007fff73e79000 	/usr/lib/system/libsystem_secinit.dylib
0x00007fff73dab000 	/usr/lib/system/libsystem_kernel.dylib
0x00007fff73e60000 	/usr/lib/system/libsystem_platform.dylib
0x00007fff73e69000 	/usr/lib/system/libsystem_pthread.dylib
0x00007fff73e7c000 	/usr/lib/system/libsystem_symptoms.dylib
0x00007fff73e84000 	/usr/lib/system/libsystem_trace.dylib
0x00007fff73e9c000 	/usr/lib/system/libunwind.dylib
0x00007fff73ea2000 	/usr/lib/system/libxpc.dylib
0x00007fff72aaf000 	/usr/lib/libobjc.A.dylib
0x00007fff70f88000 	/usr/lib/libc++abi.dylib
0x00007fff70f35000 	/usr/lib/libc++.1.dylib
0x00007fff39d12000 	/System/Library/Frameworks/CoreFoundation.framework/Versions/A/CoreFoundation
0x00007fff3c3cf000 	/System/Library/Frameworks/Foundation.framework/Versions/C/Foundation
0x00007fff36fc5000 	/System/Library/Frameworks/AppKit.framework/Versions/C/AppKit
0x00007fff397f4000 	/System/Library/Frameworks/CoreData.framework/Versions/A/CoreData
0x00007fff6ac64000 	/System/Library/PrivateFrameworks/UIFoundation.framework/Versions/A/UIFoundation
0x00007fff65cf8000 	/System/Library/PrivateFrameworks/RemoteViewServices.framework/Versions/A/RemoteViewServices
0x00007fff6d7bf000 	/System/Library/PrivateFrameworks/XCTTargetBootstrap.framework/Versions/A/XCTTargetBootstrap
0x00007fff39bdf000 	/System/Library/Frameworks/CoreDisplay.framework/Versions/A/CoreDisplay
0x00007fff3f28a000 	/System/Library/Frameworks/Metal.framework/Versions/A/Metal
0x00007fff53cfb000 	/System/Library/PrivateFrameworks/DesktopServicesPriv.framework/Versions/A/DesktopServicesPriv
0x00007fff71d8a000 	/usr/lib/liblangid.dylib
0x00007fff52f90000 	/System/Library/PrivateFrameworks/CoreSVG.framework/Versions/A/CoreSVG
0x00007fff68e54000 	/System/Library/PrivateFrameworks/SkyLight.framework/Versions/A/SkyLight
0x00007fff3a193000 	/System/Library/Frameworks/CoreGraphics.framework/Versions/A/CoreGraphics
0x00007fff35999000 	/System/Library/Frameworks/Accelerate.framework/Versions/A/Accelerate
0x00007fff7307c000 	/usr/lib/libxml2.2.dylib
0x00007fff5ec83000 	/System/Library/PrivateFrameworks/IconServices.framework/Versions/A/IconServices
0x00007fff3cbae000 	/System/Library/Frameworks/IOSurface.framework/Versions/A/IOSurface
0x00007fff70779000 	/usr/lib/libDiagnosticMessagesClient.dylib
0x00007fff53b55000 	/System/Library/PrivateFrameworks/DFRFoundation.framework/Versions/A/DFRFoundation
0x00007fff71b19000 	/usr/lib/libicucore.A.dylib
0x00007fff38107000 	/System/Library/Frameworks/AudioToolbox.framework/Versions/A/AudioToolbox
0x00007fff381ea000 	/System/Library/Frameworks/AudioUnit.framework/Versions/A/AudioUnit
0x00007fff70e51000 	/usr/lib/libauto.dylib
0x00007fff53bf7000 	/System/Library/PrivateFrameworks/DataDetectorsCore.framework/Versions/A/DataDetectorsCore
0x00007fff38991000 	/System/Library/Frameworks/Carbon.framework/Versions/A/Frameworks/HIToolbox.framework/Versions/A/HIToolbox
0x00007fff45863000 	/System/Library/Frameworks/QuartzCore.framework/Versions/A/QuartzCore
0x00007fff38cd0000 	/System/Library/Frameworks/Carbon.framework/Versions/A/Frameworks/SpeechRecognition.framework/Versions/A/SpeechRecognition
0x00007fff53669000 	/System/Library/PrivateFrameworks/CoreUI.framework/Versions/A/CoreUI
0x00007fff3925f000 	/System/Library/Frameworks/CoreAudio.framework/Versions/A/CoreAudio
0x00007fff3c08e000 	/System/Library/Frameworks/DiskArbitration.framework/Versions/A/DiskArbitration
0x00007fff60cd3000 	/System/Library/PrivateFrameworks/MultitouchSupport.framework/Versions/A/MultitouchSupport
0x00007fff719e0000 	/usr/lib/libenergytrace.dylib
0x00007fff3cb08000 	/System/Library/Frameworks/IOKit.framework/Versions/A/IOKit
0x00007fff3b0fa000 	/System/Library/Frameworks/CoreServices.framework/Versions/A/CoreServices
0x00007fff62e8b000 	/System/Library/PrivateFrameworks/PerformanceAnalysis.framework/Versions/A/PerformanceAnalysis
0x00007fff44896000 	/System/Library/Frameworks/OpenGL.framework/Versions/A/OpenGL
0x00007fff38e7e000 	/System/Library/Frameworks/ColorSync.framework/Versions/A/ColorSync
0x00007fff3a816000 	/System/Library/Frameworks/CoreImage.framework/Versions/A/CoreImage
0x00007fff3bb6d000 	/System/Library/Frameworks/CoreText.framework/Versions/A/CoreText
0x00007fff3cc3e000 	/System/Library/Frameworks/ImageIO.framework/Versions/A/ImageIO
0x00007fff70fb1000 	/usr/lib/libcompression.dylib
0x00007fff70abd000 	/usr/lib/libMobileGestalt.dylib
0x00007fff6a9ce000 	/System/Library/PrivateFrameworks/TextureIO.framework/Versions/A/TextureIO
0x00007fff70db4000 	/usr/lib/libate.dylib
0x00007fff5ee8c000 	/System/Library/PrivateFrameworks/InternationalSupport.framework/Versions/A/InternationalSupport
0x00007fff71d8c000 	/usr/lib/liblzma.5.dylib
0x00007fff71a07000 	/usr/lib/libfakelink.dylib
0x00007fff70d41000 	/usr/lib/libarchive.2.dylib
0x00007fff47718000 	/System/Library/Frameworks/SystemConfiguration.framework/Versions/A/SystemConfiguration
0x00007fff706ac000 	/usr/lib/libCRFSuite.dylib
0x00007fff38581000 	/System/Library/Frameworks/CFNetwork.framework/Versions/A/CFNetwork
0x00007fff70f17000 	/usr/lib/libbsm.0.dylib
0x00007fff73c88000 	/usr/lib/system/libkxld.dylib
0x00007fff4d4d2000 	/System/Library/PrivateFrameworks/AppleFSCompression.framework/Versions/A/AppleFSCompression
0x00007fff712a2000 	/usr/lib/libcoretls.dylib
0x00007fff712b9000 	/usr/lib/libcoretls_cfhelpers.dylib
0x00007fff72af5000 	/usr/lib/libpam.2.dylib
0x00007fff72c2a000 	/usr/lib/libsqlite3.dylib
0x00007fff73069000 	/usr/lib/libxar.1.dylib
0x00007fff70f28000 	/usr/lib/libbz2.1.0.dylib
0x00007fff71a28000 	/usr/lib/libiconv.2.dylib
0x00007fff70f9e000 	/usr/lib/libcharset.1.dylib
0x00007fff72592000 	/usr/lib/libnetwork.dylib
0x00007fff72afc000 	/usr/lib/libpcap.A.dylib
0x00007fff70cf6000 	/usr/lib/libapple_nghttp2.dylib
0x00007fff3b4b1000 	/System/Library/Frameworks/CoreServices.framework/Versions/A/Frameworks/FSEvents.framework/Versions/A/FSEvents
0x00007fff3b181000 	/System/Library/Frameworks/CoreServices.framework/Versions/A/Frameworks/CarbonCore.framework/Versions/A/CarbonCore
0x00007fff3b6f5000 	/System/Library/Frameworks/CoreServices.framework/Versions/A/Frameworks/Metadata.framework/Versions/A/Metadata
0x00007fff3b78e000 	/System/Library/Frameworks/CoreServices.framework/Versions/A/Frameworks/OSServices.framework/Versions/A/OSServices
0x00007fff3b7bc000 	/System/Library/Frameworks/CoreServices.framework/Versions/A/Frameworks/SearchKit.framework/Versions/A/SearchKit
0x00007fff3b0fb000 	/System/Library/Frameworks/CoreServices.framework/Versions/A/Frameworks/AE.framework/Versions/A/AE
0x00007fff3b4ba000 	/System/Library/Frameworks/CoreServices.framework/Versions/A/Frameworks/LaunchServices.framework/Versions/A/LaunchServices
0x00007fff3b463000 	/System/Library/Frameworks/CoreServices.framework/Versions/A/Frameworks/DictionaryServices.framework/Versions/A/DictionaryServices
0x00007fff3b824000 	/System/Library/Frameworks/CoreServices.framework/Versions/A/Frameworks/SharedFileList.framework/Versions/A/SharedFileList
0x00007fff406b5000 	/System/Library/Frameworks/NetFS.framework/Versions/A/NetFS
0x00007fff61203000 	/System/Library/PrivateFrameworks/NetAuth.framework/Versions/A/NetAuth
0x00007fff6db8c000 	/System/Library/PrivateFrameworks/login.framework/Versions/A/Frameworks/loginsupport.framework/Versions/A/loginsupport
0x00007fff6a499000 	/System/Library/PrivateFrameworks/TCC.framework/Versions/A/TCC
0x00007fff52103000 	/System/Library/PrivateFrameworks/CoreNLP.framework/Versions/A/CoreNLP
0x00007fff60700000 	/System/Library/PrivateFrameworks/MetadataUtilities.framework/Versions/A/MetadataUtilities
0x00007fff71e64000 	/usr/lib/libmecabra.dylib
0x00007fff71dbc000 	/usr/lib/libmecab.dylib
0x00007fff71a18000 	/usr/lib/libgermantok.dylib
0x00007fff70cdd000 	/usr/lib/libThaiTokenizer.dylib
0x00007fff706e3000 	/usr/lib/libChineseTokenizer.dylib
0x00007fff359b1000 	/System/Library/Frameworks/Accelerate.framework/Versions/A/Frameworks/vImage.framework/Versions/A/vImage
0x00007fff36e1b000 	/System/Library/Frameworks/Accelerate.framework/Versions/A/Frameworks/vecLib.framework/Versions/A/vecLib
0x00007fff36d58000 	/System/Library/Frameworks/Accelerate.framework/Versions/A/Frameworks/vecLib.framework/Versions/A/libvMisc.dylib
0x00007fff36b80000 	/System/Library/Frameworks/Accelerate.framework/Versions/A/Frameworks/vecLib.framework/Versions/A/libvDSP.dylib
0x00007fff36008000 	/System/Library/Frameworks/Accelerate.framework/Versions/A/Frameworks/vecLib.framework/Versions/A/libBLAS.dylib
0x00007fff36744000 	/System/Library/Frameworks/Accelerate.framework/Versions/A/Frameworks/vecLib.framework/Versions/A/libLAPACK.dylib
0x00007fff36ae0000 	/System/Library/Frameworks/Accelerate.framework/Versions/A/Frameworks/vecLib.framework/Versions/A/libLinearAlgebra.dylib
0x00007fff36b6d000 	/System/Library/Frameworks/Accelerate.framework/Versions/A/Frameworks/vecLib.framework/Versions/A/libSparseBLAS.dylib
0x00007fff36af6000 	/System/Library/Frameworks/Accelerate.framework/Versions/A/Frameworks/vecLib.framework/Versions/A/libQuadrature.dylib
0x00007fff36270000 	/System/Library/Frameworks/Accelerate.framework/Versions/A/Frameworks/vecLib.framework/Versions/A/libBNNS.dylib
0x00007fff36afc000 	/System/Library/Frameworks/Accelerate.framework/Versions/A/Frameworks/vecLib.framework/Versions/A/libSparse.dylib
0x00007fff5f274000 	/System/Library/PrivateFrameworks/LanguageModeling.framework/Versions/A/LanguageModeling
0x00007fff51ab3000 	/System/Library/PrivateFrameworks/CoreEmoji.framework/Versions/A/CoreEmoji
0x00007fff5f392000 	/System/Library/PrivateFrameworks/LinguisticData.framework/Versions/A/LinguisticData
0x00007fff5f343000 	/System/Library/PrivateFrameworks/Lexicon.framework/Versions/A/Lexicon
0x00007fff70f9f000 	/usr/lib/libcmph.dylib
0x00007fff432a4000 	/System/Library/Frameworks/OpenDirectory.framework/Versions/A/Frameworks/CFOpenDirectory.framework/Versions/A/CFOpenDirectory
0x00007fff432c1000 	/System/Library/Frameworks/OpenDirectory.framework/Versions/A/OpenDirectory
0x00007fff4b702000 	/System/Library/PrivateFrameworks/APFS.framework/Versions/A/APFS
0x00007fff469b1000 	/System/Library/Frameworks/SecurityFoundation.framework/Versions/A/SecurityFoundation
0x00007fff73065000 	/usr/lib/libutil.dylib
0x00007fff52fe8000 	/System/Library/PrivateFrameworks/CoreServicesStore.framework/Versions/A/CoreServicesStore
0x00007fff46a68000 	/System/Library/Frameworks/ServiceManagement.framework/Versions/A/ServiceManagement
0x00007fff4eca2000 	/System/Library/PrivateFrameworks/BackgroundTaskManagement.framework/Versions/A/BackgroundTaskManagement
0x00007fff73162000 	/usr/lib/libxslt.1.dylib
0x00007fff4db45000 	/System/Library/PrivateFrameworks/AppleSystemInfo.framework/Versions/A/AppleSystemInfo
0x00007fff3ce59000 	/System/Library/Frameworks/ImageIO.framework/Versions/A/Resources/libJPEG.dylib
0x00007fff3d118000 	/System/Library/Frameworks/ImageIO.framework/Versions/A/Resources/libTIFF.dylib
0x00007fff3d0fb000 	/System/Library/Frameworks/ImageIO.framework/Versions/A/Resources/libPng.dylib
0x00007fff3cd9b000 	/System/Library/Frameworks/ImageIO.framework/Versions/A/Resources/libGIF.dylib
0x00007fff3cd9f000 	/System/Library/Frameworks/ImageIO.framework/Versions/A/Resources/libJP2.dylib
0x00007fff3d116000 	/System/Library/Frameworks/ImageIO.framework/Versions/A/Resources/libRadiance.dylib
0x00007fff719e1000 	/usr/lib/libexpat.1.dylib
0x00007fff4d62d000 	/System/Library/PrivateFrameworks/AppleJPEG.framework/Versions/A/AppleJPEG
0x00007fff562e8000 	/System/Library/PrivateFrameworks/FontServices.framework/libFontParser.dylib
0x00007fff6cb8e000 	/System/Library/PrivateFrameworks/WatchdogClient.framework/Versions/A/WatchdogClient
0x00007fff5e8cf000 	/System/Library/PrivateFrameworks/IOAccelerator.framework/Versions/A/IOAccelerator
0x00007fff3f625000 	/System/Library/Frameworks/MetalPerformanceShaders.framework/Versions/A/MetalPerformanceShaders
0x00007fff5b065000 	/System/Library/PrivateFrameworks/GPUWrangler.framework/Versions/A/GPUWrangler
0x00007fff5e8e4000 	/System/Library/PrivateFrameworks/IOPresentment.framework/Versions/A/IOPresentment
0x00007fff53b68000 	/System/Library/PrivateFrameworks/DSExternalDisplay.framework/Versions/A/DSExternalDisplay
0x00007fff43c35000 	/System/Library/Frameworks/OpenGL.framework/Versions/A/Libraries/libCoreFSCache.dylib
0x00007fff3f371000 	/System/Library/Frameworks/MetalPerformanceShaders.framework/Frameworks/MPSCore.framework/Versions/A/MPSCore
0x00007fff3f3af000 	/System/Library/Frameworks/MetalPerformanceShaders.framework/Frameworks/MPSImage.framework/Versions/A/MPSImage
0x00007fff3f476000 	/System/Library/Frameworks/MetalPerformanceShaders.framework/Frameworks/MPSNeuralNetwork.framework/Versions/A/MPSNeuralNetwork
0x00007fff3f43a000 	/System/Library/Frameworks/MetalPerformanceShaders.framework/Frameworks/MPSMatrix.framework/Versions/A/MPSMatrix
0x00007fff3f5d5000 	/System/Library/Frameworks/MetalPerformanceShaders.framework/Frameworks/MPSRayIntersector.framework/Versions/A/MPSRayIntersector
0x00007fff3f460000 	/System/Library/Frameworks/MetalPerformanceShaders.framework/Frameworks/MPSNDArray.framework/Versions/A/MPSNDArray
0x00007fff6074d000 	/System/Library/PrivateFrameworks/MetalTools.framework/Versions/A/MetalTools
0x00007fff4c8dc000 	/System/Library/PrivateFrameworks/AggregateDictionary.framework/Versions/A/AggregateDictionary
0x00007fff514fb000 	/System/Library/PrivateFrameworks/CoreAnalytics.framework/Versions/A/CoreAnalytics
0x00007fff4da64000 	/System/Library/PrivateFrameworks/AppleSauce.framework/Versions/A/AppleSauce
0x00007fff7099f000 	/usr/lib/libIOReport.dylib
0x00007fff3bd25000 	/System/Library/Frameworks/CoreVideo.framework/Versions/A/CoreVideo
0x00007fff5c4de000 	/System/Library/PrivateFrameworks/GraphVisualizer.framework/Versions/A/GraphVisualizer
0x00007fff5582e000 	/System/Library/PrivateFrameworks/FaceCore.framework/Versions/A/FaceCore
0x00007fff4324b000 	/System/Library/Frameworks/OpenCL.framework/Versions/A/OpenCL
0x00007fff707c1000 	/usr/lib/libFosl_dynamic.dylib
0x00007fff61c23000 	/System/Library/PrivateFrameworks/OTSVG.framework/Versions/A/OTSVG
0x00007fff37eda000 	/System/Library/Frameworks/ApplicationServices.framework/Versions/A/Frameworks/ATS.framework/Versions/A/Resources/libFontRegistry.dylib
0x00007fff564b9000 	/System/Library/PrivateFrameworks/FontServices.framework/libhvf.dylib
0x00007fff43c40000 	/System/Library/Frameworks/OpenGL.framework/Versions/A/Libraries/libGFXShared.dylib
0x00007fff43e1e000 	/System/Library/Frameworks/OpenGL.framework/Versions/A/Libraries/libGLU.dylib
0x00007fff43c49000 	/System/Library/Frameworks/OpenGL.framework/Versions/A/Libraries/libGL.dylib
0x00007fff43c54000 	/System/Library/Frameworks/OpenGL.framework/Versions/A/Libraries/libGLImage.dylib
0x00007fff43c32000 	/System/Library/Frameworks/OpenGL.framework/Versions/A/Libraries/libCVMSPluginSupport.dylib
0x00007fff43c3b000 	/System/Library/Frameworks/OpenGL.framework/Versions/A/Libraries/libCoreVMClient.dylib
0x00007fff72433000 	/usr/lib/libncurses.5.4.dylib
0x00007fff37dd6000 	/System/Library/Frameworks/ApplicationServices.framework/Versions/A/Frameworks/ATS.framework/Versions/A/ATS
0x00007fff37fa3000 	/System/Library/Frameworks/ApplicationServices.framework/Versions/A/Frameworks/ColorSyncLegacy.framework/Versions/A/ColorSyncLegacy
0x00007fff38041000 	/System/Library/Frameworks/ApplicationServices.framework/Versions/A/Frameworks/HIServices.framework/Versions/A/HIServices
0x00007fff38099000 	/System/Library/Frameworks/ApplicationServices.framework/Versions/A/Frameworks/LangAnalysis.framework/Versions/A/LangAnalysis
0x00007fff380a8000 	/System/Library/Frameworks/ApplicationServices.framework/Versions/A/Frameworks/PrintCore.framework/Versions/A/PrintCore
0x00007fff380ee000 	/System/Library/Frameworks/ApplicationServices.framework/Versions/A/Frameworks/QD.framework/Versions/A/QD
0x00007fff380f9000 	/System/Library/Frameworks/ApplicationServices.framework/Versions/A/Frameworks/SpeechSynthesis.framework/Versions/A/SpeechSynthesis
0x00007fff37f73000 	/System/Library/Frameworks/ApplicationServices.framework/Versions/A/Frameworks/ATSUI.framework/Versions/A/ATSUI
0x00007fff71877000 	/usr/lib/libcups.2.dylib
0x00007fff3e6c0000 	/System/Library/Frameworks/Kerberos.framework/Versions/A/Kerberos
0x00007fff3c801000 	/System/Library/Frameworks/GSS.framework/Versions/A/GSS
0x00007fff72bb6000 	/usr/lib/libresolv.9.dylib
0x00007fff5c68b000 	/System/Library/PrivateFrameworks/Heimdal.framework/Versions/A/Heimdal
0x00007fff3e6d3000 	/System/Library/Frameworks/Kerberos.framework/Versions/A/Libraries/libHeimdalProxy.dylib
0x00007fff71a1e000 	/usr/lib/libheimdal-asn1.dylib
0x00007fff50993000 	/System/Library/PrivateFrameworks/CommonAuth.framework/Versions/A/CommonAuth
0x00007fff4dbe2000 	/System/Library/PrivateFrameworks/AssertionServices.framework/Versions/A/AssertionServices
0x00007fff4e785000 	/System/Library/PrivateFrameworks/AudioToolboxCore.framework/Versions/A/AudioToolboxCore
0x00007fff6d83c000 	/System/Library/PrivateFrameworks/caulk.framework/Versions/A/caulk
0x00007fff4ed4e000 	/System/Library/PrivateFrameworks/BaseBoard.framework/Versions/A/BaseBoard
0x00007fff65e86000 	/System/Library/PrivateFrameworks/RunningBoardServices.framework/Versions/A/RunningBoardServices
0x00007fff62e97000 	/System/Library/PrivateFrameworks/PersistentConnection.framework/Versions/A/PersistentConnection
0x00007fff6587f000 	/System/Library/PrivateFrameworks/ProtocolBuffer.framework/Versions/A/ProtocolBuffer
0x00007fff509b7000 	/System/Library/PrivateFrameworks/CommonUtilities.framework/Versions/A/CommonUtilities
0x00007fff4eedc000 	/System/Library/PrivateFrameworks/Bom.framework/Versions/A/Bom
0x00007fff70672000 	/usr/lib/libAudioToolboxUtility.dylib
0x00007fff4ecac000 	/System/Library/PrivateFrameworks/Backup.framework/Versions/A/Backup
0x00007fff53a89000 	/System/Library/PrivateFrameworks/CrashReporterSupport.framework/Versions/A/CrashReporterSupport
0x00007fff67918000 	/System/Library/PrivateFrameworks/Sharing.framework/Versions/A/Sharing
0x00007fff4d1f0000 	/System/Library/PrivateFrameworks/Apple80211.framework/Versions/A/Apple80211
0x00007fff4e9c9000 	/System/Library/PrivateFrameworks/AuthKit.framework/Versions/A/AuthKit
0x00007fff53796000 	/System/Library/PrivateFrameworks/CoreUtils.framework/Versions/A/CoreUtils
0x00007fff3bd6a000 	/System/Library/Frameworks/CoreWLAN.framework/Versions/A/CoreWLAN
0x00007fff3c98e000 	/System/Library/Frameworks/IOBluetooth.framework/Versions/A/IOBluetooth
0x00007fff60a52000 	/System/Library/PrivateFrameworks/MobileKeyBag.framework/Versions/A/MobileKeyBag
0x00007fff5259b000 	/System/Library/PrivateFrameworks/CorePhoneNumbers.framework/Versions/A/CorePhoneNumbers
0x00007fff4d5e0000 	/System/Library/PrivateFrameworks/AppleIDAuthSupport.framework/Versions/A/AppleIDAuthSupport
0x00007fff406c2000 	/System/Library/Frameworks/Network.framework/Versions/A/Network
0x00007fff5f120000 	/System/Library/PrivateFrameworks/KeychainCircle.framework/Versions/A/KeychainCircle
0x00007fff397bb000 	/System/Library/Frameworks/CoreBluetooth.framework/Versions/A/CoreBluetooth
0x00007fff69997000 	/System/Library/PrivateFrameworks/SpeechRecognitionCore.framework/Versions/A/SpeechRecognitionCore
0x000000010f200000 	/Users/georgegarrington/Library/Java/JavaVirtualMachines/openjdk-15/Contents/Home/lib/server/libjvm.dylib
0x0000000110227000 	/Users/georgegarrington/Library/Java/JavaVirtualMachines/openjdk-15/Contents/Home/lib/libjimage.dylib
0x0000000110235000 	/Users/georgegarrington/Library/Java/JavaVirtualMachines/openjdk-15/Contents/Home/lib/libinstrument.dylib
0x0000000110245000 	/Users/georgegarrington/Library/Java/JavaVirtualMachines/openjdk-15/Contents/Home/lib/libjava.dylib
0x00000001158ef000 	/Users/georgegarrington/Library/Java/JavaVirtualMachines/openjdk-15/Contents/Home/lib/libzip.dylib
0x00000001158fd000 	/Users/georgegarrington/Library/Java/JavaVirtualMachines/openjdk-15/Contents/Home/lib/libnio.dylib
0x0000000115911000 	/Users/georgegarrington/Library/Java/JavaVirtualMachines/openjdk-15/Contents/Home/lib/libnet.dylib
0x000000011592a000 	/Users/georgegarrington/Library/Java/JavaVirtualMachines/openjdk-15/Contents/Home/lib/libextnet.dylib
0x0000000115931000 	/Users/georgegarrington/Library/Java/JavaVirtualMachines/openjdk-15/Contents/Home/lib/libverify.dylib
0x0000000115942000 	/private/var/folders/3g/_z3bf8517v1_mp78w_2vwxq00000gn/T/BridJExtractedLibraries3038441766098372194/libbridj.dylib
0x000000011595d000 	/private/var/folders/3g/_z3bf8517v1_mp78w_2vwxq00000gn/T/BridJExtractedLibraries3038441766098372194/libOpenIMAJGrabber.dylib
0x00007fff3af32000 	/System/Library/Frameworks/CoreMedia.framework/Versions/A/CoreMedia
0x00007fff355b1000 	/System/Library/Frameworks/AVFoundation.framework/Versions/A/AVFoundation
0x00007fff44ffe000 	/System/Library/Frameworks/QTKit.framework/Versions/A/QTKit
0x00007fff72c28000 	/usr/lib/libspindump.dylib
0x00007fff357ad000 	/System/Library/Frameworks/AVFoundation.framework/Versions/A/Frameworks/AVFAudio.framework/Versions/A/AVFAudio
0x00007fff5fe9c000 	/System/Library/PrivateFrameworks/MediaExperience.framework/Versions/A/MediaExperience
0x00007fff3eb3b000 	/System/Library/Frameworks/MediaToolbox.framework/Versions/A/MediaToolbox
0x00007fff47a12000 	/System/Library/Frameworks/VideoToolbox.framework/Versions/A/VideoToolbox
0x00007fff3b00e000 	/System/Library/Frameworks/CoreMediaIO.framework/Versions/A/CoreMediaIO
0x00007fff70665000 	/usr/lib/libAudioStatistics.dylib
0x00007fff6dbd4000 	/System/Library/PrivateFrameworks/perfdata.framework/Versions/A/perfdata
0x00007fff72b72000 	/usr/lib/libperfcheck.dylib
0x00007fff70b5d000 	/usr/lib/libSMC.dylib
0x00007fff4e134000 	/System/Library/PrivateFrameworks/AudioResourceArbitration.framework/Versions/A/AudioResourceArbitration
0x00007fff514ab000 	/System/Library/PrivateFrameworks/CoreAVCHD.framework/Versions/A/CoreAVCHD
0x00007fff3ea65000 	/System/Library/Frameworks/MediaAccessibility.framework/Versions/A/MediaAccessibility
0x00007fff5fc30000 	/System/Library/PrivateFrameworks/Mangrove.framework/Versions/A/Mangrove
0x00007fff510d5000 	/System/Library/PrivateFrameworks/CoreAUC.framework/Versions/A/CoreAUC
0x00007fff4db49000 	/System/Library/PrivateFrameworks/AppleVA.framework/Versions/A/AppleVA
0x00007fff3898c000 	/System/Library/Frameworks/Carbon.framework/Versions/A/Carbon
0x00007fff3898d000 	/System/Library/Frameworks/Carbon.framework/Versions/A/Frameworks/CommonPanels.framework/Versions/A/CommonPanels
0x00007fff38c86000 	/System/Library/Frameworks/Carbon.framework/Versions/A/Frameworks/Help.framework/Versions/A/Help
0x00007fff38c8a000 	/System/Library/Frameworks/Carbon.framework/Versions/A/Frameworks/ImageCapture.framework/Versions/A/ImageCapture
0x00007fff38c91000 	/System/Library/Frameworks/Carbon.framework/Versions/A/Frameworks/OpenScripting.framework/Versions/A/OpenScripting
0x00007fff38c90000 	/System/Library/Frameworks/Carbon.framework/Versions/A/Frameworks/Ink.framework/Versions/A/Ink
0x00007fff38ccc000 	/System/Library/Frameworks/Carbon.framework/Versions/A/Frameworks/Print.framework/Versions/A/Print
0x00007fff38ccd000 	/System/Library/Frameworks/Carbon.framework/Versions/A/Frameworks/SecurityHI.framework/Versions/A/SecurityHI
0x000000011599c000 	/System/Library/Extensions/AppleHDA.kext/Contents/PlugIns/AppleHDAHALPlugIn.bundle/Contents/MacOS/AppleHDAHALPlugIn
0x00000001159a9000 	/System/Library/Frameworks/CoreMediaIO.framework/Resources/AppleCamera.plugin/Contents/MacOS/AppleCamera
0x00007fff6db8f000 	/System/Library/PrivateFrameworks/login.framework/Versions/A/login
0x00000001159d7000 	/System/Library/Frameworks/CoreMediaIO.framework/Resources/BaseUnits/CMIOBaseUnits.bundle/Contents/MacOS/CMIOBaseUnits
0x0000000115b27000 	/System/Library/Frameworks/CoreMediaIO.framework/Resources/CMIOUnits.bundle/Contents/MacOS/CMIOUnits
0x00007fff55818000 	/System/Library/PrivateFrameworks/FWAVC.framework/Versions/A/FWAVC
0x0000000115bff000 	/System/Library/Components/AudioCodecs.component/Contents/MacOS/AudioCodecs
0x0000000116279000 	/Users/georgegarrington/Library/Java/JavaVirtualMachines/openjdk-15/Contents/Home/lib/libawt.dylib
0x0000000116330000 	/Users/georgegarrington/Library/Java/JavaVirtualMachines/openjdk-15/Contents/Home/lib/libmlib_image.dylib
0x00007fff3e6aa000 	/System/Library/Frameworks/JavaVM.framework/Versions/A/Frameworks/JavaNativeFoundation.framework/Versions/A/JavaNativeFoundation
0x00007fff3e6b3000 	/System/Library/Frameworks/JavaVM.framework/Versions/A/Frameworks/JavaRuntimeSupport.framework/Versions/A/JavaRuntimeSupport
0x00007fff3e6bb000 	/System/Library/Frameworks/JavaVM.framework/Versions/A/JavaVM
0x00007fff5ef37000 	/System/Library/PrivateFrameworks/JavaLaunching.framework/Versions/A/JavaLaunching
0x00007fff5353b000 	/System/Library/PrivateFrameworks/CoreSymbolication.framework/Versions/A/CoreSymbolication
0x00007fff53cbd000 	/System/Library/PrivateFrameworks/DebugSymbols.framework/Versions/A/DebugSymbols
0x00000001163cc000 	/Users/georgegarrington/Library/Java/JavaVirtualMachines/openjdk-15/Contents/Home/lib/libawt_lwawt.dylib
0x0000000116486000 	/Users/georgegarrington/Library/Java/JavaVirtualMachines/openjdk-15/Contents/Home/lib/libosxapp.dylib
0x00007fff3c26a000 	/System/Library/Frameworks/ExceptionHandling.framework/Versions/A/ExceptionHandling
0x00000001164ad000 	/Users/georgegarrington/Library/Java/JavaVirtualMachines/openjdk-15/Contents/Home/lib/libfontmanager.dylib
0x00000001165d9000 	/Users/georgegarrington/Library/Java/JavaVirtualMachines/openjdk-15/Contents/Home/lib/libfreetype.dylib
0x00007fff52fb4000 	/System/Library/PrivateFrameworks/CoreServicesInternal.framework/Versions/A/CoreServicesInternal
0x00007fff3c289000 	/System/Library/Frameworks/FileProvider.framework/Versions/A/FileProvider
0x00007fff36e1c000 	/System/Library/Frameworks/Accounts.framework/Versions/A/Accounts
0x00007fff5b38a000 	/System/Library/PrivateFrameworks/GenerationalStorage.framework/Versions/A/GenerationalStorage
0x00007fff6a1d9000 	/System/Library/PrivateFrameworks/SymptomDiagnosticReporter.framework/Versions/A/SymptomDiagnosticReporter
0x00007fff4ccf4000 	/System/Library/PrivateFrameworks/AppContainer.framework/Versions/A/AppContainer
0x00007fff72bd0000 	/usr/lib/libsandbox.1.dylib
0x00007fff6bb32000 	/System/Library/PrivateFrameworks/UserManagement.framework/Versions/A/UserManagement
0x00007fff4fa98000 	/System/Library/PrivateFrameworks/ChunkingLibrary.framework/Versions/A/ChunkingLibrary
0x00007fff4cd66000 	/System/Library/PrivateFrameworks/AppSandbox.framework/Versions/A/AppSandbox
0x00007fff677a2000 	/System/Library/PrivateFrameworks/SecCodeWrapper.framework/Versions/A/SecCodeWrapper
0x00007fff70a87000 	/usr/lib/libMatch.1.dylib
0x00007fff2ce04000 	/System/Library/CoreServices/RawCamera.bundle/Contents/MacOS/RawCamera
0x00007fff6087c000 	/System/Library/PrivateFrameworks/MobileAsset.framework/Versions/A/MobileAsset
0x00007fff6a081000 	/System/Library/PrivateFrameworks/StreamingZip.framework/Versions/A/StreamingZip
0x00007fff3599a000 	/System/Library/Frameworks/Accelerate.framework/Versions/A/Frameworks/vImage.framework/Versions/A/Libraries/libCGInterfaces.dylib
0x0000000116d89000 	/usr/lib/libobjc-trampolines.dylib
0x00007fff6c8fe000 	/System/Library/PrivateFrameworks/ViewBridge.framework/Versions/A/ViewBridge
0x00007fff448a6000 	/System/Library/Frameworks/OpenGL.framework/Versions/A/Resources/GLEngine.bundle/GLEngine
0x00007fff43c89000 	/System/Library/Frameworks/OpenGL.framework/Versions/A/Libraries/libGLProgrammability.dylib
0x00007fff3170a000 	/System/Library/Extensions/AppleIntelKBLGraphicsGLDriver.bundle/Contents/MacOS/AppleIntelKBLGraphicsGLDriver
0x00007fff5b059000 	/System/Library/PrivateFrameworks/GPUSupport.framework/Versions/A/Libraries/libGPUSupportMercury.dylib
0x00007fff44a20000 	/System/Library/Frameworks/OpenGL.framework/Versions/A/Resources/GLRendererFloat.bundle/GLRendererFloat
0x00007fff43242000 	/System/Library/Frameworks/OpenCL.framework/Versions/A/Libraries/libcldcpuengine.dylib
0x00000001337fe000 	/Users/georgegarrington/Library/Java/JavaVirtualMachines/openjdk-15/Contents/Home/lib/libosxui.dylib
0x00007fff56420000 	/System/Library/PrivateFrameworks/FontServices.framework/libTrueTypeScaler.dylib
0x00007fff32712000 	/System/Library/Extensions/AppleIntelKBLGraphicsMTLDriver.bundle/Contents/MacOS/AppleIntelKBLGraphicsMTLDriver
0x00007fff4d4e2000 	/System/Library/PrivateFrameworks/AppleGVA.framework/Versions/A/AppleGVA
0x00000001351ac000 	/System/Library/Extensions/AppleIntelKBLGraphicsVADriver.bundle/Contents/MacOS/AppleIntelKBLGraphicsVADriver
0x0000000136d31000 	/System/Library/Extensions/AppleIntelKBLGraphicsVAME.bundle/Contents/MacOS/AppleIntelKBLGraphicsVAME


VM Arguments:
jvm_args: -javaagent:/Applications/IntelliJ IDEA.app/Contents/lib/idea_rt.jar=61696:/Applications/IntelliJ IDEA.app/Contents/bin -Dfile.encoding=UTF-8 
java_command: uk.ac.soton.ecs.gg2g17.App
java_class_path (initial): /Users/georgegarrington/Documents/GitHub/compVis/chapter8FindingFaces/target/classes:/Users/georgegarrington/.m2/repository/org/openimaj/audio-processing/1.3.10/audio-processing-1.3.10.jar:/Users/georgegarrington/.m2/repository/org/openimaj/core/1.3.10/core-1.3.10.jar:/Users/georgegarrington/.m2/repository/org/openimaj/core-citation/1.3.10/core-citation-1.3.10.jar:/Users/georgegarrington/.m2/repository/org/openimaj/core-aop-support/1.3.10/core-aop-support-1.3.10.jar:/Users/georgegarrington/.m2/repository/javassist/javassist/3.12.1.GA/javassist-3.12.1.GA.jar:/Users/georgegarrington/.m2/repository/org/jbibtex/jbibtex/1.0.2/jbibtex-1.0.2.jar:/Users/georgegarrington/.m2/repository/org/jsoup/jsoup/1.6.3/jsoup-1.6.3.jar:/Users/georgegarrington/.m2/repository/net/sf/trove4j/trove4j/3.0.2/trove4j-3.0.2.jar:/Users/georgegarrington/.m2/repository/com/google/guava/guava/25.1-jre/guava-25.1-jre.jar:/Users/georgegarrington/.m2/repository/org/checkerframework/checker-qual/2.0.0/checker-qual-2.0.0.jar:/Users/georgegarrington/.m2/repository/com/google/errorprone/error_prone_annotations/2.1.3/error_prone_annotations-2.1.3.jar:/Users/georgegarrington/.m2/repository/com/google/j2objc/j2objc-annotations/1.1/j2objc-annotations-1.1.jar:/Users/georgegarrington/.m2/repository/org/codehaus/mojo/animal-sniffer-annotations/1.14/animal-sniffer-annotations-1.14.jar:/Users/georgegarrington/.m2/repository/colt/colt/1.2.0/colt-1.2.0.jar:/Users/georgegarrington/.m2/repository/concurrent/concurrent/1.3.4/concurrent-1.3.4.jar:/Users/georgegarrington/.m2/repository/org/apache/logging/log4j/log4j-core/2.11.0/log4j-core-2.11.0.jar:/Users/georgegarrington/.m2/repository/org/apache/logging/log4j/log4j-api/2.11.0/log4j-api-2.11.0.jar:/Users/georgegarrington/.m2/repository/commons-lang/commons-lang/2.6/commons-lang-2.6.jar:/Users/georgegarrington/.m2/repository/commons-io/commons-io/2.6/commons-io-2.6.jar:/Users/georgegarrington/.m2/repository/org/apache/commons/commons-vfs2/2.0
Launcher Type: SUN_STANDARD

[Global flags]
     intx CICompilerCount                          = 3                                         {product} {ergonomic}
     uint ConcGCThreads                            = 1                                         {product} {ergonomic}
     uint G1ConcRefinementThreads                  = 4                                         {product} {ergonomic}
   size_t G1HeapRegionSize                         = 1048576                                   {product} {ergonomic}
    uintx GCDrainStackTargetSize                   = 64                                        {product} {ergonomic}
   size_t InitialHeapSize                          = 134217728                                 {product} {ergonomic}
   size_t MarkStackSize                            = 4194304                                   {product} {ergonomic}
   size_t MaxHeapSize                              = 2147483648                                {product} {ergonomic}
   size_t MaxNewSize                               = 1287651328                                {product} {ergonomic}
   size_t MinHeapDeltaBytes                        = 1048576                                   {product} {ergonomic}
   size_t MinHeapSize                              = 8388608                                   {product} {ergonomic}
    uintx NonNMethodCodeHeapSize                   = 5832780                                {pd product} {ergonomic}
    uintx NonProfiledCodeHeapSize                  = 122912730                              {pd product} {ergonomic}
    uintx ProfiledCodeHeapSize                     = 122912730                              {pd product} {ergonomic}
    uintx ReservedCodeCacheSize                    = 251658240                              {pd product} {ergonomic}
     bool SegmentedCodeCache                       = true                                      {product} {ergonomic}
   size_t SoftMaxHeapSize                          = 2147483648                             {manageable} {ergonomic}
     bool UseCompressedClassPointers               = true                                 {lp64_product} {ergonomic}
     bool UseCompressedOops                        = true                                 {lp64_product} {ergonomic}
     bool UseG1GC                                  = true                                      {product} {ergonomic}
     bool UseNUMA                                  = false                                     {product} {ergonomic}
     bool UseNUMAInterleaving                      = false                                     {product} {ergonomic}

Logging:
Log output configuration:
 #0: stdout all=warning uptime,level,tags
 #1: stderr all=off uptime,level,tags

Environment Variables:
PATH=/usr/local/apache-maven-3.6.3/bin:/Users/georgegarrington/.cabal/bin:/Users/georgegarrington/.ghcup/bin:/opt/anaconda3/bin:/opt/anaconda3/condabin:/usr/local/bin:/usr/bin:/bin:/usr/sbin:/sbin
SHELL=/bin/zsh
LC_CTYPE=UTF-8

Signal Handlers:
SIGSEGV: [libjvm.dylib+0xa0c560], sa_mask[0]=11111111011111110111111111111111, sa_flags=SA_ONSTACK|SA_RESTART|SA_SIGINFO
SIGBUS: [libjvm.dylib+0xa0c560], sa_mask[0]=11111111011111110111111111111111, sa_flags=SA_RESTART|SA_SIGINFO
SIGFPE: [libjvm.dylib+0xa0c560], sa_mask[0]=11111111011111110111111111111111, sa_flags=SA_RESTART|SA_SIGINFO
SIGPIPE: [libjvm.dylib+0x82a870], sa_mask[0]=11111111011111110111111111111111, sa_flags=SA_RESTART|SA_SIGINFO
SIGXFSZ: [libjvm.dylib+0x82a870], sa_mask[0]=11111111011111110111111111111111, sa_flags=SA_RESTART|SA_SIGINFO
SIGILL: [libjvm.dylib+0xa0c560], sa_mask[0]=11111111011111110111111111111111, sa_flags=SA_RESTART|SA_SIGINFO
SIGUSR2: [libjvm.dylib+0x82b380], sa_mask[0]=00100000000000000000000000000000, sa_flags=SA_RESTART|SA_SIGINFO
SIGHUP: [libjvm.dylib+0x829a80], sa_mask[0]=11111111011111110111111111111111, sa_flags=SA_RESTART|SA_SIGINFO
SIGINT: [libjvm.dylib+0x829a80], sa_mask[0]=11111111011111110111111111111111, sa_flags=SA_RESTART|SA_SIGINFO
SIGTERM: [libjvm.dylib+0x829a80], sa_mask[0]=11111111011111110111111111111111, sa_flags=SA_RESTART|SA_SIGINFO
SIGQUIT: [libjvm.dylib+0x829a80], sa_mask[0]=11111111011111110111111111111111, sa_flags=SA_RESTART|SA_SIGINFO


---------------  S Y S T E M  ---------------

OS:uname: Darwin 19.6.0 Darwin Kernel Version 19.6.0: Mon Aug 31 22:12:52 PDT 2020; root:xnu-6153.141.2~1/RELEASE_X86_64 x86_64
OS uptime: 12 days 16:54 hours
rlimit (soft/hard): STACK 8192k/65532k , CORE 0k/infinity , NPROC 1392/2088 , NOFILE 10240/infinity , AS infinity/infinity , CPU infinity/infinity , DATA infinity/infinity , FSIZE infinity/infinity , MEMLOCK infinity/infinity , RSS infinity/infinity
load average: 2.70 2.61 2.59

CPU: total 4 (initial active 4) (2 cores per cpu, 2 threads per core) family 6 model 142 stepping 9, cmov, cx8, fxsr, mmx, sse, sse2, sse3, ssse3, sse4.1, sse4.2, popcnt, vzeroupper, avx, avx2, aes, clmul, erms, rtm, 3dnowpref, lzcnt, ht, tsc, tscinvbit, bmi1, bmi2, adx, fma, clflush, clflushopt

Memory: 4k page, physical 8388608k(216904k free), swap 2097152k(1194752k free)

vm_info: OpenJDK 64-Bit Server VM (15+36-1562) for bsd-amd64 JRE (15+36-1562), built on Aug 11 2020 21:33:19 by "mach5one" with clang 4.2.1 Compatible Apple LLVM 10.0.0 (clang-1000.11.45.5)

END.
